

 NAS Parallel Benchmarks 4.1 Parallel C++ version with OpenMP - CG Benchmark

 Size:      150000
 Iterations:    75
 Initialization time =           9.555 seconds

   iteration           ||r||                 zeta
        1       3.53110233481365e-13 1.0999944232374e+02
        2       8.05683466404890e-16 2.7392043714652e+01
        3       8.54026760120313e-16 2.8033976184027e+01
        4       8.76976978057258e-16 2.8419150755129e+01
        5       8.92921882780853e-16 2.8647167003890e+01
        6       8.97596802273660e-16 2.8781296941841e+01
        7       8.99665501196974e-16 2.8860045853735e+01
        8       9.06709201812933e-16 2.8906314557269e+01
        9       9.09419727829212e-16 2.8933564921462e+01
       10       9.10615779684793e-16 2.8949669544900e+01
       11       9.11311408846562e-16 2.8959226335375e+01
       12       9.08959058152172e-16 2.8964923348489e+01
       13       9.07091922588288e-16 2.8968335924894e+01
       14       9.14872243758141e-16 2.8970390396001e+01
       15       9.06989012292995e-16 2.8971633622837e+01
       16       9.13624767625584e-16 2.8972389860086e+01
       17       9.09807638118199e-16 2.8972852269223e+01
       18       9.12102826609687e-16 2.8973136479777e+01
       19       9.06050892166326e-16 2.8973312056929e+01
       20       9.15844431640697e-16 2.8973421066375e+01
       21       9.14986697473860e-16 2.8973489076055e+01
       22       9.13556626521485e-16 2.8973531706487e+01
       23       9.08984115376627e-16 2.8973558549726e+01
       24       9.15266377071479e-16 2.8973575525665e+01
       25       9.08981449368954e-16 2.8973586305939e+01
       26       9.02492892672839e-16 2.8973593178737e+01
       27       9.16546473690454e-16 2.8973597576737e+01
       28       9.10754149332486e-16 2.8973600400999e+01
       29       9.06196996846638e-16 2.8973602220678e+01
       30       9.09330066280541e-16 2.8973603396763e+01
       31       9.12964221779868e-16 2.8973604159115e+01
       32       9.06444671982631e-16 2.8973604654641e+01
       33       9.12665489233570e-16 2.8973604977562e+01
       34       9.12870728616349e-16 2.8973605188510e+01
       35       9.11034162184371e-16 2.8973605326624e+01
       36       9.05261912951255e-16 2.8973605417246e+01
       37       9.08260654253112e-16 2.8973605476822e+01
       38       9.09089565732383e-16 2.8973605516064e+01
       39       9.08670183171160e-16 2.8973605541957e+01
       40       9.07676550995152e-16 2.8973605559070e+01
       41       9.10234309724174e-16 2.8973605570398e+01
       42       9.08873764330315e-16 2.8973605577908e+01
       43       9.10934925341794e-16 2.8973605582893e+01
       44       9.06789474248205e-16 2.8973605586207e+01
       45       9.10543622767620e-16 2.8973605588413e+01
       46       9.05340946740488e-16 2.8973605589882e+01
       47       9.05066375138334e-16 2.8973605590863e+01
       48       9.09954907376067e-16 2.8973605591518e+01
       49       9.05822713493827e-16 2.8973605591956e+01
       50       9.09252025236481e-16 2.8973605592248e+01
       51       9.05485159862494e-16 2.8973605592445e+01
       52       9.02021106675584e-16 2.8973605592576e+01
       53       9.04397470083135e-16 2.8973605592665e+01
       54       9.09347167377918e-16 2.8973605592724e+01
       55       9.03774453929378e-16 2.8973605592763e+01
       56       9.06544432372321e-16 2.8973605592790e+01
       57       9.05186077427927e-16 2.8973605592808e+01
       58       9.05296881230628e-16 2.8973605592821e+01
       59       9.06403649843865e-16 2.8973605592828e+01
       60       9.09853255152609e-16 2.8973605592834e+01
       61       9.07554784248044e-16 2.8973605592838e+01
       62       9.06424555265439e-16 2.8973605592840e+01
       63       9.07084764774362e-16 2.8973605592842e+01
       64       9.04053807472312e-16 2.8973605592843e+01
       65       9.05772925922642e-16 2.8973605592844e+01
       66       9.09161008144752e-16 2.8973605592844e+01
       67       9.06324910163797e-16 2.8973605592845e+01
       68       9.08174860018763e-16 2.8973605592845e+01
       69       9.08172199320674e-16 2.8973605592845e+01
       70       9.01952109296750e-16 2.8973605592846e+01
       71       9.08863339847649e-16 2.8973605592845e+01
       72       9.06699214305955e-16 2.8973605592845e+01
       73       9.03885274312266e-16 2.8973605592846e+01
       74       9.05128868490152e-16 2.8973605592845e+01
       75       9.01647029555399e-16 2.8973605592846e+01
 Benchmark completed
 VERIFICATION SUCCESSFUL
 Zeta is     2.8973605592846e+01
 Error is    2.6117840638080e-14


 CG Benchmark Completed
 class_npb       =                        C
 Size            =                   150000
 Total threads   =                        6
 Iterations      =                       75
 Time in seconds =                    31.04
 Mop/s total     =                  4618.50
 Operation type  =           floating point
 Verification    =               SUCCESSFUL
 Version         =                      4.1
 Compile date    =              24 Feb 2026
 Compiler ver    =                   13.3.0
 OpenMP version  =                   201511

 Compile options:
    CC           = g++ -std=c++14
    CLINK        = $(CC)
    C_LIB        = -lm
    C_INC        = -I../common 
    CFLAGS       = -O3 -fopenmp -mcmodel=medium
    CLINKFLAGS   = -O3 -fopenmp -mcmodel=medium
    RAND         = randdp


----------------------------------------------------------------------
    NPB-CPP is developed by: 
        Dalvan Griebler
        Gabriell Araujo (Sequential Porting)
        Júnior Löff (Parallel Implementation)

    In case of questions or problems, please send an e-mail to us:
        dalvan.griebler; gabriell.araujo; junior.loff@edu.pucrs.br
----------------------------------------------------------------------


* [MAQAO] Info: Dumping samples (host platy-MS-7C02, process 16444)
* [MAQAO] Info: Dumping source info for callchain nodes (host platy-MS-7C02, process 16444)
* [MAQAO] Info: Building/writing metadata (host platy-MS-7C02)
* [MAQAO] Info: Finished collect step (host platy-MS-7C02, process 16444)


Your experiment path is /home/platy/Desktop/NPB-CG-CPP/NPB-OMP/ov_cgC_WS/tools/lprof_run_3

To display your profiling results:
##############################################################################################################################
#    LEVEL    |     REPORT     |                                           COMMAND                                           #
##############################################################################################################################
#  Functions  |  Cluster-wide  |  maqao lprof -df xp=/home/platy/Desktop/NPB-CG-CPP/NPB-OMP/ov_cgC_WS/tools/lprof_run_3      #
#  Functions  |  Per-node      |  maqao lprof -df -dn xp=/home/platy/Desktop/NPB-CG-CPP/NPB-OMP/ov_cgC_WS/tools/lprof_run_3  #
#  Functions  |  Per-process   |  maqao lprof -df -dp xp=/home/platy/Desktop/NPB-CG-CPP/NPB-OMP/ov_cgC_WS/tools/lprof_run_3  #
#  Functions  |  Per-thread    |  maqao lprof -df -dt xp=/home/platy/Desktop/NPB-CG-CPP/NPB-OMP/ov_cgC_WS/tools/lprof_run_3  #
#  Loops      |  Cluster-wide  |  maqao lprof -dl xp=/home/platy/Desktop/NPB-CG-CPP/NPB-OMP/ov_cgC_WS/tools/lprof_run_3      #
#  Loops      |  Per-node      |  maqao lprof -dl -dn xp=/home/platy/Desktop/NPB-CG-CPP/NPB-OMP/ov_cgC_WS/tools/lprof_run_3  #
#  Loops      |  Per-process   |  maqao lprof -dl -dp xp=/home/platy/Desktop/NPB-CG-CPP/NPB-OMP/ov_cgC_WS/tools/lprof_run_3  #
#  Loops      |  Per-thread    |  maqao lprof -dl -dt xp=/home/platy/Desktop/NPB-CG-CPP/NPB-OMP/ov_cgC_WS/tools/lprof_run_3  #
##############################################################################################################################

