[LPROF] OMP_WAIT_POLICY=active: disabling OMP rank reading


 NAS Parallel Benchmarks 4.1 Parallel C++ version with OpenMP - CG Benchmark

 Size:      150000
 Iterations:    75
 Initialization time =           4.545 seconds

   iteration           ||r||                 zeta
        1       1.50906592414199e-13 1.0999944232374e+02
        2       4.47538905396378e-16 2.7392043714652e+01
        3       4.44425196012319e-16 2.8033976184027e+01
        4       4.44817431688961e-16 2.8419150755129e+01
        5       4.43449570197698e-16 2.8647167003889e+01
        6       4.42739263945046e-16 2.8781296941841e+01
        7       4.44516147459277e-16 2.8860045853735e+01
        8       4.43833855262749e-16 2.8906314557269e+01
        9       4.44809315392915e-16 2.8933564921462e+01
       10       4.44512762568747e-16 2.8949669544900e+01
       11       4.45086853591104e-16 2.8959226335375e+01
       12       4.42429025636694e-16 2.8964923348489e+01
       13       4.43266077269572e-16 2.8968335924893e+01
       14       4.43352600104351e-16 2.8970390396000e+01
       15       4.43607243819544e-16 2.8971633622837e+01
       16       4.43173875437650e-16 2.8972389860085e+01
       17       4.44671069517281e-16 2.8972852269223e+01
       18       4.41703115126063e-16 2.8973136479777e+01
       19       4.42407434390402e-16 2.8973312056929e+01
       20       4.40245657377156e-16 2.8973421066375e+01
       21       4.39058019345796e-16 2.8973489076055e+01
       22       4.41653583488551e-16 2.8973531706488e+01
       23       4.40561521365306e-16 2.8973558549725e+01
       24       4.40211236102656e-16 2.8973575525664e+01
       25       4.39173276629039e-16 2.8973586305938e+01
       26       4.41239618462202e-16 2.8973593178737e+01
       27       4.41344096845461e-16 2.8973597576737e+01
       28       4.39218426998589e-16 2.8973600400999e+01
       29       4.40262367634683e-16 2.8973602220677e+01
       30       4.38967758790329e-16 2.8973603396763e+01
       31       4.38821479728065e-16 2.8973604159115e+01
       32       4.40844018662465e-16 2.8973604654641e+01
       33       4.37060602758268e-16 2.8973604977562e+01
       34       4.35392474775018e-16 2.8973605188510e+01
       35       4.38032503025768e-16 2.8973605326625e+01
       36       4.35239560482092e-16 2.8973605417245e+01
       37       4.33945033173601e-16 2.8973605476823e+01
       38       4.36612164156831e-16 2.8973605516064e+01
       39       4.34128658951962e-16 2.8973605541957e+01
       40       4.34624614217883e-16 2.8973605559070e+01
       41       4.35347228844819e-16 2.8973605570398e+01
       42       4.35543361804881e-16 2.8973605577908e+01
       43       4.36368864864996e-16 2.8973605582893e+01
       44       4.33802478251792e-16 2.8973605586207e+01
       45       4.32813329022791e-16 2.8973605588413e+01
       46       4.33777261642608e-16 2.8973605589882e+01
       47       4.32833870365870e-16 2.8973605590863e+01
       48       4.32772601609910e-16 2.8973605591518e+01
       49       4.30681794167174e-16 2.8973605591955e+01
       50       4.31384369998684e-16 2.8973605592248e+01
       51       4.31011111273035e-16 2.8973605592444e+01
       52       4.31930048190539e-16 2.8973605592576e+01
       53       4.29851716425127e-16 2.8973605592664e+01
       54       4.32709230710245e-16 2.8973605592724e+01
       55       4.30580287644632e-16 2.8973605592763e+01
       56       4.30019400708135e-16 2.8973605592790e+01
       57       4.31266997043096e-16 2.8973605592808e+01
       58       4.28946611901751e-16 2.8973605592820e+01
       59       4.30849539058125e-16 2.8973605592828e+01
       60       4.30114854571428e-16 2.8973605592834e+01
       61       4.29926994770722e-16 2.8973605592838e+01
       62       4.26457352854305e-16 2.8973605592840e+01
       63       4.29544666987851e-16 2.8973605592842e+01
       64       4.27886226954622e-16 2.8973605592843e+01
       65       4.26424626897679e-16 2.8973605592844e+01
       66       4.26591973968963e-16 2.8973605592844e+01
       67       4.25651879460814e-16 2.8973605592845e+01
       68       4.26050601994218e-16 2.8973605592845e+01
       69       4.25953250772380e-16 2.8973605592845e+01
       70       4.24416024534133e-16 2.8973605592845e+01
       71       4.27900490758788e-16 2.8973605592845e+01
       72       4.26867583469539e-16 2.8973605592845e+01
       73       4.27178365596194e-16 2.8973605592845e+01
       74       4.25130623935995e-16 2.8973605592845e+01
       75       4.24003326699801e-16 2.8973605592845e+01
 Benchmark completed
 VERIFICATION SUCCESSFUL
 Zeta is     2.8973605592845e+01
 Error is    1.2874991863842e-14


 CG Benchmark Completed
 class_npb       =                        C
 Size            =                   150000
 Total threads   =                        6
 Iterations      =                       75
 Time in seconds =                    37.07
 Mop/s total     =                  3867.45
 Operation type  =           floating point
 Verification    =               SUCCESSFUL
 Version         =                      4.1
 Compile date    =              27 Feb 2026
 Compiler ver    =                   13.3.0
 OpenMP version  =                   201511

 Compile options:
    CC           = g++ -std=c++14
    CLINK        = $(CC)
    C_LIB        = -lm
    C_INC        = -I../common 
    CFLAGS       = -O3 -fopenmp -fopenmp-simd -mcmodel=medium ...
    CLINKFLAGS   = -O3 -fopenmp -fopenmp-simd -mcmodel=medium ...
    RAND         = randdp


----------------------------------------------------------------------
    NPB-CPP is developed by: 
        Dalvan Griebler
        Gabriell Araujo (Sequential Porting)
        Júnior Löff (Parallel Implementation)

    In case of questions or problems, please send an e-mail to us:
        dalvan.griebler; gabriell.araujo; junior.loff@edu.pucrs.br
----------------------------------------------------------------------


* [MAQAO] Info: Dumping samples (host platy-MS-7C02, process 56921)
* [MAQAO] Info: Dumping source info for callchain nodes (host platy-MS-7C02, process 56921)
* [MAQAO] Info: Building/writing metadata (host platy-MS-7C02)
* [MAQAO] Info: Finished collect step (host platy-MS-7C02, process 56921)


Your experiment path is /home/platy/Desktop/NPB-CG-CPP/NPB-OMP/ov_cgC_WS/tools/lprof_run_3

To display your profiling results:
##############################################################################################################################
#    LEVEL    |     REPORT     |                                           COMMAND                                           #
##############################################################################################################################
#  Functions  |  Cluster-wide  |  maqao lprof -df xp=/home/platy/Desktop/NPB-CG-CPP/NPB-OMP/ov_cgC_WS/tools/lprof_run_3      #
#  Functions  |  Per-node      |  maqao lprof -df -dn xp=/home/platy/Desktop/NPB-CG-CPP/NPB-OMP/ov_cgC_WS/tools/lprof_run_3  #
#  Functions  |  Per-process   |  maqao lprof -df -dp xp=/home/platy/Desktop/NPB-CG-CPP/NPB-OMP/ov_cgC_WS/tools/lprof_run_3  #
#  Functions  |  Per-thread    |  maqao lprof -df -dt xp=/home/platy/Desktop/NPB-CG-CPP/NPB-OMP/ov_cgC_WS/tools/lprof_run_3  #
#  Loops      |  Cluster-wide  |  maqao lprof -dl xp=/home/platy/Desktop/NPB-CG-CPP/NPB-OMP/ov_cgC_WS/tools/lprof_run_3      #
#  Loops      |  Per-node      |  maqao lprof -dl -dn xp=/home/platy/Desktop/NPB-CG-CPP/NPB-OMP/ov_cgC_WS/tools/lprof_run_3  #
#  Loops      |  Per-process   |  maqao lprof -dl -dp xp=/home/platy/Desktop/NPB-CG-CPP/NPB-OMP/ov_cgC_WS/tools/lprof_run_3  #
#  Loops      |  Per-thread    |  maqao lprof -dl -dt xp=/home/platy/Desktop/NPB-CG-CPP/NPB-OMP/ov_cgC_WS/tools/lprof_run_3  #
##############################################################################################################################

