[LPROF] OMP_WAIT_POLICY=active: disabling OMP rank reading


 NAS Parallel Benchmarks 4.1 Parallel C++ version with OpenMP - CG Benchmark

 Size:      150000
 Iterations:    75
 Initialization time =           4.242 seconds

   iteration           ||r||                 zeta
        1       3.53202462680688e-13 1.0999944232374e+02
        2       8.03638851880232e-16 2.7392043714652e+01
        3       8.52277832049534e-16 2.8033976184027e+01
        4       8.76794451066397e-16 2.8419150755129e+01
        5       8.88412772063262e-16 2.8647167003889e+01
        6       8.94012777478992e-16 2.8781296941841e+01
        7       8.98445553320283e-16 2.8860045853735e+01
        8       9.06439113071415e-16 2.8906314557269e+01
        9       9.03898996822912e-16 2.8933564921462e+01
       10       9.11161328706185e-16 2.8949669544900e+01
       11       9.12693398917967e-16 2.8959226335375e+01
       12       9.08163027982658e-16 2.8964923348489e+01
       13       9.08533191063547e-16 2.8968335924893e+01
       14       9.10344552339316e-16 2.8970390396000e+01
       15       9.08033815690317e-16 2.8971633622837e+01
       16       9.12464056005638e-16 2.8972389860085e+01
       17       9.11206761061864e-16 2.8972852269223e+01
       18       9.08436083366383e-16 2.8973136479777e+01
       19       9.05462959681422e-16 2.8973312056929e+01
       20       9.14746703485499e-16 2.8973421066375e+01
       21       9.13743922027149e-16 2.8973489076055e+01
       22       9.10627300702711e-16 2.8973531706488e+01
       23       9.07354044741427e-16 2.8973558549725e+01
       24       9.10299336024006e-16 2.8973575525665e+01
       25       9.09467011059271e-16 2.8973586305938e+01
       26       9.04474875252839e-16 2.8973593178737e+01
       27       9.12820952011382e-16 2.8973597576737e+01
       28       9.07195458959568e-16 2.8973600400999e+01
       29       9.08841277558717e-16 2.8973602220677e+01
       30       9.10943004987396e-16 2.8973603396763e+01
       31       9.09415774556914e-16 2.8973604159115e+01
       32       9.02866081462223e-16 2.8973604654641e+01
       33       9.13024050223750e-16 2.8973604977562e+01
       34       9.10858727323197e-16 2.8973605188510e+01
       35       9.07986313396195e-16 2.8973605326625e+01
       36       9.05808275148754e-16 2.8973605417245e+01
       37       9.05947233908519e-16 2.8973605476823e+01
       38       9.06871087231251e-16 2.8973605516064e+01
       39       9.04619442067806e-16 2.8973605541957e+01
       40       9.07229014905698e-16 2.8973605559070e+01
       41       9.09934529153446e-16 2.8973605570398e+01
       42       9.08337115915784e-16 2.8973605577908e+01
       43       9.07161310566299e-16 2.8973605582893e+01
       44       9.06502540262203e-16 2.8973605586207e+01
       45       9.09599573648497e-16 2.8973605588413e+01
       46       9.05438399371768e-16 2.8973605589882e+01
       47       9.04286251406741e-16 2.8973605590863e+01
       48       9.08259882570665e-16 2.8973605591518e+01
       49       9.02343853128767e-16 2.8973605591955e+01
       50       9.10289529954779e-16 2.8973605592248e+01
       51       9.03660079714403e-16 2.8973605592444e+01
       52       9.05237590664692e-16 2.8973605592576e+01
       53       9.02408486508431e-16 2.8973605592664e+01
       54       9.06364005868378e-16 2.8973605592724e+01
       55       9.02038718551406e-16 2.8973605592763e+01
       56       9.06980193100595e-16 2.8973605592790e+01
       57       9.03544458342666e-16 2.8973605592808e+01
       58       9.03990935034190e-16 2.8973605592820e+01
       59       9.03252332302475e-16 2.8973605592828e+01
       60       9.07239397027278e-16 2.8973605592834e+01
       61       9.05933664474097e-16 2.8973605592838e+01
       62       9.07332886646191e-16 2.8973605592840e+01
       63       9.03085460483263e-16 2.8973605592842e+01
       64       9.02628594524913e-16 2.8973605592843e+01
       65       9.05909319268013e-16 2.8973605592844e+01
       66       9.04545296911055e-16 2.8973605592844e+01
       67       9.05320909372201e-16 2.8973605592845e+01
       68       9.04434424181406e-16 2.8973605592845e+01
       69       9.05723428036811e-16 2.8973605592845e+01
       70       9.01665484323602e-16 2.8973605592845e+01
       71       9.06463075273401e-16 2.8973605592845e+01
       72       9.06672188091980e-16 2.8973605592845e+01
       73       9.03315026792590e-16 2.8973605592845e+01
       74       9.05109276518770e-16 2.8973605592845e+01
       75       9.02950431833117e-16 2.8973605592845e+01
 Benchmark completed
 VERIFICATION SUCCESSFUL
 Zeta is     2.8973605592845e+01
 Error is    1.1894040102788e-14


 CG Benchmark Completed
 class_npb       =                        C
 Size            =                   150000
 Total threads   =                        6
 Iterations      =                       75
 Time in seconds =                    31.07
 Mop/s total     =                  4613.75
 Operation type  =           floating point
 Verification    =               SUCCESSFUL
 Version         =                      4.1
 Compile date    =              26 Feb 2026
 Compiler ver    =                   13.3.0
 OpenMP version  =                   201511

 Compile options:
    CC           = g++ -std=c++14
    CLINK        = $(CC)
    C_LIB        = -lm
    C_INC        = -I../common 
    CFLAGS       = -O3 -fopenmp -mcmodel=medium -g -grecord-gc...
    CLINKFLAGS   = -O3 -fopenmp -mcmodel=medium -g -fno-omit-f...
    RAND         = randdp


----------------------------------------------------------------------
    NPB-CPP is developed by: 
        Dalvan Griebler
        Gabriell Araujo (Sequential Porting)
        Júnior Löff (Parallel Implementation)

    In case of questions or problems, please send an e-mail to us:
        dalvan.griebler; gabriell.araujo; junior.loff@edu.pucrs.br
----------------------------------------------------------------------


* [MAQAO] Info: Dumping samples (host platy-MS-7C02, process 10020)
* [MAQAO] Info: Dumping source info for callchain nodes (host platy-MS-7C02, process 10020)
* [MAQAO] Info: Building/writing metadata (host platy-MS-7C02)
* [MAQAO] Info: Finished collect step (host platy-MS-7C02, process 10020)


Your experiment path is /home/platy/Desktop/NPB-CG-CPP/NPB-OMP/ov_cgC_R1_6T/tools/lprof_run_0

To display your profiling results:
#################################################################################################################################
#    LEVEL    |     REPORT     |                                            COMMAND                                             #
#################################################################################################################################
#  Functions  |  Cluster-wide  |  maqao lprof -df xp=/home/platy/Desktop/NPB-CG-CPP/NPB-OMP/ov_cgC_R1_6T/tools/lprof_run_0      #
#  Functions  |  Per-node      |  maqao lprof -df -dn xp=/home/platy/Desktop/NPB-CG-CPP/NPB-OMP/ov_cgC_R1_6T/tools/lprof_run_0  #
#  Functions  |  Per-process   |  maqao lprof -df -dp xp=/home/platy/Desktop/NPB-CG-CPP/NPB-OMP/ov_cgC_R1_6T/tools/lprof_run_0  #
#  Functions  |  Per-thread    |  maqao lprof -df -dt xp=/home/platy/Desktop/NPB-CG-CPP/NPB-OMP/ov_cgC_R1_6T/tools/lprof_run_0  #
#  Loops      |  Cluster-wide  |  maqao lprof -dl xp=/home/platy/Desktop/NPB-CG-CPP/NPB-OMP/ov_cgC_R1_6T/tools/lprof_run_0      #
#  Loops      |  Per-node      |  maqao lprof -dl -dn xp=/home/platy/Desktop/NPB-CG-CPP/NPB-OMP/ov_cgC_R1_6T/tools/lprof_run_0  #
#  Loops      |  Per-process   |  maqao lprof -dl -dp xp=/home/platy/Desktop/NPB-CG-CPP/NPB-OMP/ov_cgC_R1_6T/tools/lprof_run_0  #
#  Loops      |  Per-thread    |  maqao lprof -dl -dt xp=/home/platy/Desktop/NPB-CG-CPP/NPB-OMP/ov_cgC_R1_6T/tools/lprof_run_0  #
#################################################################################################################################

