

 NAS Parallel Benchmarks 4.1 Parallel C++ version with OpenMP - CG Benchmark

 Size:      150000
 Iterations:    75
 Initialization time =           4.158 seconds

   iteration           ||r||                 zeta
        1       3.53124876584323e-13 1.0999944232374e+02
        2       8.03560797634042e-16 2.7392043714652e+01
        3       8.52276701073259e-16 2.8033976184027e+01
        4       8.76347920179509e-16 2.8419150755129e+01
        5       8.88583116604975e-16 2.8647167003889e+01
        6       8.94008136039927e-16 2.8781296941841e+01
        7       8.97228034338387e-16 2.8860045853735e+01
        8       9.07075412757317e-16 2.8906314557269e+01
        9       9.03010512463162e-16 2.8933564921462e+01
       10       9.11838816084255e-16 2.8949669544900e+01
       11       9.12177992057895e-16 2.8959226335375e+01
       12       9.07223535303514e-16 2.8964923348489e+01
       13       9.08801719707801e-16 2.8968335924893e+01
       14       9.10631009503586e-16 2.8970390396000e+01
       15       9.08617091341211e-16 2.8971633622837e+01
       16       9.12804768748404e-16 2.8972389860085e+01
       17       9.10586847813734e-16 2.8972852269223e+01
       18       9.09829771854829e-16 2.8973136479777e+01
       19       9.06955097118203e-16 2.8973312056929e+01
       20       9.14057805990349e-16 2.8973421066375e+01
       21       9.13126117436506e-16 2.8973489076055e+01
       22       9.09292761721987e-16 2.8973531706488e+01
       23       9.07608625056614e-16 2.8973558549725e+01
       24       9.10087354902637e-16 2.8973575525665e+01
       25       9.09692858265045e-16 2.8973586305938e+01
       26       9.04579692689780e-16 2.8973593178737e+01
       27       9.13637203193580e-16 2.8973597576737e+01
       28       9.06698209958240e-16 2.8973600400999e+01
       29       9.08949255001532e-16 2.8973602220677e+01
       30       9.10107942413544e-16 2.8973603396763e+01
       31       9.08287453633566e-16 2.8973604159115e+01
       32       9.04052185817535e-16 2.8973604654641e+01
       33       9.13306064371806e-16 2.8973604977562e+01
       34       9.11892780601475e-16 2.8973605188510e+01
       35       9.07407131935211e-16 2.8973605326625e+01
       36       9.05649090957170e-16 2.8973605417245e+01
       37       9.06191657342211e-16 2.8973605476823e+01
       38       9.06316441995424e-16 2.8973605516064e+01
       39       9.04973920669278e-16 2.8973605541957e+01
       40       9.07426307934603e-16 2.8973605559070e+01
       41       9.10046532486360e-16 2.8973605570398e+01
       42       9.08598394496997e-16 2.8973605577908e+01
       43       9.07306208467813e-16 2.8973605582893e+01
       44       9.07043597844622e-16 2.8973605586207e+01
       45       9.08530452167072e-16 2.8973605588413e+01
       46       9.04401079736867e-16 2.8973605589882e+01
       47       9.05746232619808e-16 2.8973605590863e+01
       48       9.07833431767215e-16 2.8973605591518e+01
       49       9.01864354504715e-16 2.8973605591955e+01
       50       9.10094832187399e-16 2.8973605592248e+01
       51       9.02915803930181e-16 2.8973605592444e+01
       52       9.04867543319644e-16 2.8973605592576e+01
       53       9.02229936375708e-16 2.8973605592664e+01
       54       9.05815567144004e-16 2.8973605592724e+01
       55       9.01729642035469e-16 2.8973605592763e+01
       56       9.06978963469529e-16 2.8973605592790e+01
       57       9.01723652790420e-16 2.8973605592808e+01
       58       9.04351608314206e-16 2.8973605592820e+01
       59       9.04391310446082e-16 2.8973605592828e+01
       60       9.07207868066511e-16 2.8973605592834e+01
       61       9.07074884266055e-16 2.8973605592838e+01
       62       9.07050596014304e-16 2.8973605592840e+01
       63       9.03044864190838e-16 2.8973605592842e+01
       64       9.02226195890414e-16 2.8973605592843e+01
       65       9.06148496274055e-16 2.8973605592844e+01
       66       9.05450232933276e-16 2.8973605592844e+01
       67       9.05862402650687e-16 2.8973605592845e+01
       68       9.04745497585522e-16 2.8973605592845e+01
       69       9.05264867469265e-16 2.8973605592845e+01
       70       9.02038466879972e-16 2.8973605592845e+01
       71       9.07180463416970e-16 2.8973605592845e+01
       72       9.06505919873737e-16 2.8973605592845e+01
       73       9.04015337997690e-16 2.8973605592845e+01
       74       9.04670476758081e-16 2.8973605592845e+01
       75       9.03223919404106e-16 2.8973605592845e+01
 Benchmark completed
 VERIFICATION SUCCESSFUL
 Zeta is     2.8973605592845e+01
 Error is    1.1894040102788e-14


 CG Benchmark Completed
 class_npb       =                        C
 Size            =                   150000
 Total threads   =                        6
 Iterations      =                       75
 Time in seconds =                    31.35
 Mop/s total     =                  4571.94
 Operation type  =           floating point
 Verification    =               SUCCESSFUL
 Version         =                      4.1
 Compile date    =              26 Feb 2026
 Compiler ver    =                   13.3.0
 OpenMP version  =                   201511

 Compile options:
    CC           = g++ -std=c++14
    CLINK        = $(CC)
    C_LIB        = -lm
    C_INC        = -I../common 
    CFLAGS       = -O3 -fopenmp -mcmodel=medium -g -grecord-gc...
    CLINKFLAGS   = -O3 -fopenmp -mcmodel=medium -g -fno-omit-f...
    RAND         = randdp


----------------------------------------------------------------------
    NPB-CPP is developed by: 
        Dalvan Griebler
        Gabriell Araujo (Sequential Porting)
        Júnior Löff (Parallel Implementation)

    In case of questions or problems, please send an e-mail to us:
        dalvan.griebler; gabriell.araujo; junior.loff@edu.pucrs.br
----------------------------------------------------------------------


* [MAQAO] Info: Dumping samples (host platy-MS-7C02, process 5812)
* [MAQAO] Info: Dumping source info for callchain nodes (host platy-MS-7C02, process 5812)
* [MAQAO] Info: Building/writing metadata (host platy-MS-7C02)
* [MAQAO] Info: Finished collect step (host platy-MS-7C02, process 5812)


Your experiment path is /home/platy/Desktop/NPB-CG-CPP/NPB-OMP/ov_cgC_S1_6T/tools/lprof_run_0

To display your profiling results:
#################################################################################################################################
#    LEVEL    |     REPORT     |                                            COMMAND                                             #
#################################################################################################################################
#  Functions  |  Cluster-wide  |  maqao lprof -df xp=/home/platy/Desktop/NPB-CG-CPP/NPB-OMP/ov_cgC_S1_6T/tools/lprof_run_0      #
#  Functions  |  Per-node      |  maqao lprof -df -dn xp=/home/platy/Desktop/NPB-CG-CPP/NPB-OMP/ov_cgC_S1_6T/tools/lprof_run_0  #
#  Functions  |  Per-process   |  maqao lprof -df -dp xp=/home/platy/Desktop/NPB-CG-CPP/NPB-OMP/ov_cgC_S1_6T/tools/lprof_run_0  #
#  Functions  |  Per-thread    |  maqao lprof -df -dt xp=/home/platy/Desktop/NPB-CG-CPP/NPB-OMP/ov_cgC_S1_6T/tools/lprof_run_0  #
#  Loops      |  Cluster-wide  |  maqao lprof -dl xp=/home/platy/Desktop/NPB-CG-CPP/NPB-OMP/ov_cgC_S1_6T/tools/lprof_run_0      #
#  Loops      |  Per-node      |  maqao lprof -dl -dn xp=/home/platy/Desktop/NPB-CG-CPP/NPB-OMP/ov_cgC_S1_6T/tools/lprof_run_0  #
#  Loops      |  Per-process   |  maqao lprof -dl -dp xp=/home/platy/Desktop/NPB-CG-CPP/NPB-OMP/ov_cgC_S1_6T/tools/lprof_run_0  #
#  Loops      |  Per-thread    |  maqao lprof -dl -dt xp=/home/platy/Desktop/NPB-CG-CPP/NPB-OMP/ov_cgC_S1_6T/tools/lprof_run_0  #
#################################################################################################################################

