[LPROF] OMP_WAIT_POLICY=active: disabling OMP rank reading


 NAS Parallel Benchmarks 4.1 Parallel C++ version with OpenMP - CG Benchmark

 Size:      150000
 Iterations:    75
 Initialization time =           4.078 seconds

   iteration           ||r||                 zeta
        1       1.91706392483067e-13 1.0999944232374e+02
        2       5.57928373211536e-16 2.7392043714652e+01
        3       5.54177592853312e-16 2.8033976184027e+01
        4       5.55811736331249e-16 2.8419150755129e+01
        5       5.53920884732410e-16 2.8647167003889e+01
        6       5.54010771036211e-16 2.8781296941841e+01
        7       5.56494909740104e-16 2.8860045853735e+01
        8       5.56565050127976e-16 2.8906314557269e+01
        9       5.61076344840319e-16 2.8933564921462e+01
       10       5.61101126355114e-16 2.8949669544900e+01
       11       5.57714385279801e-16 2.8959226335375e+01
       12       5.59240542663301e-16 2.8964923348489e+01
       13       5.56745530033317e-16 2.8968335924893e+01
       14       5.58548282434477e-16 2.8970390396000e+01
       15       5.58592766963154e-16 2.8971633622837e+01
       16       5.58259457195740e-16 2.8972389860085e+01
       17       5.57049251181325e-16 2.8972852269223e+01
       18       5.57744008210064e-16 2.8973136479777e+01
       19       5.56870385599121e-16 2.8973312056929e+01
       20       5.58100455977929e-16 2.8973421066375e+01
       21       5.54100742864344e-16 2.8973489076055e+01
       22       5.56355674046836e-16 2.8973531706488e+01
       23       5.54715267844450e-16 2.8973558549725e+01
       24       5.53605260673021e-16 2.8973575525664e+01
       25       5.53002341296744e-16 2.8973586305938e+01
       26       5.52788520450546e-16 2.8973593178737e+01
       27       5.55319951810099e-16 2.8973597576737e+01
       28       5.53433978528468e-16 2.8973600400999e+01
       29       5.57062540109298e-16 2.8973602220677e+01
       30       5.55352154491226e-16 2.8973603396763e+01
       31       5.54904507832743e-16 2.8973604159115e+01
       32       5.54994401624792e-16 2.8973604654641e+01
       33       5.52090143605840e-16 2.8973604977562e+01
       34       5.51486651545051e-16 2.8973605188510e+01
       35       5.51702608246393e-16 2.8973605326625e+01
       36       5.51586332172276e-16 2.8973605417245e+01
       37       5.53155709568692e-16 2.8973605476823e+01
       38       5.53291494143958e-16 2.8973605516064e+01
       39       5.50870328675985e-16 2.8973605541957e+01
       40       5.50944947607777e-16 2.8973605559070e+01
       41       5.49274219760099e-16 2.8973605570398e+01
       42       5.52628235627794e-16 2.8973605577908e+01
       43       5.48751070581732e-16 2.8973605582893e+01
       44       5.51649656641410e-16 2.8973605586207e+01
       45       5.50241039754376e-16 2.8973605588413e+01
       46       5.50852582462674e-16 2.8973605589882e+01
       47       5.50013644932876e-16 2.8973605590863e+01
       48       5.51181192130645e-16 2.8973605591518e+01
       49       5.48651502860667e-16 2.8973605591955e+01
       50       5.52176311087602e-16 2.8973605592248e+01
       51       5.48070790095627e-16 2.8973605592444e+01
       52       5.47688602155017e-16 2.8973605592576e+01
       53       5.49666967798267e-16 2.8973605592664e+01
       54       5.48908942696717e-16 2.8973605592724e+01
       55       5.49799285134779e-16 2.8973605592763e+01
       56       5.48966924381555e-16 2.8973605592790e+01
       57       5.46167358241974e-16 2.8973605592808e+01
       58       5.44712925736059e-16 2.8973605592820e+01
       59       5.47776045446645e-16 2.8973605592828e+01
       60       5.48646599156394e-16 2.8973605592834e+01
       61       5.46798105368063e-16 2.8973605592838e+01
       62       5.45777923257666e-16 2.8973605592840e+01
       63       5.45821525790619e-16 2.8973605592842e+01
       64       5.45096069229787e-16 2.8973605592843e+01
       65       5.46616761705712e-16 2.8973605592844e+01
       66       5.45228001488272e-16 2.8973605592844e+01
       67       5.45582545713342e-16 2.8973605592845e+01
       68       5.47844886889362e-16 2.8973605592845e+01
       69       5.47535420016564e-16 2.8973605592845e+01
       70       5.47127406563222e-16 2.8973605592845e+01
       71       5.44255485004583e-16 2.8973605592845e+01
       72       5.43533678167131e-16 2.8973605592845e+01
       73       5.43963476507171e-16 2.8973605592845e+01
       74       5.44808835986475e-16 2.8973605592845e+01
       75       5.42922217092200e-16 2.8973605592845e+01
 Benchmark completed
 VERIFICATION SUCCESSFUL
 Zeta is     2.8973605592845e+01
 Error is    1.1894040102788e-14


 CG Benchmark Completed
 class_npb       =                        C
 Size            =                   150000
 Total threads   =                        6
 Iterations      =                       75
 Time in seconds =                    30.62
 Mop/s total     =                  4681.98
 Operation type  =           floating point
 Verification    =               SUCCESSFUL
 Version         =                      4.1
 Compile date    =              26 Feb 2026
 Compiler ver    =                   13.3.0
 OpenMP version  =                   201511

 Compile options:
    CC           = g++ -std=c++14
    CLINK        = $(CC)
    C_LIB        = -lm
    C_INC        = -I../common 
    CFLAGS       = -O3 -fopenmp -mcmodel=medium -g -grecord-gc...
    CLINKFLAGS   = -O3 -fopenmp -mcmodel=medium -g -fno-omit-f...
    RAND         = randdp


----------------------------------------------------------------------
    NPB-CPP is developed by: 
        Dalvan Griebler
        Gabriell Araujo (Sequential Porting)
        Júnior Löff (Parallel Implementation)

    In case of questions or problems, please send an e-mail to us:
        dalvan.griebler; gabriell.araujo; junior.loff@edu.pucrs.br
----------------------------------------------------------------------


* [MAQAO] Info: Dumping samples (host platy-MS-7C02, process 17846)
* [MAQAO] Info: Dumping source info for callchain nodes (host platy-MS-7C02, process 17846)
* [MAQAO] Info: Building/writing metadata (host platy-MS-7C02)
* [MAQAO] Info: Finished collect step (host platy-MS-7C02, process 17846)


Your experiment path is /home/platy/Desktop/NPB-CG-CPP/NPB-OMP/ov_cgC_R1_6T/tools/lprof_run_0

To display your profiling results:
#################################################################################################################################
#    LEVEL    |     REPORT     |                                            COMMAND                                             #
#################################################################################################################################
#  Functions  |  Cluster-wide  |  maqao lprof -df xp=/home/platy/Desktop/NPB-CG-CPP/NPB-OMP/ov_cgC_R1_6T/tools/lprof_run_0      #
#  Functions  |  Per-node      |  maqao lprof -df -dn xp=/home/platy/Desktop/NPB-CG-CPP/NPB-OMP/ov_cgC_R1_6T/tools/lprof_run_0  #
#  Functions  |  Per-process   |  maqao lprof -df -dp xp=/home/platy/Desktop/NPB-CG-CPP/NPB-OMP/ov_cgC_R1_6T/tools/lprof_run_0  #
#  Functions  |  Per-thread    |  maqao lprof -df -dt xp=/home/platy/Desktop/NPB-CG-CPP/NPB-OMP/ov_cgC_R1_6T/tools/lprof_run_0  #
#  Loops      |  Cluster-wide  |  maqao lprof -dl xp=/home/platy/Desktop/NPB-CG-CPP/NPB-OMP/ov_cgC_R1_6T/tools/lprof_run_0      #
#  Loops      |  Per-node      |  maqao lprof -dl -dn xp=/home/platy/Desktop/NPB-CG-CPP/NPB-OMP/ov_cgC_R1_6T/tools/lprof_run_0  #
#  Loops      |  Per-process   |  maqao lprof -dl -dp xp=/home/platy/Desktop/NPB-CG-CPP/NPB-OMP/ov_cgC_R1_6T/tools/lprof_run_0  #
#  Loops      |  Per-thread    |  maqao lprof -dl -dt xp=/home/platy/Desktop/NPB-CG-CPP/NPB-OMP/ov_cgC_R1_6T/tools/lprof_run_0  #
#################################################################################################################################

