

 NAS Parallel Benchmarks 4.1 Parallel C++ version with OpenMP - CG Benchmark

 Size:      150000
 Iterations:    75
 Initialization time =           9.199 seconds

   iteration           ||r||                 zeta
        1       1.56977919398700e-13 1.0999944232374e+02
        2       4.51377831865069e-16 2.7392043714652e+01
        3       4.48991146222684e-16 2.8033976184027e+01
        4       4.48981773401557e-16 2.8419150755129e+01
        5       4.48192996082854e-16 2.8647167003889e+01
        6       4.49822898798622e-16 2.8781296941841e+01
        7       4.48771488013739e-16 2.8860045853735e+01
        8       4.50535346820459e-16 2.8906314557269e+01
        9       4.49801061397433e-16 2.8933564921462e+01
       10       4.50269511407283e-16 2.8949669544900e+01
       11       4.49260403650018e-16 2.8959226335375e+01
       12       4.51186640458813e-16 2.8964923348489e+01
       13       4.50015208349358e-16 2.8968335924893e+01
       14       4.50587847122121e-16 2.8970390396000e+01
       15       4.48410317026718e-16 2.8971633622837e+01
       16       4.49956909370276e-16 2.8972389860085e+01
       17       4.47986494499524e-16 2.8972852269223e+01
       18       4.48910551240876e-16 2.8973136479778e+01
       19       4.47590018083038e-16 2.8973312056929e+01
       20       4.46791824095621e-16 2.8973421066375e+01
       21       4.47690224688618e-16 2.8973489076055e+01
       22       4.49025726443789e-16 2.8973531706488e+01
       23       4.46509997333647e-16 2.8973558549725e+01
       24       4.45962923938889e-16 2.8973575525665e+01
       25       4.47211064313427e-16 2.8973586305938e+01
       26       4.44949654924125e-16 2.8973593178737e+01
       27       4.45009600450963e-16 2.8973597576737e+01
       28       4.44822813567145e-16 2.8973600400999e+01
       29       4.45832740568981e-16 2.8973602220677e+01
       30       4.45527251956170e-16 2.8973603396763e+01
       31       4.47852407785959e-16 2.8973604159115e+01
       32       4.43945367970264e-16 2.8973604654641e+01
       33       4.43410990325444e-16 2.8973604977562e+01
       34       4.42929827227886e-16 2.8973605188510e+01
       35       4.45165105823629e-16 2.8973605326625e+01
       36       4.43922600964991e-16 2.8973605417245e+01
       37       4.43865629514544e-16 2.8973605476823e+01
       38       4.42155854903625e-16 2.8973605516064e+01
       39       4.41969214236285e-16 2.8973605541957e+01
       40       4.40991900072666e-16 2.8973605559070e+01
       41       4.41277304321527e-16 2.8973605570398e+01
       42       4.42602965118100e-16 2.8973605577908e+01
       43       4.43119292217233e-16 2.8973605582893e+01
       44       4.41730927921893e-16 2.8973605586207e+01
       45       4.43165268998793e-16 2.8973605588413e+01
       46       4.40866497207387e-16 2.8973605589883e+01
       47       4.38645708283682e-16 2.8973605590863e+01
       48       4.39943639498054e-16 2.8973605591518e+01
       49       4.39318538843755e-16 2.8973605591956e+01
       50       4.38965542855307e-16 2.8973605592248e+01
       51       4.37872910087148e-16 2.8973605592445e+01
       52       4.38841812666412e-16 2.8973605592576e+01
       53       4.40251427231181e-16 2.8973605592664e+01
       54       4.38943038096007e-16 2.8973605592724e+01
       55       4.38418312131207e-16 2.8973605592763e+01
       56       4.35389573270358e-16 2.8973605592790e+01
       57       4.38004133334044e-16 2.8973605592808e+01
       58       4.36870972200152e-16 2.8973605592820e+01
       59       4.37663608991085e-16 2.8973605592828e+01
       60       4.35695554842775e-16 2.8973605592834e+01
       61       4.37113401229500e-16 2.8973605592838e+01
       62       4.33454122525431e-16 2.8973605592840e+01
       63       4.34065425942345e-16 2.8973605592842e+01
       64       4.31790562789260e-16 2.8973605592843e+01
       65       4.30984676157779e-16 2.8973605592844e+01
       66       4.35899902741144e-16 2.8973605592845e+01
       67       4.31322443109891e-16 2.8973605592845e+01
       68       4.32057771908013e-16 2.8973605592845e+01
       69       4.32611058924589e-16 2.8973605592845e+01
       70       4.33802907576896e-16 2.8973605592845e+01
       71       4.34164659843420e-16 2.8973605592845e+01
       72       4.31899231292369e-16 2.8973605592845e+01
       73       4.32389499616163e-16 2.8973605592845e+01
       74       4.31639007288920e-16 2.8973605592845e+01
       75       4.32288390684572e-16 2.8973605592845e+01
 Benchmark completed
 VERIFICATION SUCCESSFUL
 Zeta is     2.8973605592845e+01
 Error is    1.5327371266479e-14


 CG Benchmark Completed
 class_npb       =                        C
 Size            =                   150000
 Total threads   =                        6
 Iterations      =                       75
 Time in seconds =                    32.26
 Mop/s total     =                  4443.27
 Operation type  =           floating point
 Verification    =               SUCCESSFUL
 Version         =                      4.1
 Compile date    =              24 Feb 2026
 Compiler ver    =                   13.3.0
 OpenMP version  =                   201511

 Compile options:
    CC           = g++ -std=c++14
    CLINK        = $(CC)
    C_LIB        = -lm
    C_INC        = -I../common 
    CFLAGS       = -O3 -fopenmp -mcmodel=medium -g -grecord-gc...
    CLINKFLAGS   = -O3 -fopenmp -mcmodel=medium -g -fno-omit-f...
    RAND         = randdp


----------------------------------------------------------------------
    NPB-CPP is developed by: 
        Dalvan Griebler
        Gabriell Araujo (Sequential Porting)
        Júnior Löff (Parallel Implementation)

    In case of questions or problems, please send an e-mail to us:
        dalvan.griebler; gabriell.araujo; junior.loff@edu.pucrs.br
----------------------------------------------------------------------


* [MAQAO] Info: Dumping samples (host platy-MS-7C02, process 21914)
* [MAQAO] Info: Dumping source info for callchain nodes (host platy-MS-7C02, process 21914)
* [MAQAO] Info: Building/writing metadata (host platy-MS-7C02)
* [MAQAO] Info: Finished collect step (host platy-MS-7C02, process 21914)


Your experiment path is /home/platy/Desktop/NPB-CG-CPP/NPB-OMP/ov_cgC_S1_6T/tools/lprof_run_0

To display your profiling results:
#################################################################################################################################
#    LEVEL    |     REPORT     |                                            COMMAND                                             #
#################################################################################################################################
#  Functions  |  Cluster-wide  |  maqao lprof -df xp=/home/platy/Desktop/NPB-CG-CPP/NPB-OMP/ov_cgC_S1_6T/tools/lprof_run_0      #
#  Functions  |  Per-node      |  maqao lprof -df -dn xp=/home/platy/Desktop/NPB-CG-CPP/NPB-OMP/ov_cgC_S1_6T/tools/lprof_run_0  #
#  Functions  |  Per-process   |  maqao lprof -df -dp xp=/home/platy/Desktop/NPB-CG-CPP/NPB-OMP/ov_cgC_S1_6T/tools/lprof_run_0  #
#  Functions  |  Per-thread    |  maqao lprof -df -dt xp=/home/platy/Desktop/NPB-CG-CPP/NPB-OMP/ov_cgC_S1_6T/tools/lprof_run_0  #
#  Loops      |  Cluster-wide  |  maqao lprof -dl xp=/home/platy/Desktop/NPB-CG-CPP/NPB-OMP/ov_cgC_S1_6T/tools/lprof_run_0      #
#  Loops      |  Per-node      |  maqao lprof -dl -dn xp=/home/platy/Desktop/NPB-CG-CPP/NPB-OMP/ov_cgC_S1_6T/tools/lprof_run_0  #
#  Loops      |  Per-process   |  maqao lprof -dl -dp xp=/home/platy/Desktop/NPB-CG-CPP/NPB-OMP/ov_cgC_S1_6T/tools/lprof_run_0  #
#  Loops      |  Per-thread    |  maqao lprof -dl -dt xp=/home/platy/Desktop/NPB-CG-CPP/NPB-OMP/ov_cgC_S1_6T/tools/lprof_run_0  #
#################################################################################################################################

