

 NAS Parallel Benchmarks 4.1 Parallel C++ version with OpenMP - CG Benchmark

 Size:      150000
 Iterations:    75
 Initialization time =           9.755 seconds

   iteration           ||r||                 zeta
        1       1.56954361544234e-13 1.0999944232374e+02
        2       4.50012814986771e-16 2.7392043714653e+01
        3       4.48043711004534e-16 2.8033976184027e+01
        4       4.48649933219998e-16 2.8419150755129e+01
        5       4.48316510186244e-16 2.8647167003890e+01
        6       4.48044301317596e-16 2.8781296941842e+01
        7       4.48561051632383e-16 2.8860045853735e+01
        8       4.49444806867419e-16 2.8906314557269e+01
        9       4.51223742223697e-16 2.8933564921462e+01
       10       4.49704082034489e-16 2.8949669544900e+01
       11       4.47722570341480e-16 2.8959226335376e+01
       12       4.51222814146883e-16 2.8964923348489e+01
       13       4.48944303889063e-16 2.8968335924893e+01
       14       4.50680205542540e-16 2.8970390396001e+01
       15       4.50191124829545e-16 2.8971633622837e+01
       16       4.49102519404373e-16 2.8972389860085e+01
       17       4.49061120388958e-16 2.8972852269222e+01
       18       4.46429834867438e-16 2.8973136479777e+01
       19       4.46076200319954e-16 2.8973312056929e+01
       20       4.47199907012506e-16 2.8973421066374e+01
       21       4.47991152807286e-16 2.8973489076055e+01
       22       4.49762891582075e-16 2.8973531706487e+01
       23       4.47058595170544e-16 2.8973558549725e+01
       24       4.45289923424280e-16 2.8973575525665e+01
       25       4.47045640274459e-16 2.8973586305938e+01
       26       4.44556817845540e-16 2.8973593178737e+01
       27       4.44715030639980e-16 2.8973597576737e+01
       28       4.45733970668613e-16 2.8973600400999e+01
       29       4.47070578484951e-16 2.8973602220678e+01
       30       4.45795398608426e-16 2.8973603396764e+01
       31       4.46429822524782e-16 2.8973604159115e+01
       32       4.43326947301425e-16 2.8973604654641e+01
       33       4.43137561148247e-16 2.8973604977562e+01
       34       4.42114459310562e-16 2.8973605188510e+01
       35       4.44946166005106e-16 2.8973605326625e+01
       36       4.44611612078518e-16 2.8973605417245e+01
       37       4.43970723581868e-16 2.8973605476822e+01
       38       4.41083302125351e-16 2.8973605516064e+01
       39       4.42159900038212e-16 2.8973605541957e+01
       40       4.42735837259430e-16 2.8973605559070e+01
       41       4.41910661774291e-16 2.8973605570398e+01
       42       4.43488390234449e-16 2.8973605577908e+01
       43       4.42366376231686e-16 2.8973605582894e+01
       44       4.40810618279115e-16 2.8973605586207e+01
       45       4.41881435422219e-16 2.8973605588413e+01
       46       4.41478699989320e-16 2.8973605589882e+01
       47       4.40754339716776e-16 2.8973605590863e+01
       48       4.40244097876514e-16 2.8973605591517e+01
       49       4.40375581343182e-16 2.8973605591956e+01
       50       4.37146177397532e-16 2.8973605592248e+01
       51       4.38466365273723e-16 2.8973605592445e+01
       52       4.37849870117988e-16 2.8973605592576e+01
       53       4.39508851841214e-16 2.8973605592664e+01
       54       4.40483416184687e-16 2.8973605592724e+01
       55       4.38569453894887e-16 2.8973605592763e+01
       56       4.35732195132581e-16 2.8973605592790e+01
       57       4.37875124001332e-16 2.8973605592808e+01
       58       4.36160407703380e-16 2.8973605592821e+01
       59       4.37649894206595e-16 2.8973605592828e+01
       60       4.36144953578310e-16 2.8973605592834e+01
       61       4.35457001469477e-16 2.8973605592838e+01
       62       4.34294474500200e-16 2.8973605592840e+01
       63       4.34835700795605e-16 2.8973605592842e+01
       64       4.33456396297691e-16 2.8973605592844e+01
       65       4.30813842660077e-16 2.8973605592844e+01
       66       4.34989654747713e-16 2.8973605592844e+01
       67       4.31864421218990e-16 2.8973605592845e+01
       68       4.33652397588196e-16 2.8973605592846e+01
       69       4.33945478441480e-16 2.8973605592844e+01
       70       4.33456403924936e-16 2.8973605592845e+01
       71       4.33784255676785e-16 2.8973605592845e+01
       72       4.31531719534444e-16 2.8973605592846e+01
       73       4.31872067155324e-16 2.8973605592846e+01
       74       4.31180873247635e-16 2.8973605592845e+01
       75       4.31958219821139e-16 2.8973605592846e+01
 Benchmark completed
 VERIFICATION SUCCESSFUL
 Zeta is     2.8973605592846e+01
 Error is    2.9551171801771e-14


 CG Benchmark Completed
 class_npb       =                        C
 Size            =                   150000
 Total threads   =                        1
 Iterations      =                       75
 Time in seconds =                   124.60
 Mop/s total     =                  1150.48
 Operation type  =           floating point
 Verification    =               SUCCESSFUL
 Version         =                      4.1
 Compile date    =              24 Feb 2026
 Compiler ver    =                   13.3.0
 OpenMP version  =                   201511

 Compile options:
    CC           = g++ -std=c++14
    CLINK        = $(CC)
    C_LIB        = -lm
    C_INC        = -I../common 
    CFLAGS       = -O3 -fopenmp -mcmodel=medium -g -grecord-gc...
    CLINKFLAGS   = -O3 -fopenmp -mcmodel=medium -g -fno-omit-f...
    RAND         = randdp


----------------------------------------------------------------------
    NPB-CPP is developed by: 
        Dalvan Griebler
        Gabriell Araujo (Sequential Porting)
        Júnior Löff (Parallel Implementation)

    In case of questions or problems, please send an e-mail to us:
        dalvan.griebler; gabriell.araujo; junior.loff@edu.pucrs.br
----------------------------------------------------------------------


* [MAQAO] Info: Dumping samples (host platy-MS-7C02, process 22017)
* [MAQAO] Info: Dumping source info for callchain nodes (host platy-MS-7C02, process 22017)
* [MAQAO] Info: Building/writing metadata (host platy-MS-7C02)
* [MAQAO] Info: Finished collect step (host platy-MS-7C02, process 22017)


Your experiment path is /home/platy/Desktop/NPB-CG-CPP/NPB-OMP/ov_cgC_WS/tools/lprof_run_0

To display your profiling results:
##############################################################################################################################
#    LEVEL    |     REPORT     |                                           COMMAND                                           #
##############################################################################################################################
#  Functions  |  Cluster-wide  |  maqao lprof -df xp=/home/platy/Desktop/NPB-CG-CPP/NPB-OMP/ov_cgC_WS/tools/lprof_run_0      #
#  Functions  |  Per-node      |  maqao lprof -df -dn xp=/home/platy/Desktop/NPB-CG-CPP/NPB-OMP/ov_cgC_WS/tools/lprof_run_0  #
#  Functions  |  Per-process   |  maqao lprof -df -dp xp=/home/platy/Desktop/NPB-CG-CPP/NPB-OMP/ov_cgC_WS/tools/lprof_run_0  #
#  Functions  |  Per-thread    |  maqao lprof -df -dt xp=/home/platy/Desktop/NPB-CG-CPP/NPB-OMP/ov_cgC_WS/tools/lprof_run_0  #
#  Loops      |  Cluster-wide  |  maqao lprof -dl xp=/home/platy/Desktop/NPB-CG-CPP/NPB-OMP/ov_cgC_WS/tools/lprof_run_0      #
#  Loops      |  Per-node      |  maqao lprof -dl -dn xp=/home/platy/Desktop/NPB-CG-CPP/NPB-OMP/ov_cgC_WS/tools/lprof_run_0  #
#  Loops      |  Per-process   |  maqao lprof -dl -dp xp=/home/platy/Desktop/NPB-CG-CPP/NPB-OMP/ov_cgC_WS/tools/lprof_run_0  #
#  Loops      |  Per-thread    |  maqao lprof -dl -dt xp=/home/platy/Desktop/NPB-CG-CPP/NPB-OMP/ov_cgC_WS/tools/lprof_run_0  #
##############################################################################################################################

