[LPROF] OMP_WAIT_POLICY=active: disabling OMP rank reading


 NAS Parallel Benchmarks 4.1 Parallel C++ version with OpenMP - CG Benchmark

 Size:      150000
 Iterations:    75
 Initialization time =           4.601 seconds

   iteration           ||r||                 zeta
        1       3.53243936155684e-13 1.0999944232374e+02
        2       8.02776557772067e-16 2.7392043714652e+01
        3       8.51709423851674e-16 2.8033976184027e+01
        4       8.75539568294105e-16 2.8419150755129e+01
        5       8.88798185261060e-16 2.8647167003890e+01
        6       8.95802596415985e-16 2.8781296941841e+01
        7       8.97885549210135e-16 2.8860045853734e+01
        8       9.07961696328284e-16 2.8906314557269e+01
        9       9.04102071804104e-16 2.8933564921462e+01
       10       9.11375019319963e-16 2.8949669544900e+01
       11       9.12017066754678e-16 2.8959226335375e+01
       12       9.06367629170669e-16 2.8964923348489e+01
       13       9.07507637778782e-16 2.8968335924893e+01
       14       9.11711480149994e-16 2.8970390396000e+01
       15       9.08427451697738e-16 2.8971633622837e+01
       16       9.13010776274556e-16 2.8972389860085e+01
       17       9.09652660229556e-16 2.8972852269223e+01
       18       9.08328903089710e-16 2.8973136479777e+01
       19       9.05697522553897e-16 2.8973312056929e+01
       20       9.13862126722991e-16 2.8973421066375e+01
       21       9.12773857814098e-16 2.8973489076055e+01
       22       9.10160414525002e-16 2.8973531706487e+01
       23       9.06079160468417e-16 2.8973558549725e+01
       24       9.11278337401376e-16 2.8973575525665e+01
       25       9.10519000606497e-16 2.8973586305938e+01
       26       9.04775560609248e-16 2.8973593178737e+01
       27       9.12648128313593e-16 2.8973597576737e+01
       28       9.08166774756838e-16 2.8973600400999e+01
       29       9.09106251121746e-16 2.8973602220677e+01
       30       9.10522678783566e-16 2.8973603396763e+01
       31       9.08576115131644e-16 2.8973604159115e+01
       32       9.04436066270933e-16 2.8973604654641e+01
       33       9.13297175861877e-16 2.8973604977562e+01
       34       9.10912750306347e-16 2.8973605188510e+01
       35       9.07677283107688e-16 2.8973605326625e+01
       36       9.05565851933972e-16 2.8973605417245e+01
       37       9.06008473665936e-16 2.8973605476822e+01
       38       9.06354837714074e-16 2.8973605516064e+01
       39       9.04096341247862e-16 2.8973605541957e+01
       40       9.06717240112308e-16 2.8973605559070e+01
       41       9.09043505065565e-16 2.8973605570398e+01
       42       9.07837553783623e-16 2.8973605577907e+01
       43       9.08476812364993e-16 2.8973605582893e+01
       44       9.06893238360246e-16 2.8973605586207e+01
       45       9.10152105142192e-16 2.8973605588413e+01
       46       9.05473417632125e-16 2.8973605589882e+01
       47       9.05341178829392e-16 2.8973605590863e+01
       48       9.08513799870773e-16 2.8973605591518e+01
       49       9.03577423791716e-16 2.8973605591955e+01
       50       9.11491595556684e-16 2.8973605592248e+01
       51       9.03195806580006e-16 2.8973605592445e+01
       52       9.04337761875145e-16 2.8973605592576e+01
       53       9.02556803534212e-16 2.8973605592664e+01
       54       9.05624001489929e-16 2.8973605592723e+01
       55       9.01391585858430e-16 2.8973605592763e+01
       56       9.07270485995015e-16 2.8973605592790e+01
       57       9.02850578662753e-16 2.8973605592808e+01
       58       9.04699578748182e-16 2.8973605592821e+01
       59       9.03908427219800e-16 2.8973605592828e+01
       60       9.07168692108828e-16 2.8973605592834e+01
       61       9.07302113188264e-16 2.8973605592838e+01
       62       9.06173425283715e-16 2.8973605592840e+01
       63       9.03589114231847e-16 2.8973605592842e+01
       64       9.00815557100412e-16 2.8973605592843e+01
       65       9.04635137890704e-16 2.8973605592844e+01
       66       9.06382902405954e-16 2.8973605592844e+01
       67       9.04923444612479e-16 2.8973605592845e+01
       68       9.05354339227872e-16 2.8973605592845e+01
       69       9.04838480427668e-16 2.8973605592845e+01
       70       9.03103900907317e-16 2.8973605592845e+01
       71       9.06250794692561e-16 2.8973605592845e+01
       72       9.06591409319121e-16 2.8973605592845e+01
       73       9.04136104968978e-16 2.8973605592846e+01
       74       9.05000713467279e-16 2.8973605592845e+01
       75       9.04959159064263e-16 2.8973605592846e+01
 Benchmark completed
 VERIFICATION SUCCESSFUL
 Zeta is     2.8973605592846e+01
 Error is    1.9741654191225e-14


 CG Benchmark Completed
 class_npb       =                        C
 Size            =                   150000
 Total threads   =                        2
 Iterations      =                       75
 Time in seconds =                    62.75
 Mop/s total     =                  2284.27
 Operation type  =           floating point
 Verification    =               SUCCESSFUL
 Version         =                      4.1
 Compile date    =              26 Feb 2026
 Compiler ver    =                   13.3.0
 OpenMP version  =                   201511

 Compile options:
    CC           = g++ -std=c++14
    CLINK        = $(CC)
    C_LIB        = -lm
    C_INC        = -I../common 
    CFLAGS       = -O3 -fopenmp -mcmodel=medium -g -grecord-gc...
    CLINKFLAGS   = -O3 -fopenmp -mcmodel=medium -g -fno-omit-f...
    RAND         = randdp


----------------------------------------------------------------------
    NPB-CPP is developed by: 
        Dalvan Griebler
        Gabriell Araujo (Sequential Porting)
        Júnior Löff (Parallel Implementation)

    In case of questions or problems, please send an e-mail to us:
        dalvan.griebler; gabriell.araujo; junior.loff@edu.pucrs.br
----------------------------------------------------------------------


* [MAQAO] Info: Dumping samples (host platy-MS-7C02, process 10301)
* [MAQAO] Info: Dumping source info for callchain nodes (host platy-MS-7C02, process 10301)
* [MAQAO] Info: Building/writing metadata (host platy-MS-7C02)
* [MAQAO] Info: Finished collect step (host platy-MS-7C02, process 10301)


Your experiment path is /home/platy/Desktop/NPB-CG-CPP/NPB-OMP/ov_cgC_WS/tools/lprof_run_1

To display your profiling results:
##############################################################################################################################
#    LEVEL    |     REPORT     |                                           COMMAND                                           #
##############################################################################################################################
#  Functions  |  Cluster-wide  |  maqao lprof -df xp=/home/platy/Desktop/NPB-CG-CPP/NPB-OMP/ov_cgC_WS/tools/lprof_run_1      #
#  Functions  |  Per-node      |  maqao lprof -df -dn xp=/home/platy/Desktop/NPB-CG-CPP/NPB-OMP/ov_cgC_WS/tools/lprof_run_1  #
#  Functions  |  Per-process   |  maqao lprof -df -dp xp=/home/platy/Desktop/NPB-CG-CPP/NPB-OMP/ov_cgC_WS/tools/lprof_run_1  #
#  Functions  |  Per-thread    |  maqao lprof -df -dt xp=/home/platy/Desktop/NPB-CG-CPP/NPB-OMP/ov_cgC_WS/tools/lprof_run_1  #
#  Loops      |  Cluster-wide  |  maqao lprof -dl xp=/home/platy/Desktop/NPB-CG-CPP/NPB-OMP/ov_cgC_WS/tools/lprof_run_1      #
#  Loops      |  Per-node      |  maqao lprof -dl -dn xp=/home/platy/Desktop/NPB-CG-CPP/NPB-OMP/ov_cgC_WS/tools/lprof_run_1  #
#  Loops      |  Per-process   |  maqao lprof -dl -dp xp=/home/platy/Desktop/NPB-CG-CPP/NPB-OMP/ov_cgC_WS/tools/lprof_run_1  #
#  Loops      |  Per-thread    |  maqao lprof -dl -dt xp=/home/platy/Desktop/NPB-CG-CPP/NPB-OMP/ov_cgC_WS/tools/lprof_run_1  #
##############################################################################################################################

