[LPROF] OMP_WAIT_POLICY=active: disabling OMP rank reading


 NAS Parallel Benchmarks 4.1 Parallel C++ version with OpenMP - CG Benchmark

 Size:      150000
 Iterations:    75
 Initialization time =           4.142 seconds

   iteration           ||r||                 zeta
        1       1.50922968234376e-13 1.0999944232374e+02
        2       4.47204259731889e-16 2.7392043714652e+01
        3       4.44461060451174e-16 2.8033976184027e+01
        4       4.44849036594703e-16 2.8419150755129e+01
        5       4.43810090952503e-16 2.8647167003889e+01
        6       4.42690713715786e-16 2.8781296941841e+01
        7       4.43985462665204e-16 2.8860045853735e+01
        8       4.43677201896887e-16 2.8906314557269e+01
        9       4.45620137420181e-16 2.8933564921462e+01
       10       4.45338691805982e-16 2.8949669544900e+01
       11       4.44982483767417e-16 2.8959226335375e+01
       12       4.42878316883464e-16 2.8964923348489e+01
       13       4.43427998820512e-16 2.8968335924893e+01
       14       4.43411056601105e-16 2.8970390396000e+01
       15       4.44252435527553e-16 2.8971633622837e+01
       16       4.43878328813033e-16 2.8972389860085e+01
       17       4.43881276620393e-16 2.8972852269223e+01
       18       4.41781423745691e-16 2.8973136479778e+01
       19       4.42783065934955e-16 2.8973312056929e+01
       20       4.40057451922155e-16 2.8973421066375e+01
       21       4.39146102370244e-16 2.8973489076055e+01
       22       4.41077259991497e-16 2.8973531706488e+01
       23       4.39452638950412e-16 2.8973558549725e+01
       24       4.39271480404496e-16 2.8973575525665e+01
       25       4.39510547678387e-16 2.8973586305938e+01
       26       4.40946608063030e-16 2.8973593178737e+01
       27       4.42244844301298e-16 2.8973597576737e+01
       28       4.37820292983743e-16 2.8973600400999e+01
       29       4.39998927240231e-16 2.8973602220677e+01
       30       4.38670732961234e-16 2.8973603396763e+01
       31       4.38966054161548e-16 2.8973604159115e+01
       32       4.40838239898883e-16 2.8973604654641e+01
       33       4.36736684988671e-16 2.8973604977562e+01
       34       4.36504153074590e-16 2.8973605188510e+01
       35       4.37447781278634e-16 2.8973605326625e+01
       36       4.34889559160619e-16 2.8973605417245e+01
       37       4.34562029880190e-16 2.8973605476823e+01
       38       4.35682145716240e-16 2.8973605516064e+01
       39       4.35201717273954e-16 2.8973605541957e+01
       40       4.33782897357624e-16 2.8973605559070e+01
       41       4.35081226910504e-16 2.8973605570398e+01
       42       4.34990286421598e-16 2.8973605577908e+01
       43       4.36280157138117e-16 2.8973605582893e+01
       44       4.33546376577341e-16 2.8973605586207e+01
       45       4.34324737464751e-16 2.8973605588413e+01
       46       4.33376774960607e-16 2.8973605589882e+01
       47       4.34756106466213e-16 2.8973605590863e+01
       48       4.33564043180226e-16 2.8973605591518e+01
       49       4.31538938937262e-16 2.8973605591955e+01
       50       4.31859857749384e-16 2.8973605592248e+01
       51       4.31409338195766e-16 2.8973605592445e+01
       52       4.32226747147350e-16 2.8973605592576e+01
       53       4.28678831137432e-16 2.8973605592664e+01
       54       4.32591313710200e-16 2.8973605592724e+01
       55       4.30539413838657e-16 2.8973605592763e+01
       56       4.30612856447678e-16 2.8973605592790e+01
       57       4.31446801404846e-16 2.8973605592808e+01
       58       4.28479286809940e-16 2.8973605592820e+01
       59       4.32277725197770e-16 2.8973605592828e+01
       60       4.31142987334652e-16 2.8973605592834e+01
       61       4.30403513041338e-16 2.8973605592838e+01
       62       4.26419286757646e-16 2.8973605592840e+01
       63       4.29902479656517e-16 2.8973605592842e+01
       64       4.27031617155625e-16 2.8973605592843e+01
       65       4.25145055363299e-16 2.8973605592844e+01
       66       4.26920796722042e-16 2.8973605592844e+01
       67       4.26359379396922e-16 2.8973605592845e+01
       68       4.26363576985683e-16 2.8973605592845e+01
       69       4.25102955561958e-16 2.8973605592845e+01
       70       4.25329005798624e-16 2.8973605592845e+01
       71       4.27490315571178e-16 2.8973605592845e+01
       72       4.26915836226182e-16 2.8973605592845e+01
       73       4.26791998750590e-16 2.8973605592845e+01
       74       4.23606068689283e-16 2.8973605592845e+01
       75       4.24679100185197e-16 2.8973605592845e+01
 Benchmark completed
 VERIFICATION SUCCESSFUL
 Zeta is     2.8973605592845e+01
 Error is    1.1894040102788e-14


 CG Benchmark Completed
 class_npb       =                        C
 Size            =                   150000
 Total threads   =                        6
 Iterations      =                       75
 Time in seconds =                    30.55
 Mop/s total     =                  4692.37
 Operation type  =           floating point
 Verification    =               SUCCESSFUL
 Version         =                      4.1
 Compile date    =              26 Feb 2026
 Compiler ver    =                   13.3.0
 OpenMP version  =                   201511

 Compile options:
    CC           = g++ -std=c++14
    CLINK        = $(CC)
    C_LIB        = -lm
    C_INC        = -I../common 
    CFLAGS       = -O3 -fopenmp -mcmodel=medium -g -grecord-gc...
    CLINKFLAGS   = -O3 -fopenmp -mcmodel=medium -g -fno-omit-f...
    RAND         = randdp


----------------------------------------------------------------------
    NPB-CPP is developed by: 
        Dalvan Griebler
        Gabriell Araujo (Sequential Porting)
        Júnior Löff (Parallel Implementation)

    In case of questions or problems, please send an e-mail to us:
        dalvan.griebler; gabriell.araujo; junior.loff@edu.pucrs.br
----------------------------------------------------------------------


* [MAQAO] Info: Dumping samples (host platy-MS-7C02, process 14217)
* [MAQAO] Info: Dumping source info for callchain nodes (host platy-MS-7C02, process 14217)
* [MAQAO] Info: Building/writing metadata (host platy-MS-7C02)
* [MAQAO] Info: Finished collect step (host platy-MS-7C02, process 14217)


Your experiment path is /home/platy/Desktop/NPB-CG-CPP/NPB-OMP/ov_cgC_R1_6T/tools/lprof_run_0

To display your profiling results:
#################################################################################################################################
#    LEVEL    |     REPORT     |                                            COMMAND                                             #
#################################################################################################################################
#  Functions  |  Cluster-wide  |  maqao lprof -df xp=/home/platy/Desktop/NPB-CG-CPP/NPB-OMP/ov_cgC_R1_6T/tools/lprof_run_0      #
#  Functions  |  Per-node      |  maqao lprof -df -dn xp=/home/platy/Desktop/NPB-CG-CPP/NPB-OMP/ov_cgC_R1_6T/tools/lprof_run_0  #
#  Functions  |  Per-process   |  maqao lprof -df -dp xp=/home/platy/Desktop/NPB-CG-CPP/NPB-OMP/ov_cgC_R1_6T/tools/lprof_run_0  #
#  Functions  |  Per-thread    |  maqao lprof -df -dt xp=/home/platy/Desktop/NPB-CG-CPP/NPB-OMP/ov_cgC_R1_6T/tools/lprof_run_0  #
#  Loops      |  Cluster-wide  |  maqao lprof -dl xp=/home/platy/Desktop/NPB-CG-CPP/NPB-OMP/ov_cgC_R1_6T/tools/lprof_run_0      #
#  Loops      |  Per-node      |  maqao lprof -dl -dn xp=/home/platy/Desktop/NPB-CG-CPP/NPB-OMP/ov_cgC_R1_6T/tools/lprof_run_0  #
#  Loops      |  Per-process   |  maqao lprof -dl -dp xp=/home/platy/Desktop/NPB-CG-CPP/NPB-OMP/ov_cgC_R1_6T/tools/lprof_run_0  #
#  Loops      |  Per-thread    |  maqao lprof -dl -dt xp=/home/platy/Desktop/NPB-CG-CPP/NPB-OMP/ov_cgC_R1_6T/tools/lprof_run_0  #
#################################################################################################################################

