

 NAS Parallel Benchmarks 4.1 Parallel C++ version with OpenMP - CG Benchmark

 Size:      150000
 Iterations:    75
 Initialization time =           9.702 seconds

   iteration           ||r||                 zeta
        1       3.53103478949129e-13 1.0999944232374e+02
        2       8.03115146398874e-16 2.7392043714652e+01
        3       8.53616985962932e-16 2.8033976184027e+01
        4       8.76774850212987e-16 2.8419150755129e+01
        5       8.93623365037612e-16 2.8647167003890e+01
        6       8.97955424006301e-16 2.8781296941841e+01
        7       8.99454841087317e-16 2.8860045853735e+01
        8       9.07334811749215e-16 2.8906314557269e+01
        9       9.08196159883932e-16 2.8933564921462e+01
       10       9.11801438109892e-16 2.8949669544900e+01
       11       9.10830432324390e-16 2.8959226335375e+01
       12       9.09443859907811e-16 2.8964923348489e+01
       13       9.08447202190175e-16 2.8968335924894e+01
       14       9.13867402116456e-16 2.8970390396001e+01
       15       9.07218992630311e-16 2.8971633622837e+01
       16       9.13309093419796e-16 2.8972389860086e+01
       17       9.10181955282091e-16 2.8972852269223e+01
       18       9.11844523362249e-16 2.8973136479777e+01
       19       9.06184360671258e-16 2.8973312056929e+01
       20       9.15292366510649e-16 2.8973421066375e+01
       21       9.13893742451269e-16 2.8973489076055e+01
       22       9.14151582801729e-16 2.8973531706487e+01
       23       9.09491507007323e-16 2.8973558549726e+01
       24       9.15944997854725e-16 2.8973575525665e+01
       25       9.09079864201201e-16 2.8973586305939e+01
       26       9.03422571357050e-16 2.8973593178737e+01
       27       9.16303048057863e-16 2.8973597576737e+01
       28       9.11663930942801e-16 2.8973600400999e+01
       29       9.07594883756909e-16 2.8973602220678e+01
       30       9.08464092254918e-16 2.8973603396763e+01
       31       9.13851029565721e-16 2.8973604159115e+01
       32       9.07838975666556e-16 2.8973604654641e+01
       33       9.12460386056949e-16 2.8973604977562e+01
       34       9.13047267503055e-16 2.8973605188510e+01
       35       9.11870562792841e-16 2.8973605326625e+01
       36       9.05862701110647e-16 2.8973605417246e+01
       37       9.08923187652193e-16 2.8973605476822e+01
       38       9.09175551225159e-16 2.8973605516064e+01
       39       9.08571081114520e-16 2.8973605541957e+01
       40       9.08598559853725e-16 2.8973605559070e+01
       41       9.09677945887514e-16 2.8973605570398e+01
       42       9.08213776185716e-16 2.8973605577908e+01
       43       9.11032484408203e-16 2.8973605582893e+01
       44       9.07059235925474e-16 2.8973605586207e+01
       45       9.09345529309265e-16 2.8973605588413e+01
       46       9.04862895852873e-16 2.8973605589882e+01
       47       9.05899500145750e-16 2.8973605590863e+01
       48       9.11428319681766e-16 2.8973605591518e+01
       49       9.06180390446836e-16 2.8973605591956e+01
       50       9.10086650965080e-16 2.8973605592248e+01
       51       9.07519303091750e-16 2.8973605592445e+01
       52       9.03734579588098e-16 2.8973605592576e+01
       53       9.05290387270105e-16 2.8973605592665e+01
       54       9.08417990573292e-16 2.8973605592724e+01
       55       9.03040276903710e-16 2.8973605592763e+01
       56       9.06124126029607e-16 2.8973605592790e+01
       57       9.05419131367258e-16 2.8973605592808e+01
       58       9.04615313103017e-16 2.8973605592821e+01
       59       9.07158039894894e-16 2.8973605592828e+01
       60       9.09343916687379e-16 2.8973605592834e+01
       61       9.08249039715840e-16 2.8973605592838e+01
       62       9.07787645252869e-16 2.8973605592840e+01
       63       9.05913613858713e-16 2.8973605592842e+01
       64       9.04523250729329e-16 2.8973605592843e+01
       65       9.05756945643821e-16 2.8973605592844e+01
       66       9.08607924898153e-16 2.8973605592844e+01
       67       9.07159629676723e-16 2.8973605592845e+01
       68       9.07951796637515e-16 2.8973605592845e+01
       69       9.09046647724481e-16 2.8973605592845e+01
       70       9.02916554142255e-16 2.8973605592846e+01
       71       9.09055034291222e-16 2.8973605592845e+01
       72       9.08000541528103e-16 2.8973605592845e+01
       73       9.04205394360189e-16 2.8973605592846e+01
       74       9.04435727536904e-16 2.8973605592845e+01
       75       9.01889482577728e-16 2.8973605592846e+01
 Benchmark completed
 VERIFICATION SUCCESSFUL
 Zeta is     2.8973605592846e+01
 Error is    2.6608316518607e-14


 CG Benchmark Completed
 class_npb       =                        C
 Size            =                   150000
 Total threads   =                        6
 Iterations      =                       75
 Time in seconds =                    35.72
 Mop/s total     =                  4013.53
 Operation type  =           floating point
 Verification    =               SUCCESSFUL
 Version         =                      4.1
 Compile date    =              24 Feb 2026
 Compiler ver    =                   13.3.0
 OpenMP version  =                   201511

 Compile options:
    CC           = g++ -std=c++14
    CLINK        = $(CC)
    C_LIB        = -lm
    C_INC        = -I../common 
    CFLAGS       = -O3 -fopenmp -mcmodel=medium
    CLINKFLAGS   = -O3 -fopenmp -mcmodel=medium
    RAND         = randdp


----------------------------------------------------------------------
    NPB-CPP is developed by: 
        Dalvan Griebler
        Gabriell Araujo (Sequential Porting)
        Júnior Löff (Parallel Implementation)

    In case of questions or problems, please send an e-mail to us:
        dalvan.griebler; gabriell.araujo; junior.loff@edu.pucrs.br
----------------------------------------------------------------------


* [MAQAO] Info: Dumping samples (host platy-MS-7C02, process 15211)
* [MAQAO] Info: Dumping source info for callchain nodes (host platy-MS-7C02, process 15211)
* [MAQAO] Info: Building/writing metadata (host platy-MS-7C02)
* [MAQAO] Info: Finished collect step (host platy-MS-7C02, process 15211)


Your experiment path is /home/platy/Desktop/NPB-CG-CPP/NPB-OMP/ov_cgC_R1_6T/tools/lprof_run_0

To display your profiling results:
#################################################################################################################################
#    LEVEL    |     REPORT     |                                            COMMAND                                             #
#################################################################################################################################
#  Functions  |  Cluster-wide  |  maqao lprof -df xp=/home/platy/Desktop/NPB-CG-CPP/NPB-OMP/ov_cgC_R1_6T/tools/lprof_run_0      #
#  Functions  |  Per-node      |  maqao lprof -df -dn xp=/home/platy/Desktop/NPB-CG-CPP/NPB-OMP/ov_cgC_R1_6T/tools/lprof_run_0  #
#  Functions  |  Per-process   |  maqao lprof -df -dp xp=/home/platy/Desktop/NPB-CG-CPP/NPB-OMP/ov_cgC_R1_6T/tools/lprof_run_0  #
#  Functions  |  Per-thread    |  maqao lprof -df -dt xp=/home/platy/Desktop/NPB-CG-CPP/NPB-OMP/ov_cgC_R1_6T/tools/lprof_run_0  #
#  Loops      |  Cluster-wide  |  maqao lprof -dl xp=/home/platy/Desktop/NPB-CG-CPP/NPB-OMP/ov_cgC_R1_6T/tools/lprof_run_0      #
#  Loops      |  Per-node      |  maqao lprof -dl -dn xp=/home/platy/Desktop/NPB-CG-CPP/NPB-OMP/ov_cgC_R1_6T/tools/lprof_run_0  #
#  Loops      |  Per-process   |  maqao lprof -dl -dp xp=/home/platy/Desktop/NPB-CG-CPP/NPB-OMP/ov_cgC_R1_6T/tools/lprof_run_0  #
#  Loops      |  Per-thread    |  maqao lprof -dl -dt xp=/home/platy/Desktop/NPB-CG-CPP/NPB-OMP/ov_cgC_R1_6T/tools/lprof_run_0  #
#################################################################################################################################

