

 NAS Parallel Benchmarks 4.1 Parallel C++ version with OpenMP - CG Benchmark

 Size:      150000
 Iterations:    75
 Initialization time =           5.391 seconds

   iteration           ||r||                 zeta
        1       3.53097143185174e-13 1.0999944232374e+02
        2       8.02010312014665e-16 2.7392043714653e+01
        3       8.52012011347402e-16 2.8033976184027e+01
        4       8.75464057539799e-16 2.8419150755129e+01
        5       8.89186544691253e-16 2.8647167003889e+01
        6       8.95564770035116e-16 2.8781296941842e+01
        7       8.96973136593619e-16 2.8860045853734e+01
        8       9.06879325816419e-16 2.8906314557269e+01
        9       9.05839383630036e-16 2.8933564921462e+01
       10       9.09784839645007e-16 2.8949669544900e+01
       11       9.09839154507088e-16 2.8959226335375e+01
       12       9.07262196706513e-16 2.8964923348489e+01
       13       9.08836923644084e-16 2.8968335924893e+01
       14       9.12205579198071e-16 2.8970390396001e+01
       15       9.07396684935742e-16 2.8971633622837e+01
       16       9.12791867487403e-16 2.8972389860085e+01
       17       9.11079596446264e-16 2.8972852269222e+01
       18       9.09578666890230e-16 2.8973136479777e+01
       19       9.07287585829536e-16 2.8973312056929e+01
       20       9.12990082015239e-16 2.8973421066374e+01
       21       9.11585681895439e-16 2.8973489076055e+01
       22       9.12441574721389e-16 2.8973531706487e+01
       23       9.06830850394911e-16 2.8973558549725e+01
       24       9.11440567579186e-16 2.8973575525665e+01
       25       9.11804883087324e-16 2.8973586305938e+01
       26       9.04945602822877e-16 2.8973593178737e+01
       27       9.13966515487479e-16 2.8973597576737e+01
       28       9.07211037734823e-16 2.8973600400999e+01
       29       9.08889694658602e-16 2.8973602220677e+01
       30       9.08700781747560e-16 2.8973603396763e+01
       31       9.09507970556832e-16 2.8973604159115e+01
       32       9.06303469449458e-16 2.8973604654640e+01
       33       9.11913374886197e-16 2.8973604977562e+01
       34       9.11453596382034e-16 2.8973605188510e+01
       35       9.09124971462632e-16 2.8973605326625e+01
       36       9.03940862888707e-16 2.8973605417245e+01
       37       9.06977526062721e-16 2.8973605476822e+01
       38       9.05353020559294e-16 2.8973605516064e+01
       39       9.04915849497758e-16 2.8973605541957e+01
       40       9.06126929766051e-16 2.8973605559070e+01
       41       9.09265358501950e-16 2.8973605570398e+01
       42       9.08364153658114e-16 2.8973605577908e+01
       43       9.09549103894483e-16 2.8973605582894e+01
       44       9.06500985798758e-16 2.8973605586207e+01
       45       9.09889386933174e-16 2.8973605588413e+01
       46       9.06171781072574e-16 2.8973605589882e+01
       47       9.04181028621486e-16 2.8973605590863e+01
       48       9.08173432594442e-16 2.8973605591517e+01
       49       9.02548148605539e-16 2.8973605591956e+01
       50       9.10298171003945e-16 2.8973605592248e+01
       51       9.03570018602639e-16 2.8973605592445e+01
       52       9.05345169369689e-16 2.8973605592576e+01
       53       9.02398668779197e-16 2.8973605592664e+01
       54       9.08504323472070e-16 2.8973605592724e+01
       55       9.02508879868743e-16 2.8973605592763e+01
       56       9.07882180585219e-16 2.8973605592790e+01
       57       9.04921783922343e-16 2.8973605592808e+01
       58       9.04322066983960e-16 2.8973605592821e+01
       59       9.04684820787655e-16 2.8973605592828e+01
       60       9.05698405523201e-16 2.8973605592834e+01
       61       9.07208981986721e-16 2.8973605592838e+01
       62       9.05820680143646e-16 2.8973605592840e+01
       63       9.03077426059641e-16 2.8973605592842e+01
       64       9.01162501355847e-16 2.8973605592844e+01
       65       9.05340190422387e-16 2.8973605592844e+01
       66       9.06240644858918e-16 2.8973605592844e+01
       67       9.05540577613281e-16 2.8973605592845e+01
       68       9.04306100875544e-16 2.8973605592845e+01
       69       9.03389544142872e-16 2.8973605592844e+01
       70       9.04791533861354e-16 2.8973605592845e+01
       71       9.06731774178162e-16 2.8973605592845e+01
       72       9.06436217496153e-16 2.8973605592846e+01
       73       9.03009352277318e-16 2.8973605592846e+01
       74       9.04915429349252e-16 2.8973605592845e+01
       75       9.03501937211057e-16 2.8973605592846e+01
 Benchmark completed
 VERIFICATION SUCCESSFUL
 Zeta is     2.8973605592846e+01
 Error is    2.7589268279662e-14


 CG Benchmark Completed
 class_npb       =                        C
 Size            =                   150000
 Total threads   =                        1
 Iterations      =                       75
 Time in seconds =                   120.16
 Mop/s total     =                  1192.99
 Operation type  =           floating point
 Verification    =               SUCCESSFUL
 Version         =                      4.1
 Compile date    =              26 Feb 2026
 Compiler ver    =                   13.3.0
 OpenMP version  =                   201511

 Compile options:
    CC           = g++ -std=c++14
    CLINK        = $(CC)
    C_LIB        = -lm
    C_INC        = -I../common 
    CFLAGS       = -O3 -fopenmp -mcmodel=medium -g -grecord-gc...
    CLINKFLAGS   = -O3 -fopenmp -mcmodel=medium -g -fno-omit-f...
    RAND         = randdp


----------------------------------------------------------------------
    NPB-CPP is developed by: 
        Dalvan Griebler
        Gabriell Araujo (Sequential Porting)
        Júnior Löff (Parallel Implementation)

    In case of questions or problems, please send an e-mail to us:
        dalvan.griebler; gabriell.araujo; junior.loff@edu.pucrs.br
----------------------------------------------------------------------


* [MAQAO] Info: Dumping samples (host platy-MS-7C02, process 5912)
* [MAQAO] Info: Dumping source info for callchain nodes (host platy-MS-7C02, process 5912)
* [MAQAO] Info: Building/writing metadata (host platy-MS-7C02)
* [MAQAO] Info: Finished collect step (host platy-MS-7C02, process 5912)


Your experiment path is /home/platy/Desktop/NPB-CG-CPP/NPB-OMP/ov_cgC_WS/tools/lprof_run_0

To display your profiling results:
##############################################################################################################################
#    LEVEL    |     REPORT     |                                           COMMAND                                           #
##############################################################################################################################
#  Functions  |  Cluster-wide  |  maqao lprof -df xp=/home/platy/Desktop/NPB-CG-CPP/NPB-OMP/ov_cgC_WS/tools/lprof_run_0      #
#  Functions  |  Per-node      |  maqao lprof -df -dn xp=/home/platy/Desktop/NPB-CG-CPP/NPB-OMP/ov_cgC_WS/tools/lprof_run_0  #
#  Functions  |  Per-process   |  maqao lprof -df -dp xp=/home/platy/Desktop/NPB-CG-CPP/NPB-OMP/ov_cgC_WS/tools/lprof_run_0  #
#  Functions  |  Per-thread    |  maqao lprof -df -dt xp=/home/platy/Desktop/NPB-CG-CPP/NPB-OMP/ov_cgC_WS/tools/lprof_run_0  #
#  Loops      |  Cluster-wide  |  maqao lprof -dl xp=/home/platy/Desktop/NPB-CG-CPP/NPB-OMP/ov_cgC_WS/tools/lprof_run_0      #
#  Loops      |  Per-node      |  maqao lprof -dl -dn xp=/home/platy/Desktop/NPB-CG-CPP/NPB-OMP/ov_cgC_WS/tools/lprof_run_0  #
#  Loops      |  Per-process   |  maqao lprof -dl -dp xp=/home/platy/Desktop/NPB-CG-CPP/NPB-OMP/ov_cgC_WS/tools/lprof_run_0  #
#  Loops      |  Per-thread    |  maqao lprof -dl -dt xp=/home/platy/Desktop/NPB-CG-CPP/NPB-OMP/ov_cgC_WS/tools/lprof_run_0  #
##############################################################################################################################

