[LPROF] OMP_WAIT_POLICY=active: disabling OMP rank reading


 NAS Parallel Benchmarks 4.1 Parallel C++ version with OpenMP - CG Benchmark

 Size:      150000
 Iterations:    75
 Initialization time =           4.597 seconds

   iteration           ||r||                 zeta
        1       1.50938688983499e-13 1.0999944232374e+02
        2       4.46246234668543e-16 2.7392043714652e+01
        3       4.43996926609986e-16 2.8033976184027e+01
        4       4.45538395078876e-16 2.8419150755129e+01
        5       4.43976566651888e-16 2.8647167003890e+01
        6       4.44028417840255e-16 2.8781296941841e+01
        7       4.43185432487361e-16 2.8860045853734e+01
        8       4.42730628314610e-16 2.8906314557269e+01
        9       4.43911019249003e-16 2.8933564921462e+01
       10       4.44135347587938e-16 2.8949669544900e+01
       11       4.44465483795970e-16 2.8959226335375e+01
       12       4.43425725646530e-16 2.8964923348489e+01
       13       4.42560225184122e-16 2.8968335924893e+01
       14       4.43620285877109e-16 2.8970390396000e+01
       15       4.43383913403749e-16 2.8971633622837e+01
       16       4.43181917246513e-16 2.8972389860085e+01
       17       4.43473580789269e-16 2.8972852269223e+01
       18       4.42973590472239e-16 2.8973136479777e+01
       19       4.42001986863085e-16 2.8973312056929e+01
       20       4.40396218716089e-16 2.8973421066375e+01
       21       4.39363521283543e-16 2.8973489076055e+01
       22       4.40769961426016e-16 2.8973531706487e+01
       23       4.39238023166482e-16 2.8973558549725e+01
       24       4.39574494937034e-16 2.8973575525665e+01
       25       4.40249406330682e-16 2.8973586305938e+01
       26       4.39854664738880e-16 2.8973593178737e+01
       27       4.40983501784276e-16 2.8973597576737e+01
       28       4.40840591410667e-16 2.8973600400999e+01
       29       4.40422734498132e-16 2.8973602220677e+01
       30       4.38688242603496e-16 2.8973603396763e+01
       31       4.38597941126976e-16 2.8973604159115e+01
       32       4.40241881690603e-16 2.8973604654641e+01
       33       4.36243778438446e-16 2.8973604977562e+01
       34       4.36430266761717e-16 2.8973605188510e+01
       35       4.37275436234237e-16 2.8973605326625e+01
       36       4.35665348314358e-16 2.8973605417245e+01
       37       4.35406508706358e-16 2.8973605476822e+01
       38       4.36793587170781e-16 2.8973605516064e+01
       39       4.35814305910731e-16 2.8973605541957e+01
       40       4.34675998957125e-16 2.8973605559070e+01
       41       4.34492591814548e-16 2.8973605570398e+01
       42       4.34047110309522e-16 2.8973605577907e+01
       43       4.36564767711549e-16 2.8973605582893e+01
       44       4.35082053485955e-16 2.8973605586207e+01
       45       4.33913954717013e-16 2.8973605588413e+01
       46       4.33530003125873e-16 2.8973605589882e+01
       47       4.33282925676038e-16 2.8973605590863e+01
       48       4.31983679523200e-16 2.8973605591518e+01
       49       4.31424611153403e-16 2.8973605591955e+01
       50       4.32896478826538e-16 2.8973605592248e+01
       51       4.30627089649566e-16 2.8973605592445e+01
       52       4.32024682825050e-16 2.8973605592576e+01
       53       4.30007197643113e-16 2.8973605592664e+01
       54       4.32465259528146e-16 2.8973605592723e+01
       55       4.29580922061565e-16 2.8973605592763e+01
       56       4.29994698646075e-16 2.8973605592790e+01
       57       4.31177740637940e-16 2.8973605592808e+01
       58       4.29890085282096e-16 2.8973605592821e+01
       59       4.30941464173871e-16 2.8973605592828e+01
       60       4.30342734802071e-16 2.8973605592834e+01
       61       4.29989337062139e-16 2.8973605592838e+01
       62       4.27320590097116e-16 2.8973605592840e+01
       63       4.29370667437015e-16 2.8973605592842e+01
       64       4.27696786185708e-16 2.8973605592843e+01
       65       4.26004273323599e-16 2.8973605592844e+01
       66       4.26033313616867e-16 2.8973605592844e+01
       67       4.25495374827177e-16 2.8973605592845e+01
       68       4.27125120790340e-16 2.8973605592845e+01
       69       4.25967862161043e-16 2.8973605592845e+01
       70       4.26054659500862e-16 2.8973605592845e+01
       71       4.26197304670216e-16 2.8973605592845e+01
       72       4.25417429044258e-16 2.8973605592845e+01
       73       4.26520624299927e-16 2.8973605592845e+01
       74       4.26396446329964e-16 2.8973605592845e+01
       75       4.24536445026432e-16 2.8973605592846e+01
 Benchmark completed
 VERIFICATION SUCCESSFUL
 Zeta is     2.8973605592846e+01
 Error is    2.1213081832807e-14


 CG Benchmark Completed
 class_npb       =                        C
 Size            =                   150000
 Total threads   =                        2
 Iterations      =                       75
 Time in seconds =                    61.24
 Mop/s total     =                  2340.84
 Operation type  =           floating point
 Verification    =               SUCCESSFUL
 Version         =                      4.1
 Compile date    =              27 Feb 2026
 Compiler ver    =                   13.3.0
 OpenMP version  =                   201511

 Compile options:
    CC           = g++ -std=c++14
    CLINK        = $(CC)
    C_LIB        = -lm
    C_INC        = -I../common 
    CFLAGS       = -O3 -fopenmp -fopenmp-simd -mcmodel=medium ...
    CLINKFLAGS   = -O3 -fopenmp -fopenmp-simd -mcmodel=medium ...
    RAND         = randdp


----------------------------------------------------------------------
    NPB-CPP is developed by: 
        Dalvan Griebler
        Gabriell Araujo (Sequential Porting)
        Júnior Löff (Parallel Implementation)

    In case of questions or problems, please send an e-mail to us:
        dalvan.griebler; gabriell.araujo; junior.loff@edu.pucrs.br
----------------------------------------------------------------------


* [MAQAO] Info: Dumping samples (host platy-MS-7C02, process 56550)
* [MAQAO] Info: Dumping source info for callchain nodes (host platy-MS-7C02, process 56550)
* [MAQAO] Info: Building/writing metadata (host platy-MS-7C02)
* [MAQAO] Info: Finished collect step (host platy-MS-7C02, process 56550)


Your experiment path is /home/platy/Desktop/NPB-CG-CPP/NPB-OMP/ov_cgC_WS/tools/lprof_run_1

To display your profiling results:
##############################################################################################################################
#    LEVEL    |     REPORT     |                                           COMMAND                                           #
##############################################################################################################################
#  Functions  |  Cluster-wide  |  maqao lprof -df xp=/home/platy/Desktop/NPB-CG-CPP/NPB-OMP/ov_cgC_WS/tools/lprof_run_1      #
#  Functions  |  Per-node      |  maqao lprof -df -dn xp=/home/platy/Desktop/NPB-CG-CPP/NPB-OMP/ov_cgC_WS/tools/lprof_run_1  #
#  Functions  |  Per-process   |  maqao lprof -df -dp xp=/home/platy/Desktop/NPB-CG-CPP/NPB-OMP/ov_cgC_WS/tools/lprof_run_1  #
#  Functions  |  Per-thread    |  maqao lprof -df -dt xp=/home/platy/Desktop/NPB-CG-CPP/NPB-OMP/ov_cgC_WS/tools/lprof_run_1  #
#  Loops      |  Cluster-wide  |  maqao lprof -dl xp=/home/platy/Desktop/NPB-CG-CPP/NPB-OMP/ov_cgC_WS/tools/lprof_run_1      #
#  Loops      |  Per-node      |  maqao lprof -dl -dn xp=/home/platy/Desktop/NPB-CG-CPP/NPB-OMP/ov_cgC_WS/tools/lprof_run_1  #
#  Loops      |  Per-process   |  maqao lprof -dl -dp xp=/home/platy/Desktop/NPB-CG-CPP/NPB-OMP/ov_cgC_WS/tools/lprof_run_1  #
#  Loops      |  Per-thread    |  maqao lprof -dl -dt xp=/home/platy/Desktop/NPB-CG-CPP/NPB-OMP/ov_cgC_WS/tools/lprof_run_1  #
##############################################################################################################################

