[LPROF] OMP_WAIT_POLICY=active: disabling OMP rank reading


 NAS Parallel Benchmarks 4.1 Parallel C++ version with OpenMP - CG Benchmark

 Size:      150000
 Iterations:    75
 Initialization time =           4.162 seconds

   iteration           ||r||                 zeta
        1       1.50926439189972e-13 1.0999944232374e+02
        2       4.47660341733498e-16 2.7392043714652e+01
        3       4.43692409398897e-16 2.8033976184027e+01
        4       4.45460134203466e-16 2.8419150755129e+01
        5       4.43633788764083e-16 2.8647167003889e+01
        6       4.43070689114863e-16 2.8781296941841e+01
        7       4.43930031772538e-16 2.8860045853735e+01
        8       4.43506976096576e-16 2.8906314557269e+01
        9       4.45011626974701e-16 2.8933564921462e+01
       10       4.44564392569737e-16 2.8949669544900e+01
       11       4.44579265657257e-16 2.8959226335375e+01
       12       4.43020891644542e-16 2.8964923348489e+01
       13       4.43786034003309e-16 2.8968335924893e+01
       14       4.44269925279081e-16 2.8970390396000e+01
       15       4.43829399965334e-16 2.8971633622837e+01
       16       4.43522767545125e-16 2.8972389860085e+01
       17       4.43289760530414e-16 2.8972852269223e+01
       18       4.40962217962614e-16 2.8973136479778e+01
       19       4.41990993942245e-16 2.8973312056929e+01
       20       4.39053424388757e-16 2.8973421066375e+01
       21       4.38579539216472e-16 2.8973489076055e+01
       22       4.41133650577578e-16 2.8973531706488e+01
       23       4.41160555026113e-16 2.8973558549725e+01
       24       4.39576121995766e-16 2.8973575525664e+01
       25       4.39214742844808e-16 2.8973586305938e+01
       26       4.40696928679301e-16 2.8973593178737e+01
       27       4.41916100665050e-16 2.8973597576737e+01
       28       4.37950064140815e-16 2.8973600400999e+01
       29       4.40296465372767e-16 2.8973602220677e+01
       30       4.38865278502112e-16 2.8973603396763e+01
       31       4.39183895939685e-16 2.8973604159115e+01
       32       4.41322953604442e-16 2.8973604654641e+01
       33       4.37580311492754e-16 2.8973604977562e+01
       34       4.36326671884392e-16 2.8973605188510e+01
       35       4.37283860375256e-16 2.8973605326625e+01
       36       4.34803689084444e-16 2.8973605417245e+01
       37       4.34556768605169e-16 2.8973605476823e+01
       38       4.36428205441241e-16 2.8973605516064e+01
       39       4.34304645561310e-16 2.8973605541957e+01
       40       4.33803061693496e-16 2.8973605559070e+01
       41       4.33946028676822e-16 2.8973605570398e+01
       42       4.35692076131408e-16 2.8973605577908e+01
       43       4.36525199842387e-16 2.8973605582893e+01
       44       4.33033377827017e-16 2.8973605586207e+01
       45       4.33119045054728e-16 2.8973605588413e+01
       46       4.32695093165744e-16 2.8973605589882e+01
       47       4.33733335276460e-16 2.8973605590863e+01
       48       4.33200931213015e-16 2.8973605591518e+01
       49       4.31122410586588e-16 2.8973605591955e+01
       50       4.31224168575092e-16 2.8973605592248e+01
       51       4.30076656948321e-16 2.8973605592444e+01
       52       4.32120572723547e-16 2.8973605592576e+01
       53       4.29053589740264e-16 2.8973605592664e+01
       54       4.32139261578939e-16 2.8973605592723e+01
       55       4.30308254675691e-16 2.8973605592763e+01
       56       4.30424631101033e-16 2.8973605592790e+01
       57       4.31141044727127e-16 2.8973605592808e+01
       58       4.29574420557191e-16 2.8973605592820e+01
       59       4.32014578828629e-16 2.8973605592828e+01
       60       4.30361198699261e-16 2.8973605592834e+01
       61       4.29752222586553e-16 2.8973605592838e+01
       62       4.26606475651112e-16 2.8973605592840e+01
       63       4.28739113548839e-16 2.8973605592842e+01
       64       4.27301403355334e-16 2.8973605592843e+01
       65       4.24813016283590e-16 2.8973605592844e+01
       66       4.26844258416136e-16 2.8973605592844e+01
       67       4.26323311342567e-16 2.8973605592845e+01
       68       4.26913991406080e-16 2.8973605592845e+01
       69       4.26116351948465e-16 2.8973605592845e+01
       70       4.24837368540702e-16 2.8973605592845e+01
       71       4.27293623190793e-16 2.8973605592845e+01
       72       4.26570951208583e-16 2.8973605592845e+01
       73       4.25887175476445e-16 2.8973605592845e+01
       74       4.24050364288599e-16 2.8973605592845e+01
       75       4.25180131314909e-16 2.8973605592845e+01
 Benchmark completed
 VERIFICATION SUCCESSFUL
 Zeta is     2.8973605592845e+01
 Error is    1.1894040102788e-14


 CG Benchmark Completed
 class_npb       =                        C
 Size            =                   150000
 Total threads   =                        6
 Iterations      =                       75
 Time in seconds =                    30.57
 Mop/s total     =                  4688.50
 Operation type  =           floating point
 Verification    =               SUCCESSFUL
 Version         =                      4.1
 Compile date    =              26 Feb 2026
 Compiler ver    =                   13.3.0
 OpenMP version  =                   201511

 Compile options:
    CC           = g++ -std=c++14
    CLINK        = $(CC)
    C_LIB        = -lm
    C_INC        = -I../common 
    CFLAGS       = -O3 -fopenmp -mcmodel=medium -g -grecord-gc...
    CLINKFLAGS   = -O3 -fopenmp -mcmodel=medium -g -fno-omit-f...
    RAND         = randdp


----------------------------------------------------------------------
    NPB-CPP is developed by: 
        Dalvan Griebler
        Gabriell Araujo (Sequential Porting)
        Júnior Löff (Parallel Implementation)

    In case of questions or problems, please send an e-mail to us:
        dalvan.griebler; gabriell.araujo; junior.loff@edu.pucrs.br
----------------------------------------------------------------------


* [MAQAO] Info: Dumping samples (host platy-MS-7C02, process 14335)
* [MAQAO] Info: Dumping source info for callchain nodes (host platy-MS-7C02, process 14335)
* [MAQAO] Info: Building/writing metadata (host platy-MS-7C02)
* [MAQAO] Info: Finished collect step (host platy-MS-7C02, process 14335)


Your experiment path is /home/platy/Desktop/NPB-CG-CPP/NPB-OMP/ov_cgC_S1_6T/tools/lprof_run_0

To display your profiling results:
#################################################################################################################################
#    LEVEL    |     REPORT     |                                            COMMAND                                             #
#################################################################################################################################
#  Functions  |  Cluster-wide  |  maqao lprof -df xp=/home/platy/Desktop/NPB-CG-CPP/NPB-OMP/ov_cgC_S1_6T/tools/lprof_run_0      #
#  Functions  |  Per-node      |  maqao lprof -df -dn xp=/home/platy/Desktop/NPB-CG-CPP/NPB-OMP/ov_cgC_S1_6T/tools/lprof_run_0  #
#  Functions  |  Per-process   |  maqao lprof -df -dp xp=/home/platy/Desktop/NPB-CG-CPP/NPB-OMP/ov_cgC_S1_6T/tools/lprof_run_0  #
#  Functions  |  Per-thread    |  maqao lprof -df -dt xp=/home/platy/Desktop/NPB-CG-CPP/NPB-OMP/ov_cgC_S1_6T/tools/lprof_run_0  #
#  Loops      |  Cluster-wide  |  maqao lprof -dl xp=/home/platy/Desktop/NPB-CG-CPP/NPB-OMP/ov_cgC_S1_6T/tools/lprof_run_0      #
#  Loops      |  Per-node      |  maqao lprof -dl -dn xp=/home/platy/Desktop/NPB-CG-CPP/NPB-OMP/ov_cgC_S1_6T/tools/lprof_run_0  #
#  Loops      |  Per-process   |  maqao lprof -dl -dp xp=/home/platy/Desktop/NPB-CG-CPP/NPB-OMP/ov_cgC_S1_6T/tools/lprof_run_0  #
#  Loops      |  Per-thread    |  maqao lprof -dl -dt xp=/home/platy/Desktop/NPB-CG-CPP/NPB-OMP/ov_cgC_S1_6T/tools/lprof_run_0  #
#################################################################################################################################

