[LPROF] OMP_WAIT_POLICY=active: disabling OMP rank reading


 NAS Parallel Benchmarks 4.1 Parallel C++ version with OpenMP - CG Benchmark

 Size:      150000
 Iterations:    75
 Initialization time =           4.066 seconds

   iteration           ||r||                 zeta
        1       1.91706392483067e-13 1.0999944232374e+02
        2       5.57778173792967e-16 2.7392043714652e+01
        3       5.54599965173150e-16 2.8033976184027e+01
        4       5.55632320317928e-16 2.8419150755129e+01
        5       5.52971774805477e-16 2.8647167003889e+01
        6       5.53609894188138e-16 2.8781296941841e+01
        7       5.56935607744298e-16 2.8860045853735e+01
        8       5.56230006869434e-16 2.8906314557269e+01
        9       5.61021027021427e-16 2.8933564921462e+01
       10       5.60126067375432e-16 2.8949669544900e+01
       11       5.57969413941642e-16 2.8959226335375e+01
       12       5.59330916483058e-16 2.8964923348489e+01
       13       5.55749303850671e-16 2.8968335924893e+01
       14       5.57503763272315e-16 2.8970390396000e+01
       15       5.58903918873831e-16 2.8971633622837e+01
       16       5.58226678631469e-16 2.8972389860085e+01
       17       5.56220693635751e-16 2.8972852269223e+01
       18       5.57080708341030e-16 2.8973136479777e+01
       19       5.56963495285911e-16 2.8973312056929e+01
       20       5.57562740710796e-16 2.8973421066375e+01
       21       5.53983179789326e-16 2.8973489076055e+01
       22       5.56068124470371e-16 2.8973531706488e+01
       23       5.55337608844892e-16 2.8973558549725e+01
       24       5.54201524885489e-16 2.8973575525665e+01
       25       5.53965725598663e-16 2.8973586305938e+01
       26       5.52757704222095e-16 2.8973593178737e+01
       27       5.55040881153169e-16 2.8973597576737e+01
       28       5.52994362047066e-16 2.8973600400999e+01
       29       5.56389454141637e-16 2.8973602220677e+01
       30       5.55981565124549e-16 2.8973603396763e+01
       31       5.55327066816614e-16 2.8973604159115e+01
       32       5.55776978605896e-16 2.8973604654641e+01
       33       5.51824468255009e-16 2.8973604977562e+01
       34       5.52519578103510e-16 2.8973605188510e+01
       35       5.51764932718229e-16 2.8973605326625e+01
       36       5.51508782076270e-16 2.8973605417245e+01
       37       5.52746413856234e-16 2.8973605476823e+01
       38       5.54652841090768e-16 2.8973605516064e+01
       39       5.50175281039695e-16 2.8973605541957e+01
       40       5.50996628231438e-16 2.8973605559070e+01
       41       5.49407319021470e-16 2.8973605570398e+01
       42       5.54065540341049e-16 2.8973605577908e+01
       43       5.49460838378328e-16 2.8973605582893e+01
       44       5.52007029149858e-16 2.8973605586207e+01
       45       5.49487555656689e-16 2.8973605588413e+01
       46       5.51456748439643e-16 2.8973605589882e+01
       47       5.50073251813480e-16 2.8973605590863e+01
       48       5.51979762997942e-16 2.8973605591518e+01
       49       5.48674125349379e-16 2.8973605591955e+01
       50       5.52186378407526e-16 2.8973605592248e+01
       51       5.48156554702752e-16 2.8973605592444e+01
       52       5.47052659735578e-16 2.8973605592576e+01
       53       5.49070350723425e-16 2.8973605592664e+01
       54       5.50349316805724e-16 2.8973605592723e+01
       55       5.50245498649655e-16 2.8973605592763e+01
       56       5.48861758504400e-16 2.8973605592790e+01
       57       5.46097318526635e-16 2.8973605592808e+01
       58       5.46364443500318e-16 2.8973605592820e+01
       59       5.48136699416259e-16 2.8973605592828e+01
       60       5.47998890824970e-16 2.8973605592834e+01
       61       5.47746173151797e-16 2.8973605592838e+01
       62       5.45890240242898e-16 2.8973605592840e+01
       63       5.44650899732374e-16 2.8973605592842e+01
       64       5.45314189619620e-16 2.8973605592843e+01
       65       5.45821928921967e-16 2.8973605592844e+01
       66       5.46398770693634e-16 2.8973605592844e+01
       67       5.45686167197026e-16 2.8973605592845e+01
       68       5.47508155939486e-16 2.8973605592845e+01
       69       5.46668330732118e-16 2.8973605592845e+01
       70       5.47020713198885e-16 2.8973605592845e+01
       71       5.43600741045834e-16 2.8973605592845e+01
       72       5.44156278090442e-16 2.8973605592845e+01
       73       5.44083206624819e-16 2.8973605592845e+01
       74       5.43270759995165e-16 2.8973605592845e+01
       75       5.42867084802988e-16 2.8973605592845e+01
 Benchmark completed
 VERIFICATION SUCCESSFUL
 Zeta is     2.8973605592845e+01
 Error is    1.1894040102788e-14


 CG Benchmark Completed
 class_npb       =                        C
 Size            =                   150000
 Total threads   =                        6
 Iterations      =                       75
 Time in seconds =                    30.50
 Mop/s total     =                  4700.45
 Operation type  =           floating point
 Verification    =               SUCCESSFUL
 Version         =                      4.1
 Compile date    =              26 Feb 2026
 Compiler ver    =                   13.3.0
 OpenMP version  =                   201511

 Compile options:
    CC           = g++ -std=c++14
    CLINK        = $(CC)
    C_LIB        = -lm
    C_INC        = -I../common 
    CFLAGS       = -O3 -fopenmp -mcmodel=medium -g -grecord-gc...
    CLINKFLAGS   = -O3 -fopenmp -mcmodel=medium -g -fno-omit-f...
    RAND         = randdp


----------------------------------------------------------------------
    NPB-CPP is developed by: 
        Dalvan Griebler
        Gabriell Araujo (Sequential Porting)
        Júnior Löff (Parallel Implementation)

    In case of questions or problems, please send an e-mail to us:
        dalvan.griebler; gabriell.araujo; junior.loff@edu.pucrs.br
----------------------------------------------------------------------


* [MAQAO] Info: Dumping samples (host platy-MS-7C02, process 17974)
* [MAQAO] Info: Dumping source info for callchain nodes (host platy-MS-7C02, process 17974)
* [MAQAO] Info: Building/writing metadata (host platy-MS-7C02)
* [MAQAO] Info: Finished collect step (host platy-MS-7C02, process 17974)


Your experiment path is /home/platy/Desktop/NPB-CG-CPP/NPB-OMP/ov_cgC_S1_6T/tools/lprof_run_0

To display your profiling results:
#################################################################################################################################
#    LEVEL    |     REPORT     |                                            COMMAND                                             #
#################################################################################################################################
#  Functions  |  Cluster-wide  |  maqao lprof -df xp=/home/platy/Desktop/NPB-CG-CPP/NPB-OMP/ov_cgC_S1_6T/tools/lprof_run_0      #
#  Functions  |  Per-node      |  maqao lprof -df -dn xp=/home/platy/Desktop/NPB-CG-CPP/NPB-OMP/ov_cgC_S1_6T/tools/lprof_run_0  #
#  Functions  |  Per-process   |  maqao lprof -df -dp xp=/home/platy/Desktop/NPB-CG-CPP/NPB-OMP/ov_cgC_S1_6T/tools/lprof_run_0  #
#  Functions  |  Per-thread    |  maqao lprof -df -dt xp=/home/platy/Desktop/NPB-CG-CPP/NPB-OMP/ov_cgC_S1_6T/tools/lprof_run_0  #
#  Loops      |  Cluster-wide  |  maqao lprof -dl xp=/home/platy/Desktop/NPB-CG-CPP/NPB-OMP/ov_cgC_S1_6T/tools/lprof_run_0      #
#  Loops      |  Per-node      |  maqao lprof -dl -dn xp=/home/platy/Desktop/NPB-CG-CPP/NPB-OMP/ov_cgC_S1_6T/tools/lprof_run_0  #
#  Loops      |  Per-process   |  maqao lprof -dl -dp xp=/home/platy/Desktop/NPB-CG-CPP/NPB-OMP/ov_cgC_S1_6T/tools/lprof_run_0  #
#  Loops      |  Per-thread    |  maqao lprof -dl -dt xp=/home/platy/Desktop/NPB-CG-CPP/NPB-OMP/ov_cgC_S1_6T/tools/lprof_run_0  #
#################################################################################################################################

