[LPROF] OMP_WAIT_POLICY=active: disabling OMP rank reading


 NAS Parallel Benchmarks 4.1 Parallel C++ version with OpenMP - CG Benchmark

 Size:      150000
 Iterations:    75
 Initialization time =           4.392 seconds

   iteration           ||r||                 zeta
        1       3.53200927178792e-13 1.0999944232374e+02
        2       8.03539966283661e-16 2.7392043714652e+01
        3       8.52448233716880e-16 2.8033976184027e+01
        4       8.76788042627653e-16 2.8419150755129e+01
        5       8.88414293672798e-16 2.8647167003889e+01
        6       8.93716452803438e-16 2.8781296941841e+01
        7       8.96868079773313e-16 2.8860045853735e+01
        8       9.06778625153877e-16 2.8906314557269e+01
        9       9.03687993548064e-16 2.8933564921462e+01
       10       9.11712225944854e-16 2.8949669544900e+01
       11       9.11868904280781e-16 2.8959226335375e+01
       12       9.07998203160108e-16 2.8964923348489e+01
       13       9.07816572456495e-16 2.8968335924893e+01
       14       9.10601968793486e-16 2.8970390396000e+01
       15       9.08720020998094e-16 2.8971633622837e+01
       16       9.12707865187070e-16 2.8972389860085e+01
       17       9.11076820450152e-16 2.8972852269223e+01
       18       9.08251683201946e-16 2.8973136479777e+01
       19       9.05991479841436e-16 2.8973312056929e+01
       20       9.13657887620345e-16 2.8973421066375e+01
       21       9.13176992092729e-16 2.8973489076055e+01
       22       9.09710233184313e-16 2.8973531706488e+01
       23       9.07630369243673e-16 2.8973558549725e+01
       24       9.11146777408074e-16 2.8973575525665e+01
       25       9.09944527171237e-16 2.8973586305938e+01
       26       9.03730575025992e-16 2.8973593178737e+01
       27       9.12444682728926e-16 2.8973597576737e+01
       28       9.06209600011583e-16 2.8973600400999e+01
       29       9.09159057413266e-16 2.8973602220677e+01
       30       9.10973628435786e-16 2.8973603396763e+01
       31       9.09096095589700e-16 2.8973604159115e+01
       32       9.04573533481372e-16 2.8973604654641e+01
       33       9.13759581720603e-16 2.8973604977562e+01
       34       9.10410899056135e-16 2.8973605188510e+01
       35       9.08188489401362e-16 2.8973605326625e+01
       36       9.05527724576842e-16 2.8973605417245e+01
       37       9.07241188306780e-16 2.8973605476823e+01
       38       9.06812938652117e-16 2.8973605516064e+01
       39       9.05019381539091e-16 2.8973605541957e+01
       40       9.06631652730272e-16 2.8973605559070e+01
       41       9.10366930864760e-16 2.8973605570398e+01
       42       9.07706055593568e-16 2.8973605577908e+01
       43       9.06987609733252e-16 2.8973605582893e+01
       44       9.06428118346738e-16 2.8973605586207e+01
       45       9.09665512729485e-16 2.8973605588413e+01
       46       9.04054516513640e-16 2.8973605589882e+01
       47       9.03529503846610e-16 2.8973605590863e+01
       48       9.08718718936565e-16 2.8973605591518e+01
       49       9.02081569679759e-16 2.8973605591955e+01
       50       9.09402133272528e-16 2.8973605592248e+01
       51       9.02701002419195e-16 2.8973605592444e+01
       52       9.05042152314884e-16 2.8973605592576e+01
       53       9.02236261005560e-16 2.8973605592664e+01
       54       9.05923063832938e-16 2.8973605592723e+01
       55       9.02822764257108e-16 2.8973605592763e+01
       56       9.07347883313395e-16 2.8973605592790e+01
       57       9.03085641086131e-16 2.8973605592808e+01
       58       9.03631578007489e-16 2.8973605592820e+01
       59       9.03785213493438e-16 2.8973605592828e+01
       60       9.07602197824424e-16 2.8973605592834e+01
       61       9.06058146936686e-16 2.8973605592838e+01
       62       9.04852598917111e-16 2.8973605592840e+01
       63       9.03452612533212e-16 2.8973605592842e+01
       64       9.03017800202350e-16 2.8973605592843e+01
       65       9.07769715969376e-16 2.8973605592844e+01
       66       9.04694178838922e-16 2.8973605592844e+01
       67       9.04719838982122e-16 2.8973605592845e+01
       68       9.04998117311642e-16 2.8973605592845e+01
       69       9.05073175108656e-16 2.8973605592845e+01
       70       9.02054392086460e-16 2.8973605592845e+01
       71       9.06719392586708e-16 2.8973605592845e+01
       72       9.06166400476159e-16 2.8973605592845e+01
       73       9.03442240566443e-16 2.8973605592845e+01
       74       9.04210674092564e-16 2.8973605592845e+01
       75       9.03091613570113e-16 2.8973605592845e+01
 Benchmark completed
 VERIFICATION SUCCESSFUL
 Zeta is     2.8973605592845e+01
 Error is    1.1894040102788e-14


 CG Benchmark Completed
 class_npb       =                        C
 Size            =                   150000
 Total threads   =                        6
 Iterations      =                       75
 Time in seconds =                    30.90
 Mop/s total     =                  4639.57
 Operation type  =           floating point
 Verification    =               SUCCESSFUL
 Version         =                      4.1
 Compile date    =              26 Feb 2026
 Compiler ver    =                   13.3.0
 OpenMP version  =                   201511

 Compile options:
    CC           = g++ -std=c++14
    CLINK        = $(CC)
    C_LIB        = -lm
    C_INC        = -I../common 
    CFLAGS       = -O3 -fopenmp -mcmodel=medium -g -grecord-gc...
    CLINKFLAGS   = -O3 -fopenmp -mcmodel=medium -g -fno-omit-f...
    RAND         = randdp


----------------------------------------------------------------------
    NPB-CPP is developed by: 
        Dalvan Griebler
        Gabriell Araujo (Sequential Porting)
        Júnior Löff (Parallel Implementation)

    In case of questions or problems, please send an e-mail to us:
        dalvan.griebler; gabriell.araujo; junior.loff@edu.pucrs.br
----------------------------------------------------------------------


* [MAQAO] Info: Dumping samples (host platy-MS-7C02, process 10483)
* [MAQAO] Info: Dumping source info for callchain nodes (host platy-MS-7C02, process 10483)
* [MAQAO] Info: Building/writing metadata (host platy-MS-7C02)
* [MAQAO] Info: Finished collect step (host platy-MS-7C02, process 10483)


Your experiment path is /home/platy/Desktop/NPB-CG-CPP/NPB-OMP/ov_cgC_WS/tools/lprof_run_3

To display your profiling results:
##############################################################################################################################
#    LEVEL    |     REPORT     |                                           COMMAND                                           #
##############################################################################################################################
#  Functions  |  Cluster-wide  |  maqao lprof -df xp=/home/platy/Desktop/NPB-CG-CPP/NPB-OMP/ov_cgC_WS/tools/lprof_run_3      #
#  Functions  |  Per-node      |  maqao lprof -df -dn xp=/home/platy/Desktop/NPB-CG-CPP/NPB-OMP/ov_cgC_WS/tools/lprof_run_3  #
#  Functions  |  Per-process   |  maqao lprof -df -dp xp=/home/platy/Desktop/NPB-CG-CPP/NPB-OMP/ov_cgC_WS/tools/lprof_run_3  #
#  Functions  |  Per-thread    |  maqao lprof -df -dt xp=/home/platy/Desktop/NPB-CG-CPP/NPB-OMP/ov_cgC_WS/tools/lprof_run_3  #
#  Loops      |  Cluster-wide  |  maqao lprof -dl xp=/home/platy/Desktop/NPB-CG-CPP/NPB-OMP/ov_cgC_WS/tools/lprof_run_3      #
#  Loops      |  Per-node      |  maqao lprof -dl -dn xp=/home/platy/Desktop/NPB-CG-CPP/NPB-OMP/ov_cgC_WS/tools/lprof_run_3  #
#  Loops      |  Per-process   |  maqao lprof -dl -dp xp=/home/platy/Desktop/NPB-CG-CPP/NPB-OMP/ov_cgC_WS/tools/lprof_run_3  #
#  Loops      |  Per-thread    |  maqao lprof -dl -dt xp=/home/platy/Desktop/NPB-CG-CPP/NPB-OMP/ov_cgC_WS/tools/lprof_run_3  #
##############################################################################################################################

