[LPROF] OMP_WAIT_POLICY=active: disabling OMP rank reading


 NAS Parallel Benchmarks 4.1 Parallel C++ version with OpenMP - CG Benchmark

 Size:      150000
 Iterations:    75
 Initialization time =           5.293 seconds

   iteration           ||r||                 zeta
        1       1.50966533149168e-13 1.0999944232374e+02
        2       4.46597180611351e-16 2.7392043714653e+01
        3       4.44136376492532e-16 2.8033976184027e+01
        4       4.42794060761211e-16 2.8419150755129e+01
        5       4.43777524695857e-16 2.8647167003889e+01
        6       4.42774229557008e-16 2.8781296941842e+01
        7       4.43611663256858e-16 2.8860045853734e+01
        8       4.43995166000292e-16 2.8906314557269e+01
        9       4.44282185554831e-16 2.8933564921462e+01
       10       4.44923065467710e-16 2.8949669544900e+01
       11       4.46239342933433e-16 2.8959226335375e+01
       12       4.42554868913864e-16 2.8964923348489e+01
       13       4.43450757255697e-16 2.8968335924893e+01
       14       4.43913694589344e-16 2.8970390396001e+01
       15       4.41941351602926e-16 2.8971633622837e+01
       16       4.43276910950124e-16 2.8972389860085e+01
       17       4.43818244558570e-16 2.8972852269222e+01
       18       4.41563649677210e-16 2.8973136479777e+01
       19       4.42614032473061e-16 2.8973312056929e+01
       20       4.39775463408089e-16 2.8973421066374e+01
       21       4.38206897519756e-16 2.8973489076055e+01
       22       4.41030016895469e-16 2.8973531706487e+01
       23       4.40944465386654e-16 2.8973558549725e+01
       24       4.39937494873378e-16 2.8973575525664e+01
       25       4.40436057679815e-16 2.8973586305938e+01
       26       4.40043516232243e-16 2.8973593178737e+01
       27       4.41033743356329e-16 2.8973597576737e+01
       28       4.39629304363775e-16 2.8973600400999e+01
       29       4.39812003514459e-16 2.8973602220677e+01
       30       4.40308137159061e-16 2.8973603396763e+01
       31       4.37504282830702e-16 2.8973604159115e+01
       32       4.38883701911547e-16 2.8973604654640e+01
       33       4.37709003205266e-16 2.8973604977562e+01
       34       4.35943834099197e-16 2.8973605188510e+01
       35       4.38783298302903e-16 2.8973605326625e+01
       36       4.35665613914297e-16 2.8973605417245e+01
       37       4.35427074508440e-16 2.8973605476822e+01
       38       4.36377222327211e-16 2.8973605516064e+01
       39       4.34746017788625e-16 2.8973605541957e+01
       40       4.35232576329942e-16 2.8973605559070e+01
       41       4.34746048207101e-16 2.8973605570398e+01
       42       4.35115871655618e-16 2.8973605577908e+01
       43       4.35814680995051e-16 2.8973605582894e+01
       44       4.33740410476037e-16 2.8973605586207e+01
       45       4.34711427225121e-16 2.8973605588413e+01
       46       4.34041856334116e-16 2.8973605589882e+01
       47       4.33990327951249e-16 2.8973605590863e+01
       48       4.32905441306180e-16 2.8973605591517e+01
       49       4.30721597778911e-16 2.8973605591956e+01
       50       4.32408725641868e-16 2.8973605592248e+01
       51       4.30257567493491e-16 2.8973605592445e+01
       52       4.31597975006647e-16 2.8973605592576e+01
       53       4.28734491109160e-16 2.8973605592664e+01
       54       4.31668752658959e-16 2.8973605592724e+01
       55       4.31507303250765e-16 2.8973605592763e+01
       56       4.29483957943518e-16 2.8973605592790e+01
       57       4.30833098073510e-16 2.8973605592808e+01
       58       4.29391846559353e-16 2.8973605592821e+01
       59       4.30825165114538e-16 2.8973605592828e+01
       60       4.30987163255065e-16 2.8973605592834e+01
       61       4.29908337914160e-16 2.8973605592838e+01
       62       4.28254515143277e-16 2.8973605592840e+01
       63       4.28890696815641e-16 2.8973605592842e+01
       64       4.28040668826418e-16 2.8973605592844e+01
       65       4.26575874380218e-16 2.8973605592844e+01
       66       4.26185629132553e-16 2.8973605592844e+01
       67       4.26771830235731e-16 2.8973605592845e+01
       68       4.24769767114618e-16 2.8973605592845e+01
       69       4.25745392759086e-16 2.8973605592844e+01
       70       4.25892096202018e-16 2.8973605592845e+01
       71       4.26844569953066e-16 2.8973605592845e+01
       72       4.26707893565304e-16 2.8973605592846e+01
       73       4.26653865098821e-16 2.8973605592846e+01
       74       4.25914089985957e-16 2.8973605592845e+01
       75       4.24950365223247e-16 2.8973605592846e+01
 Benchmark completed
 VERIFICATION SUCCESSFUL
 Zeta is     2.8973605592846e+01
 Error is    2.7589268279662e-14


 CG Benchmark Completed
 class_npb       =                        C
 Size            =                   150000
 Total threads   =                        1
 Iterations      =                       75
 Time in seconds =                   116.32
 Mop/s total     =                  1232.38
 Operation type  =           floating point
 Verification    =               SUCCESSFUL
 Version         =                      4.1
 Compile date    =              26 Feb 2026
 Compiler ver    =                   13.3.0
 OpenMP version  =                   201511

 Compile options:
    CC           = g++ -std=c++14
    CLINK        = $(CC)
    C_LIB        = -lm
    C_INC        = -I../common 
    CFLAGS       = -O3 -fopenmp -mcmodel=medium -g -grecord-gc...
    CLINKFLAGS   = -O3 -fopenmp -mcmodel=medium -g -fno-omit-f...
    RAND         = randdp


----------------------------------------------------------------------
    NPB-CPP is developed by: 
        Dalvan Griebler
        Gabriell Araujo (Sequential Porting)
        Júnior Löff (Parallel Implementation)

    In case of questions or problems, please send an e-mail to us:
        dalvan.griebler; gabriell.araujo; junior.loff@edu.pucrs.br
----------------------------------------------------------------------


* [MAQAO] Info: Dumping samples (host platy-MS-7C02, process 21761)
* [MAQAO] Info: Dumping source info for callchain nodes (host platy-MS-7C02, process 21761)
* [MAQAO] Info: Building/writing metadata (host platy-MS-7C02)
* [MAQAO] Info: Finished collect step (host platy-MS-7C02, process 21761)


Your experiment path is /home/platy/Desktop/NPB-CG-CPP/NPB-OMP/ov_cgC_R1_1T/tools/lprof_run_0

To display your profiling results:
#################################################################################################################################
#    LEVEL    |     REPORT     |                                            COMMAND                                             #
#################################################################################################################################
#  Functions  |  Cluster-wide  |  maqao lprof -df xp=/home/platy/Desktop/NPB-CG-CPP/NPB-OMP/ov_cgC_R1_1T/tools/lprof_run_0      #
#  Functions  |  Per-node      |  maqao lprof -df -dn xp=/home/platy/Desktop/NPB-CG-CPP/NPB-OMP/ov_cgC_R1_1T/tools/lprof_run_0  #
#  Functions  |  Per-process   |  maqao lprof -df -dp xp=/home/platy/Desktop/NPB-CG-CPP/NPB-OMP/ov_cgC_R1_1T/tools/lprof_run_0  #
#  Functions  |  Per-thread    |  maqao lprof -df -dt xp=/home/platy/Desktop/NPB-CG-CPP/NPB-OMP/ov_cgC_R1_1T/tools/lprof_run_0  #
#  Loops      |  Cluster-wide  |  maqao lprof -dl xp=/home/platy/Desktop/NPB-CG-CPP/NPB-OMP/ov_cgC_R1_1T/tools/lprof_run_0      #
#  Loops      |  Per-node      |  maqao lprof -dl -dn xp=/home/platy/Desktop/NPB-CG-CPP/NPB-OMP/ov_cgC_R1_1T/tools/lprof_run_0  #
#  Loops      |  Per-process   |  maqao lprof -dl -dp xp=/home/platy/Desktop/NPB-CG-CPP/NPB-OMP/ov_cgC_R1_1T/tools/lprof_run_0  #
#  Loops      |  Per-thread    |  maqao lprof -dl -dt xp=/home/platy/Desktop/NPB-CG-CPP/NPB-OMP/ov_cgC_R1_1T/tools/lprof_run_0  #
#################################################################################################################################

