

 NAS Parallel Benchmarks 4.1 Parallel C++ version with OpenMP - CG Benchmark

 Size:      150000
 Iterations:    75
 Initialization time =           4.195 seconds

   iteration           ||r||                 zeta
        1       3.53179289851372e-13 1.0999944232374e+02
        2       8.03691273864812e-16 2.7392043714652e+01
        3       8.52736277946808e-16 2.8033976184027e+01
        4       8.75317448185287e-16 2.8419150755129e+01
        5       8.88281195907907e-16 2.8647167003889e+01
        6       8.94428627569871e-16 2.8781296941841e+01
        7       8.97785227641401e-16 2.8860045853735e+01
        8       9.07486611178392e-16 2.8906314557269e+01
        9       9.02540557515603e-16 2.8933564921462e+01
       10       9.11024541440829e-16 2.8949669544900e+01
       11       9.12134131196894e-16 2.8959226335375e+01
       12       9.07945084173904e-16 2.8964923348489e+01
       13       9.08074113704776e-16 2.8968335924893e+01
       14       9.09761250002634e-16 2.8970390396000e+01
       15       9.09602825444627e-16 2.8971633622837e+01
       16       9.12028491932833e-16 2.8972389860085e+01
       17       9.10558231712106e-16 2.8972852269223e+01
       18       9.09010610145681e-16 2.8973136479777e+01
       19       9.05690338712854e-16 2.8973312056929e+01
       20       9.14550727375958e-16 2.8973421066375e+01
       21       9.13246340482033e-16 2.8973489076055e+01
       22       9.09913408050348e-16 2.8973531706488e+01
       23       9.06914497847700e-16 2.8973558549725e+01
       24       9.10853899905865e-16 2.8973575525665e+01
       25       9.08987512433738e-16 2.8973586305938e+01
       26       9.04799890849908e-16 2.8973593178737e+01
       27       9.13252605712861e-16 2.8973597576737e+01
       28       9.06629659685795e-16 2.8973600400999e+01
       29       9.09723009361116e-16 2.8973602220677e+01
       30       9.10298758558412e-16 2.8973603396763e+01
       31       9.08876017994627e-16 2.8973604159115e+01
       32       9.04885254869490e-16 2.8973604654641e+01
       33       9.12631351908571e-16 2.8973604977562e+01
       34       9.12365888249153e-16 2.8973605188510e+01
       35       9.07213337235601e-16 2.8973605326625e+01
       36       9.06288548724879e-16 2.8973605417245e+01
       37       9.06583938796010e-16 2.8973605476823e+01
       38       9.06411359746837e-16 2.8973605516064e+01
       39       9.03805232883880e-16 2.8973605541957e+01
       40       9.06756805040912e-16 2.8973605559070e+01
       41       9.10635860288980e-16 2.8973605570398e+01
       42       9.08779485748574e-16 2.8973605577908e+01
       43       9.06990665552951e-16 2.8973605582893e+01
       44       9.07211237762064e-16 2.8973605586207e+01
       45       9.08629329023179e-16 2.8973605588413e+01
       46       9.03897451293193e-16 2.8973605589882e+01
       47       9.05079873155297e-16 2.8973605590863e+01
       48       9.07655392323462e-16 2.8973605591518e+01
       49       9.02791630766620e-16 2.8973605591955e+01
       50       9.10801461293663e-16 2.8973605592248e+01
       51       9.02091826576272e-16 2.8973605592445e+01
       52       9.06189981950682e-16 2.8973605592576e+01
       53       9.01301738652423e-16 2.8973605592664e+01
       54       9.06722826082728e-16 2.8973605592724e+01
       55       9.02190922111221e-16 2.8973605592763e+01
       56       9.07280428344610e-16 2.8973605592790e+01
       57       9.02737179976665e-16 2.8973605592808e+01
       58       9.03166663862910e-16 2.8973605592820e+01
       59       9.04995011737947e-16 2.8973605592828e+01
       60       9.07695774722830e-16 2.8973605592834e+01
       61       9.06434698987136e-16 2.8973605592838e+01
       62       9.07594030155127e-16 2.8973605592840e+01
       63       9.03570375549187e-16 2.8973605592842e+01
       64       9.02085878014001e-16 2.8973605592843e+01
       65       9.06455526694948e-16 2.8973605592844e+01
       66       9.04775630035832e-16 2.8973605592844e+01
       67       9.03775458681036e-16 2.8973605592845e+01
       68       9.04440927130890e-16 2.8973605592845e+01
       69       9.05992035724927e-16 2.8973605592845e+01
       70       9.02115787792520e-16 2.8973605592845e+01
       71       9.06649717560138e-16 2.8973605592845e+01
       72       9.06334053897216e-16 2.8973605592845e+01
       73       9.02714567138501e-16 2.8973605592845e+01
       74       9.05051472577524e-16 2.8973605592845e+01
       75       9.03093293896122e-16 2.8973605592845e+01
 Benchmark completed
 VERIFICATION SUCCESSFUL
 Zeta is     2.8973605592845e+01
 Error is    1.1894040102788e-14


 CG Benchmark Completed
 class_npb       =                        C
 Size            =                   150000
 Total threads   =                        6
 Iterations      =                       75
 Time in seconds =                    31.28
 Mop/s total     =                  4583.07
 Operation type  =           floating point
 Verification    =               SUCCESSFUL
 Version         =                      4.1
 Compile date    =              26 Feb 2026
 Compiler ver    =                   13.3.0
 OpenMP version  =                   201511

 Compile options:
    CC           = g++ -std=c++14
    CLINK        = $(CC)
    C_LIB        = -lm
    C_INC        = -I../common 
    CFLAGS       = -O3 -fopenmp -mcmodel=medium -g -grecord-gc...
    CLINKFLAGS   = -O3 -fopenmp -mcmodel=medium -g -fno-omit-f...
    RAND         = randdp


----------------------------------------------------------------------
    NPB-CPP is developed by: 
        Dalvan Griebler
        Gabriell Araujo (Sequential Porting)
        Júnior Löff (Parallel Implementation)

    In case of questions or problems, please send an e-mail to us:
        dalvan.griebler; gabriell.araujo; junior.loff@edu.pucrs.br
----------------------------------------------------------------------


* [MAQAO] Info: Dumping samples (host platy-MS-7C02, process 6190)
* [MAQAO] Info: Dumping source info for callchain nodes (host platy-MS-7C02, process 6190)
* [MAQAO] Info: Building/writing metadata (host platy-MS-7C02)
* [MAQAO] Info: Finished collect step (host platy-MS-7C02, process 6190)


Your experiment path is /home/platy/Desktop/NPB-CG-CPP/NPB-OMP/ov_cgC_WS/tools/lprof_run_3

To display your profiling results:
##############################################################################################################################
#    LEVEL    |     REPORT     |                                           COMMAND                                           #
##############################################################################################################################
#  Functions  |  Cluster-wide  |  maqao lprof -df xp=/home/platy/Desktop/NPB-CG-CPP/NPB-OMP/ov_cgC_WS/tools/lprof_run_3      #
#  Functions  |  Per-node      |  maqao lprof -df -dn xp=/home/platy/Desktop/NPB-CG-CPP/NPB-OMP/ov_cgC_WS/tools/lprof_run_3  #
#  Functions  |  Per-process   |  maqao lprof -df -dp xp=/home/platy/Desktop/NPB-CG-CPP/NPB-OMP/ov_cgC_WS/tools/lprof_run_3  #
#  Functions  |  Per-thread    |  maqao lprof -df -dt xp=/home/platy/Desktop/NPB-CG-CPP/NPB-OMP/ov_cgC_WS/tools/lprof_run_3  #
#  Loops      |  Cluster-wide  |  maqao lprof -dl xp=/home/platy/Desktop/NPB-CG-CPP/NPB-OMP/ov_cgC_WS/tools/lprof_run_3      #
#  Loops      |  Per-node      |  maqao lprof -dl -dn xp=/home/platy/Desktop/NPB-CG-CPP/NPB-OMP/ov_cgC_WS/tools/lprof_run_3  #
#  Loops      |  Per-process   |  maqao lprof -dl -dp xp=/home/platy/Desktop/NPB-CG-CPP/NPB-OMP/ov_cgC_WS/tools/lprof_run_3  #
#  Loops      |  Per-thread    |  maqao lprof -dl -dt xp=/home/platy/Desktop/NPB-CG-CPP/NPB-OMP/ov_cgC_WS/tools/lprof_run_3  #
##############################################################################################################################

