[LPROF] OMP_WAIT_POLICY=active: disabling OMP rank reading


 NAS Parallel Benchmarks 4.1 Parallel C++ version with OpenMP - CG Benchmark

 Size:      150000
 Iterations:    75
 Initialization time =           4.318 seconds

   iteration           ||r||                 zeta
        1       3.53418256449058e-13 1.0999944232374e+02
        2       8.02365280954346e-16 2.7392043714652e+01
        3       8.52932746267904e-16 2.8033976184027e+01
        4       8.75929021959270e-16 2.8419150755129e+01
        5       8.88944138285084e-16 2.8647167003890e+01
        6       8.94929869881546e-16 2.8781296941841e+01
        7       8.98469214782375e-16 2.8860045853735e+01
        8       9.07038044223971e-16 2.8906314557269e+01
        9       9.02753437105704e-16 2.8933564921461e+01
       10       9.12117018316779e-16 2.8949669544900e+01
       11       9.11808019451786e-16 2.8959226335375e+01
       12       9.06672978547349e-16 2.8964923348489e+01
       13       9.06545839264620e-16 2.8968335924893e+01
       14       9.12033513310954e-16 2.8970390396000e+01
       15       9.08581608813146e-16 2.8971633622837e+01
       16       9.12710501796173e-16 2.8972389860085e+01
       17       9.10855422339740e-16 2.8972852269223e+01
       18       9.09077710042345e-16 2.8973136479778e+01
       19       9.05695570446451e-16 2.8973312056928e+01
       20       9.12926180489755e-16 2.8973421066375e+01
       21       9.13894437427085e-16 2.8973489076055e+01
       22       9.10176471260028e-16 2.8973531706488e+01
       23       9.06652755070868e-16 2.8973558549725e+01
       24       9.11722441782235e-16 2.8973575525665e+01
       25       9.09764946183029e-16 2.8973586305938e+01
       26       9.04572605555853e-16 2.8973593178737e+01
       27       9.12254892077298e-16 2.8973597576737e+01
       28       9.06446168185907e-16 2.8973600400999e+01
       29       9.10237904706149e-16 2.8973602220677e+01
       30       9.11699293106710e-16 2.8973603396763e+01
       31       9.08964362405909e-16 2.8973604159115e+01
       32       9.04834646389740e-16 2.8973604654641e+01
       33       9.12660697535123e-16 2.8973604977562e+01
       34       9.10709458761262e-16 2.8973605188510e+01
       35       9.10048597163333e-16 2.8973605326625e+01
       36       9.03502397861273e-16 2.8973605417245e+01
       37       9.05769873700220e-16 2.8973605476822e+01
       38       9.06092484070538e-16 2.8973605516064e+01
       39       9.04249042228084e-16 2.8973605541957e+01
       40       9.08790034477155e-16 2.8973605559070e+01
       41       9.10008456016203e-16 2.8973605570398e+01
       42       9.09658562540695e-16 2.8973605577908e+01
       43       9.08097018636457e-16 2.8973605582893e+01
       44       9.07291443916414e-16 2.8973605586207e+01
       45       9.08672377913832e-16 2.8973605588413e+01
       46       9.04874672799054e-16 2.8973605589882e+01
       47       9.04402766159553e-16 2.8973605590863e+01
       48       9.08202716792758e-16 2.8973605591518e+01
       49       9.03778523735726e-16 2.8973605591955e+01
       50       9.10133921342292e-16 2.8973605592248e+01
       51       9.01324559333302e-16 2.8973605592444e+01
       52       9.03923004009891e-16 2.8973605592576e+01
       53       9.02728611010639e-16 2.8973605592664e+01
       54       9.06840181034400e-16 2.8973605592724e+01
       55       9.03008103408001e-16 2.8973605592764e+01
       56       9.09656161803681e-16 2.8973605592790e+01
       57       9.02288486161410e-16 2.8973605592808e+01
       58       9.03706346477736e-16 2.8973605592820e+01
       59       9.04084034487406e-16 2.8973605592828e+01
       60       9.06504698919609e-16 2.8973605592834e+01
       61       9.07147761317170e-16 2.8973605592838e+01
       62       9.05772485082755e-16 2.8973605592840e+01
       63       9.04021771632942e-16 2.8973605592842e+01
       64       9.01704028792272e-16 2.8973605592843e+01
       65       9.07634258656178e-16 2.8973605592844e+01
       66       9.05187727487717e-16 2.8973605592844e+01
       67       9.04661634963185e-16 2.8973605592845e+01
       68       9.06230953364145e-16 2.8973605592845e+01
       69       9.05687910016577e-16 2.8973605592845e+01
       70       9.03261757250271e-16 2.8973605592845e+01
       71       9.06183547494178e-16 2.8973605592845e+01
       72       9.06831451538249e-16 2.8973605592845e+01
       73       9.03994226510402e-16 2.8973605592846e+01
       74       9.03724481976731e-16 2.8973605592845e+01
       75       9.04676609319419e-16 2.8973605592846e+01
 Benchmark completed
 VERIFICATION SUCCESSFUL
 Zeta is     2.8973605592846e+01
 Error is    2.0722605952279e-14


 CG Benchmark Completed
 class_npb       =                        C
 Size            =                   150000
 Total threads   =                        3
 Iterations      =                       75
 Time in seconds =                    43.98
 Mop/s total     =                  3259.34
 Operation type  =           floating point
 Verification    =               SUCCESSFUL
 Version         =                      4.1
 Compile date    =              26 Feb 2026
 Compiler ver    =                   13.3.0
 OpenMP version  =                   201511

 Compile options:
    CC           = g++ -std=c++14
    CLINK        = $(CC)
    C_LIB        = -lm
    C_INC        = -I../common 
    CFLAGS       = -O3 -fopenmp -mcmodel=medium -g -grecord-gc...
    CLINKFLAGS   = -O3 -fopenmp -mcmodel=medium -g -fno-omit-f...
    RAND         = randdp


----------------------------------------------------------------------
    NPB-CPP is developed by: 
        Dalvan Griebler
        Gabriell Araujo (Sequential Porting)
        Júnior Löff (Parallel Implementation)

    In case of questions or problems, please send an e-mail to us:
        dalvan.griebler; gabriell.araujo; junior.loff@edu.pucrs.br
----------------------------------------------------------------------


* [MAQAO] Info: Dumping samples (host platy-MS-7C02, process 10392)
* [MAQAO] Info: Dumping source info for callchain nodes (host platy-MS-7C02, process 10392)
* [MAQAO] Info: Building/writing metadata (host platy-MS-7C02)
* [MAQAO] Info: Finished collect step (host platy-MS-7C02, process 10392)


Your experiment path is /home/platy/Desktop/NPB-CG-CPP/NPB-OMP/ov_cgC_WS/tools/lprof_run_2

To display your profiling results:
##############################################################################################################################
#    LEVEL    |     REPORT     |                                           COMMAND                                           #
##############################################################################################################################
#  Functions  |  Cluster-wide  |  maqao lprof -df xp=/home/platy/Desktop/NPB-CG-CPP/NPB-OMP/ov_cgC_WS/tools/lprof_run_2      #
#  Functions  |  Per-node      |  maqao lprof -df -dn xp=/home/platy/Desktop/NPB-CG-CPP/NPB-OMP/ov_cgC_WS/tools/lprof_run_2  #
#  Functions  |  Per-process   |  maqao lprof -df -dp xp=/home/platy/Desktop/NPB-CG-CPP/NPB-OMP/ov_cgC_WS/tools/lprof_run_2  #
#  Functions  |  Per-thread    |  maqao lprof -df -dt xp=/home/platy/Desktop/NPB-CG-CPP/NPB-OMP/ov_cgC_WS/tools/lprof_run_2  #
#  Loops      |  Cluster-wide  |  maqao lprof -dl xp=/home/platy/Desktop/NPB-CG-CPP/NPB-OMP/ov_cgC_WS/tools/lprof_run_2      #
#  Loops      |  Per-node      |  maqao lprof -dl -dn xp=/home/platy/Desktop/NPB-CG-CPP/NPB-OMP/ov_cgC_WS/tools/lprof_run_2  #
#  Loops      |  Per-process   |  maqao lprof -dl -dp xp=/home/platy/Desktop/NPB-CG-CPP/NPB-OMP/ov_cgC_WS/tools/lprof_run_2  #
#  Loops      |  Per-thread    |  maqao lprof -dl -dt xp=/home/platy/Desktop/NPB-CG-CPP/NPB-OMP/ov_cgC_WS/tools/lprof_run_2  #
##############################################################################################################################

