[LPROF] OMP_WAIT_POLICY=active: disabling OMP rank reading


 NAS Parallel Benchmarks 4.1 Parallel C++ version with OpenMP - CG Benchmark

 Size:      150000
 Iterations:    75
 Initialization time =           5.351 seconds

   iteration           ||r||                 zeta
        1       1.91632566475265e-13 1.0999944232374e+02
        2       5.57827064687342e-16 2.7392043714653e+01
        3       5.53627390118934e-16 2.8033976184027e+01
        4       5.52744386895807e-16 2.8419150755129e+01
        5       5.54542268413869e-16 2.8647167003890e+01
        6       5.55267058708622e-16 2.8781296941842e+01
        7       5.57599875381573e-16 2.8860045853734e+01
        8       5.57702531978577e-16 2.8906314557269e+01
        9       5.60405188355167e-16 2.8933564921462e+01
       10       5.60274753557689e-16 2.8949669544900e+01
       11       5.58650837742319e-16 2.8959226335375e+01
       12       5.58042892061437e-16 2.8964923348489e+01
       13       5.57853268021440e-16 2.8968335924893e+01
       14       5.58001280708128e-16 2.8970390396001e+01
       15       5.58829177493786e-16 2.8971633622837e+01
       16       5.59331324326220e-16 2.8972389860085e+01
       17       5.56889970393040e-16 2.8972852269222e+01
       18       5.56850449167813e-16 2.8973136479777e+01
       19       5.57384245530829e-16 2.8973312056929e+01
       20       5.57521998827245e-16 2.8973421066374e+01
       21       5.56187951448227e-16 2.8973489076055e+01
       22       5.55412925242525e-16 2.8973531706487e+01
       23       5.56022883664959e-16 2.8973558549725e+01
       24       5.53172369198950e-16 2.8973575525665e+01
       25       5.53039473982581e-16 2.8973586305938e+01
       26       5.53758793641772e-16 2.8973593178737e+01
       27       5.56353072598031e-16 2.8973597576737e+01
       28       5.55880114583896e-16 2.8973600400999e+01
       29       5.58177471308905e-16 2.8973602220677e+01
       30       5.54555900927659e-16 2.8973603396763e+01
       31       5.54158633416283e-16 2.8973604159115e+01
       32       5.53870735772375e-16 2.8973604654640e+01
       33       5.52978836988176e-16 2.8973604977562e+01
       34       5.51635900364677e-16 2.8973605188510e+01
       35       5.50822718293541e-16 2.8973605326625e+01
       36       5.52112848086770e-16 2.8973605417245e+01
       37       5.52813714026010e-16 2.8973605476822e+01
       38       5.53974489896489e-16 2.8973605516064e+01
       39       5.50758539729170e-16 2.8973605541957e+01
       40       5.51329628821783e-16 2.8973605559070e+01
       41       5.50224754031687e-16 2.8973605570398e+01
       42       5.53487683944192e-16 2.8973605577908e+01
       43       5.49904375257309e-16 2.8973605582894e+01
       44       5.50754355781294e-16 2.8973605586207e+01
       45       5.50188641856606e-16 2.8973605588413e+01
       46       5.51619672471442e-16 2.8973605589882e+01
       47       5.49998756396144e-16 2.8973605590863e+01
       48       5.51547914808116e-16 2.8973605591517e+01
       49       5.47921120593838e-16 2.8973605591956e+01
       50       5.52405497550839e-16 2.8973605592248e+01
       51       5.47927913334212e-16 2.8973605592445e+01
       52       5.49379162252929e-16 2.8973605592576e+01
       53       5.49511088301818e-16 2.8973605592664e+01
       54       5.48850133663717e-16 2.8973605592724e+01
       55       5.49607528728501e-16 2.8973605592763e+01
       56       5.48999891811853e-16 2.8973605592790e+01
       57       5.47414570054842e-16 2.8973605592808e+01
       58       5.44572314100441e-16 2.8973605592821e+01
       59       5.46120102649031e-16 2.8973605592828e+01
       60       5.49204801667399e-16 2.8973605592834e+01
       61       5.45946684107380e-16 2.8973605592838e+01
       62       5.47713313355336e-16 2.8973605592840e+01
       63       5.45080532170113e-16 2.8973605592842e+01
       64       5.46351194904704e-16 2.8973605592844e+01
       65       5.45053701984817e-16 2.8973605592844e+01
       66       5.46952397998699e-16 2.8973605592844e+01
       67       5.45985253382998e-16 2.8973605592845e+01
       68       5.47125557521256e-16 2.8973605592845e+01
       69       5.46828818110211e-16 2.8973605592844e+01
       70       5.47234147595288e-16 2.8973605592845e+01
       71       5.46260508197537e-16 2.8973605592845e+01
       72       5.42733906536328e-16 2.8973605592846e+01
       73       5.43266926112402e-16 2.8973605592845e+01
       74       5.45333387166917e-16 2.8973605592845e+01
       75       5.43605001676775e-16 2.8973605592846e+01
 Benchmark completed
 VERIFICATION SUCCESSFUL
 Zeta is     2.8973605592846e+01
 Error is    2.8570220040717e-14


 CG Benchmark Completed
 class_npb       =                        C
 Size            =                   150000
 Total threads   =                        1
 Iterations      =                       75
 Time in seconds =                   118.18
 Mop/s total     =                  1213.00
 Operation type  =           floating point
 Verification    =               SUCCESSFUL
 Version         =                      4.1
 Compile date    =              26 Feb 2026
 Compiler ver    =                   13.3.0
 OpenMP version  =                   201511

 Compile options:
    CC           = g++ -std=c++14
    CLINK        = $(CC)
    C_LIB        = -lm
    C_INC        = -I../common 
    CFLAGS       = -O3 -fopenmp -mcmodel=medium -g -grecord-gc...
    CLINKFLAGS   = -O3 -fopenmp -mcmodel=medium -g -fno-omit-f...
    RAND         = randdp


----------------------------------------------------------------------
    NPB-CPP is developed by: 
        Dalvan Griebler
        Gabriell Araujo (Sequential Porting)
        Júnior Löff (Parallel Implementation)

    In case of questions or problems, please send an e-mail to us:
        dalvan.griebler; gabriell.araujo; junior.loff@edu.pucrs.br
----------------------------------------------------------------------


* [MAQAO] Info: Dumping samples (host platy-MS-7C02, process 17701)
* [MAQAO] Info: Dumping source info for callchain nodes (host platy-MS-7C02, process 17701)
* [MAQAO] Info: Building/writing metadata (host platy-MS-7C02)
* [MAQAO] Info: Finished collect step (host platy-MS-7C02, process 17701)


Your experiment path is /home/platy/Desktop/NPB-CG-CPP/NPB-OMP/ov_cgC_R1_1T/tools/lprof_run_0

To display your profiling results:
#################################################################################################################################
#    LEVEL    |     REPORT     |                                            COMMAND                                             #
#################################################################################################################################
#  Functions  |  Cluster-wide  |  maqao lprof -df xp=/home/platy/Desktop/NPB-CG-CPP/NPB-OMP/ov_cgC_R1_1T/tools/lprof_run_0      #
#  Functions  |  Per-node      |  maqao lprof -df -dn xp=/home/platy/Desktop/NPB-CG-CPP/NPB-OMP/ov_cgC_R1_1T/tools/lprof_run_0  #
#  Functions  |  Per-process   |  maqao lprof -df -dp xp=/home/platy/Desktop/NPB-CG-CPP/NPB-OMP/ov_cgC_R1_1T/tools/lprof_run_0  #
#  Functions  |  Per-thread    |  maqao lprof -df -dt xp=/home/platy/Desktop/NPB-CG-CPP/NPB-OMP/ov_cgC_R1_1T/tools/lprof_run_0  #
#  Loops      |  Cluster-wide  |  maqao lprof -dl xp=/home/platy/Desktop/NPB-CG-CPP/NPB-OMP/ov_cgC_R1_1T/tools/lprof_run_0      #
#  Loops      |  Per-node      |  maqao lprof -dl -dn xp=/home/platy/Desktop/NPB-CG-CPP/NPB-OMP/ov_cgC_R1_1T/tools/lprof_run_0  #
#  Loops      |  Per-process   |  maqao lprof -dl -dp xp=/home/platy/Desktop/NPB-CG-CPP/NPB-OMP/ov_cgC_R1_1T/tools/lprof_run_0  #
#  Loops      |  Per-thread    |  maqao lprof -dl -dt xp=/home/platy/Desktop/NPB-CG-CPP/NPB-OMP/ov_cgC_R1_1T/tools/lprof_run_0  #
#################################################################################################################################

