

 NAS Parallel Benchmarks 4.1 Parallel C++ version with OpenMP - CG Benchmark

 Size:      150000
 Iterations:    75
 Initialization time =           4.163 seconds

   iteration           ||r||                 zeta
        1       3.53100825970895e-13 1.0999944232374e+02
        2       8.02313827225822e-16 2.7392043714652e+01
        3       8.51761316245890e-16 2.8033976184027e+01
        4       8.76251015279951e-16 2.8419150755129e+01
        5       8.87735397005810e-16 2.8647167003889e+01
        6       8.93745316328213e-16 2.8781296941841e+01
        7       8.96582735195498e-16 2.8860045853735e+01
        8       9.06738737483042e-16 2.8906314557269e+01
        9       9.01796994471710e-16 2.8933564921462e+01
       10       9.12014853074615e-16 2.8949669544900e+01
       11       9.12065980624083e-16 2.8959226335375e+01
       12       9.07442724347289e-16 2.8964923348489e+01
       13       9.09109667117731e-16 2.8968335924893e+01
       14       9.10544938356809e-16 2.8970390396000e+01
       15       9.08586610023603e-16 2.8971633622837e+01
       16       9.12937755642386e-16 2.8972389860085e+01
       17       9.11866956925145e-16 2.8972852269223e+01
       18       9.08535725364298e-16 2.8973136479778e+01
       19       9.06007820484241e-16 2.8973312056929e+01
       20       9.14543943649695e-16 2.8973421066375e+01
       21       9.13625588654109e-16 2.8973489076055e+01
       22       9.11731010426505e-16 2.8973531706488e+01
       23       9.07991341350336e-16 2.8973558549725e+01
       24       9.11051120412767e-16 2.8973575525665e+01
       25       9.10162184718862e-16 2.8973586305938e+01
       26       9.05120918764268e-16 2.8973593178737e+01
       27       9.12238436626389e-16 2.8973597576737e+01
       28       9.06754174211680e-16 2.8973600400999e+01
       29       9.08704269202709e-16 2.8973602220677e+01
       30       9.10628272882778e-16 2.8973603396763e+01
       31       9.09226293820543e-16 2.8973604159115e+01
       32       9.03775417222858e-16 2.8973604654641e+01
       33       9.14069270764621e-16 2.8973604977562e+01
       34       9.11564439872849e-16 2.8973605188510e+01
       35       9.07297071292760e-16 2.8973605326625e+01
       36       9.05451652479652e-16 2.8973605417245e+01
       37       9.06140780485982e-16 2.8973605476823e+01
       38       9.06299132931472e-16 2.8973605516064e+01
       39       9.04115381474034e-16 2.8973605541957e+01
       40       9.07257543691180e-16 2.8973605559070e+01
       41       9.09370237776898e-16 2.8973605570398e+01
       42       9.09042461281758e-16 2.8973605577908e+01
       43       9.08272783494325e-16 2.8973605582893e+01
       44       9.06755201589079e-16 2.8973605586207e+01
       45       9.09498145050053e-16 2.8973605588413e+01
       46       9.05739967784188e-16 2.8973605589882e+01
       47       9.04139389416080e-16 2.8973605590863e+01
       48       9.08438597315356e-16 2.8973605591518e+01
       49       9.02483216288805e-16 2.8973605591955e+01
       50       9.10689174062753e-16 2.8973605592248e+01
       51       9.02231362210256e-16 2.8973605592445e+01
       52       9.05329642478131e-16 2.8973605592576e+01
       53       9.02559973256429e-16 2.8973605592664e+01
       54       9.06847114746475e-16 2.8973605592724e+01
       55       9.02066113259532e-16 2.8973605592763e+01
       56       9.07632878543971e-16 2.8973605592790e+01
       57       9.02863660629517e-16 2.8973605592808e+01
       58       9.03583319441542e-16 2.8973605592820e+01
       59       9.03994592635595e-16 2.8973605592828e+01
       60       9.06234933906140e-16 2.8973605592834e+01
       61       9.06734631943104e-16 2.8973605592838e+01
       62       9.06522592034351e-16 2.8973605592840e+01
       63       9.03090149637933e-16 2.8973605592842e+01
       64       9.02576104967582e-16 2.8973605592843e+01
       65       9.05978642122120e-16 2.8973605592844e+01
       66       9.04365535372586e-16 2.8973605592844e+01
       67       9.04335235307713e-16 2.8973605592845e+01
       68       9.05162764026103e-16 2.8973605592845e+01
       69       9.05049975286217e-16 2.8973605592845e+01
       70       9.03304972884311e-16 2.8973605592845e+01
       71       9.06881317097025e-16 2.8973605592845e+01
       72       9.06567900687368e-16 2.8973605592845e+01
       73       9.02710327727815e-16 2.8973605592845e+01
       74       9.04307936961890e-16 2.8973605592845e+01
       75       9.03555009238570e-16 2.8973605592845e+01
 Benchmark completed
 VERIFICATION SUCCESSFUL
 Zeta is     2.8973605592845e+01
 Error is    1.2384515983315e-14


 CG Benchmark Completed
 class_npb       =                        C
 Size            =                   150000
 Total threads   =                        6
 Iterations      =                       75
 Time in seconds =                    31.22
 Mop/s total     =                  4591.54
 Operation type  =           floating point
 Verification    =               SUCCESSFUL
 Version         =                      4.1
 Compile date    =              26 Feb 2026
 Compiler ver    =                   13.3.0
 OpenMP version  =                   201511

 Compile options:
    CC           = g++ -std=c++14
    CLINK        = $(CC)
    C_LIB        = -lm
    C_INC        = -I../common 
    CFLAGS       = -O3 -fopenmp -mcmodel=medium -g -grecord-gc...
    CLINKFLAGS   = -O3 -fopenmp -mcmodel=medium -g -fno-omit-f...
    RAND         = randdp


----------------------------------------------------------------------
    NPB-CPP is developed by: 
        Dalvan Griebler
        Gabriell Araujo (Sequential Porting)
        Júnior Löff (Parallel Implementation)

    In case of questions or problems, please send an e-mail to us:
        dalvan.griebler; gabriell.araujo; junior.loff@edu.pucrs.br
----------------------------------------------------------------------


* [MAQAO] Info: Dumping samples (host platy-MS-7C02, process 5719)
* [MAQAO] Info: Dumping source info for callchain nodes (host platy-MS-7C02, process 5719)
* [MAQAO] Info: Building/writing metadata (host platy-MS-7C02)
* [MAQAO] Info: Finished collect step (host platy-MS-7C02, process 5719)


Your experiment path is /home/platy/Desktop/NPB-CG-CPP/NPB-OMP/ov_cgC_R1_6T/tools/lprof_run_0

To display your profiling results:
#################################################################################################################################
#    LEVEL    |     REPORT     |                                            COMMAND                                             #
#################################################################################################################################
#  Functions  |  Cluster-wide  |  maqao lprof -df xp=/home/platy/Desktop/NPB-CG-CPP/NPB-OMP/ov_cgC_R1_6T/tools/lprof_run_0      #
#  Functions  |  Per-node      |  maqao lprof -df -dn xp=/home/platy/Desktop/NPB-CG-CPP/NPB-OMP/ov_cgC_R1_6T/tools/lprof_run_0  #
#  Functions  |  Per-process   |  maqao lprof -df -dp xp=/home/platy/Desktop/NPB-CG-CPP/NPB-OMP/ov_cgC_R1_6T/tools/lprof_run_0  #
#  Functions  |  Per-thread    |  maqao lprof -df -dt xp=/home/platy/Desktop/NPB-CG-CPP/NPB-OMP/ov_cgC_R1_6T/tools/lprof_run_0  #
#  Loops      |  Cluster-wide  |  maqao lprof -dl xp=/home/platy/Desktop/NPB-CG-CPP/NPB-OMP/ov_cgC_R1_6T/tools/lprof_run_0      #
#  Loops      |  Per-node      |  maqao lprof -dl -dn xp=/home/platy/Desktop/NPB-CG-CPP/NPB-OMP/ov_cgC_R1_6T/tools/lprof_run_0  #
#  Loops      |  Per-process   |  maqao lprof -dl -dp xp=/home/platy/Desktop/NPB-CG-CPP/NPB-OMP/ov_cgC_R1_6T/tools/lprof_run_0  #
#  Loops      |  Per-thread    |  maqao lprof -dl -dt xp=/home/platy/Desktop/NPB-CG-CPP/NPB-OMP/ov_cgC_R1_6T/tools/lprof_run_0  #
#################################################################################################################################

