[LPROF] OMP_WAIT_POLICY=active: disabling OMP rank reading


 NAS Parallel Benchmarks 4.1 Parallel C++ version with OpenMP - CG Benchmark

 Size:      150000
 Iterations:    75
 Initialization time =           4.384 seconds

   iteration           ||r||                 zeta
        1       3.53210838028071e-13 1.0999944232374e+02
        2       8.03565010650488e-16 2.7392043714652e+01
        3       8.53519015246999e-16 2.8033976184027e+01
        4       8.76097667940365e-16 2.8419150755129e+01
        5       8.88203949435639e-16 2.8647167003889e+01
        6       8.93823681785399e-16 2.8781296941841e+01
        7       8.99248549961928e-16 2.8860045853735e+01
        8       9.06299139011285e-16 2.8906314557269e+01
        9       9.02588899102858e-16 2.8933564921462e+01
       10       9.12137465778913e-16 2.8949669544900e+01
       11       9.12433903292186e-16 2.8959226335375e+01
       12       9.07147279841325e-16 2.8964923348489e+01
       13       9.08688986474345e-16 2.8968335924893e+01
       14       9.11381865327417e-16 2.8970390396000e+01
       15       9.07675127238953e-16 2.8971633622837e+01
       16       9.12526494804713e-16 2.8972389860085e+01
       17       9.11736484695236e-16 2.8972852269223e+01
       18       9.08747299991078e-16 2.8973136479777e+01
       19       9.05927237928762e-16 2.8973312056929e+01
       20       9.13911886814392e-16 2.8973421066375e+01
       21       9.13529197597822e-16 2.8973489076055e+01
       22       9.10462073102109e-16 2.8973531706488e+01
       23       9.07592917516985e-16 2.8973558549725e+01
       24       9.10625378122809e-16 2.8973575525664e+01
       25       9.09367091792781e-16 2.8973586305938e+01
       26       9.04908374072732e-16 2.8973593178737e+01
       27       9.12749525618091e-16 2.8973597576737e+01
       28       9.07414398127696e-16 2.8973600400999e+01
       29       9.09964564053467e-16 2.8973602220677e+01
       30       9.11447149511682e-16 2.8973603396763e+01
       31       9.09778166547170e-16 2.8973604159115e+01
       32       9.03613094284047e-16 2.8973604654641e+01
       33       9.13585615529316e-16 2.8973604977562e+01
       34       9.12079919976285e-16 2.8973605188510e+01
       35       9.07780588424322e-16 2.8973605326625e+01
       36       9.05920618729987e-16 2.8973605417245e+01
       37       9.06039801507316e-16 2.8973605476823e+01
       38       9.06358604932506e-16 2.8973605516064e+01
       39       9.04801442145983e-16 2.8973605541957e+01
       40       9.07561215458826e-16 2.8973605559070e+01
       41       9.09312839224536e-16 2.8973605570398e+01
       42       9.08780801062104e-16 2.8973605577908e+01
       43       9.06674986487260e-16 2.8973605582893e+01
       44       9.06634951231541e-16 2.8973605586207e+01
       45       9.09202733725354e-16 2.8973605588413e+01
       46       9.04575008820073e-16 2.8973605589882e+01
       47       9.05131061673630e-16 2.8973605590863e+01
       48       9.07758920271341e-16 2.8973605591518e+01
       49       9.02458505280933e-16 2.8973605591955e+01
       50       9.09908352364375e-16 2.8973605592248e+01
       51       9.03594518305804e-16 2.8973605592445e+01
       52       9.05224618484258e-16 2.8973605592576e+01
       53       9.02464681773445e-16 2.8973605592664e+01
       54       9.06437031257077e-16 2.8973605592724e+01
       55       9.02748215991676e-16 2.8973605592763e+01
       56       9.06139063244958e-16 2.8973605592790e+01
       57       9.02846827322039e-16 2.8973605592808e+01
       58       9.03595633834687e-16 2.8973605592820e+01
       59       9.04465503560554e-16 2.8973605592828e+01
       60       9.07002527057997e-16 2.8973605592834e+01
       61       9.06746260206772e-16 2.8973605592838e+01
       62       9.05757585622846e-16 2.8973605592840e+01
       63       9.04256922434129e-16 2.8973605592842e+01
       64       9.03495330737418e-16 2.8973605592843e+01
       65       9.06052779450111e-16 2.8973605592844e+01
       66       9.05953833044541e-16 2.8973605592844e+01
       67       9.05473185171425e-16 2.8973605592845e+01
       68       9.03907488858062e-16 2.8973605592845e+01
       69       9.06178216423378e-16 2.8973605592845e+01
       70       9.03070130666227e-16 2.8973605592845e+01
       71       9.07225195829329e-16 2.8973605592845e+01
       72       9.06395940280588e-16 2.8973605592845e+01
       73       9.03384490169945e-16 2.8973605592845e+01
       74       9.03657894749504e-16 2.8973605592845e+01
       75       9.04236571391535e-16 2.8973605592845e+01
 Benchmark completed
 VERIFICATION SUCCESSFUL
 Zeta is     2.8973605592845e+01
 Error is    1.1403564222260e-14


 CG Benchmark Completed
 class_npb       =                        C
 Size            =                   150000
 Total threads   =                        6
 Iterations      =                       75
 Time in seconds =                    31.15
 Mop/s total     =                  4601.69
 Operation type  =           floating point
 Verification    =               SUCCESSFUL
 Version         =                      4.1
 Compile date    =              26 Feb 2026
 Compiler ver    =                   13.3.0
 OpenMP version  =                   201511

 Compile options:
    CC           = g++ -std=c++14
    CLINK        = $(CC)
    C_LIB        = -lm
    C_INC        = -I../common 
    CFLAGS       = -O3 -fopenmp -mcmodel=medium -g -grecord-gc...
    CLINKFLAGS   = -O3 -fopenmp -mcmodel=medium -g -fno-omit-f...
    RAND         = randdp


----------------------------------------------------------------------
    NPB-CPP is developed by: 
        Dalvan Griebler
        Gabriell Araujo (Sequential Porting)
        Júnior Löff (Parallel Implementation)

    In case of questions or problems, please send an e-mail to us:
        dalvan.griebler; gabriell.araujo; junior.loff@edu.pucrs.br
----------------------------------------------------------------------


* [MAQAO] Info: Dumping samples (host platy-MS-7C02, process 10116)
* [MAQAO] Info: Dumping source info for callchain nodes (host platy-MS-7C02, process 10116)
* [MAQAO] Info: Building/writing metadata (host platy-MS-7C02)
* [MAQAO] Info: Finished collect step (host platy-MS-7C02, process 10116)


Your experiment path is /home/platy/Desktop/NPB-CG-CPP/NPB-OMP/ov_cgC_S1_6T/tools/lprof_run_0

To display your profiling results:
#################################################################################################################################
#    LEVEL    |     REPORT     |                                            COMMAND                                             #
#################################################################################################################################
#  Functions  |  Cluster-wide  |  maqao lprof -df xp=/home/platy/Desktop/NPB-CG-CPP/NPB-OMP/ov_cgC_S1_6T/tools/lprof_run_0      #
#  Functions  |  Per-node      |  maqao lprof -df -dn xp=/home/platy/Desktop/NPB-CG-CPP/NPB-OMP/ov_cgC_S1_6T/tools/lprof_run_0  #
#  Functions  |  Per-process   |  maqao lprof -df -dp xp=/home/platy/Desktop/NPB-CG-CPP/NPB-OMP/ov_cgC_S1_6T/tools/lprof_run_0  #
#  Functions  |  Per-thread    |  maqao lprof -df -dt xp=/home/platy/Desktop/NPB-CG-CPP/NPB-OMP/ov_cgC_S1_6T/tools/lprof_run_0  #
#  Loops      |  Cluster-wide  |  maqao lprof -dl xp=/home/platy/Desktop/NPB-CG-CPP/NPB-OMP/ov_cgC_S1_6T/tools/lprof_run_0      #
#  Loops      |  Per-node      |  maqao lprof -dl -dn xp=/home/platy/Desktop/NPB-CG-CPP/NPB-OMP/ov_cgC_S1_6T/tools/lprof_run_0  #
#  Loops      |  Per-process   |  maqao lprof -dl -dp xp=/home/platy/Desktop/NPB-CG-CPP/NPB-OMP/ov_cgC_S1_6T/tools/lprof_run_0  #
#  Loops      |  Per-thread    |  maqao lprof -dl -dt xp=/home/platy/Desktop/NPB-CG-CPP/NPB-OMP/ov_cgC_S1_6T/tools/lprof_run_0  #
#################################################################################################################################

