

 NAS Parallel Benchmarks 4.1 Parallel C++ version with OpenMP - CG Benchmark

 Size:      150000
 Iterations:    75
 Initialization time =           9.731 seconds

   iteration           ||r||                 zeta
        1       3.53218864216294e-13 1.0999944232374e+02
        2       8.03882327738599e-16 2.7392043714652e+01
        3       8.53785082690684e-16 2.8033976184027e+01
        4       8.76863332122124e-16 2.8419150755129e+01
        5       8.92817823859899e-16 2.8647167003890e+01
        6       8.96850136578539e-16 2.8781296941841e+01
        7       8.99568135341008e-16 2.8860045853735e+01
        8       9.07429817290105e-16 2.8906314557269e+01
        9       9.09519885663961e-16 2.8933564921462e+01
       10       9.11886551951259e-16 2.8949669544900e+01
       11       9.10606311041614e-16 2.8959226335375e+01
       12       9.10169524972991e-16 2.8964923348489e+01
       13       9.07909309963828e-16 2.8968335924894e+01
       14       9.15905600422194e-16 2.8970390396001e+01
       15       9.06007633165753e-16 2.8971633622837e+01
       16       9.14046201216106e-16 2.8972389860086e+01
       17       9.09769592834651e-16 2.8972852269223e+01
       18       9.11074266606898e-16 2.8973136479777e+01
       19       9.05512372415297e-16 2.8973312056929e+01
       20       9.15051845708192e-16 2.8973421066375e+01
       21       9.14841190669137e-16 2.8973489076055e+01
       22       9.13370015332322e-16 2.8973531706487e+01
       23       9.08993544745002e-16 2.8973558549726e+01
       24       9.15567623606287e-16 2.8973575525665e+01
       25       9.08162983893352e-16 2.8973586305939e+01
       26       9.02099407597173e-16 2.8973593178737e+01
       27       9.16111797625879e-16 2.8973597576737e+01
       28       9.10687173763470e-16 2.8973600400999e+01
       29       9.07189703402173e-16 2.8973602220678e+01
       30       9.09828663162043e-16 2.8973603396763e+01
       31       9.12590920632290e-16 2.8973604159115e+01
       32       9.07128372904844e-16 2.8973604654641e+01
       33       9.13868685989228e-16 2.8973604977562e+01
       34       9.13111569288379e-16 2.8973605188510e+01
       35       9.10705517944659e-16 2.8973605326624e+01
       36       9.05015023444152e-16 2.8973605417246e+01
       37       9.10055698566863e-16 2.8973605476822e+01
       38       9.09722171081438e-16 2.8973605516064e+01
       39       9.08560761110281e-16 2.8973605541957e+01
       40       9.06940539088854e-16 2.8973605559070e+01
       41       9.10616951559696e-16 2.8973605570398e+01
       42       9.09168061531439e-16 2.8973605577908e+01
       43       9.10699935428084e-16 2.8973605582893e+01
       44       9.06634093889779e-16 2.8973605586207e+01
       45       9.10678591667316e-16 2.8973605588413e+01
       46       9.04072419114972e-16 2.8973605589882e+01
       47       9.04803999890837e-16 2.8973605590863e+01
       48       9.09786584728532e-16 2.8973605591518e+01
       49       9.06634425319724e-16 2.8973605591956e+01
       50       9.10313659555450e-16 2.8973605592248e+01
       51       9.06882822706412e-16 2.8973605592445e+01
       52       9.03951438010312e-16 2.8973605592576e+01
       53       9.03824176822070e-16 2.8973605592665e+01
       54       9.08865319910375e-16 2.8973605592724e+01
       55       9.02962930196205e-16 2.8973605592763e+01
       56       9.06161409825850e-16 2.8973605592790e+01
       57       9.04751202917360e-16 2.8973605592808e+01
       58       9.04973004925832e-16 2.8973605592821e+01
       59       9.07462743200602e-16 2.8973605592828e+01
       60       9.08878451913474e-16 2.8973605592834e+01
       61       9.06638666234754e-16 2.8973605592838e+01
       62       9.07106641791993e-16 2.8973605592840e+01
       63       9.07191374112971e-16 2.8973605592842e+01
       64       9.03881732906718e-16 2.8973605592843e+01
       65       9.06122937803809e-16 2.8973605592844e+01
       66       9.08783491102746e-16 2.8973605592844e+01
       67       9.06435520449362e-16 2.8973605592845e+01
       68       9.07194206944703e-16 2.8973605592845e+01
       69       9.09042761930410e-16 2.8973605592845e+01
       70       9.02719274903827e-16 2.8973605592846e+01
       71       9.09387305399345e-16 2.8973605592845e+01
       72       9.07232535551870e-16 2.8973605592845e+01
       73       9.03673878001402e-16 2.8973605592846e+01
       74       9.04274172281521e-16 2.8973605592845e+01
       75       9.01245862572010e-16 2.8973605592846e+01
 Benchmark completed
 VERIFICATION SUCCESSFUL
 Zeta is     2.8973605592846e+01
 Error is    2.7098792399135e-14


 CG Benchmark Completed
 class_npb       =                        C
 Size            =                   150000
 Total threads   =                        6
 Iterations      =                       75
 Time in seconds =                    37.99
 Mop/s total     =                  3773.48
 Operation type  =           floating point
 Verification    =               SUCCESSFUL
 Version         =                      4.1
 Compile date    =              24 Feb 2026
 Compiler ver    =                   13.3.0
 OpenMP version  =                   201511

 Compile options:
    CC           = g++ -std=c++14
    CLINK        = $(CC)
    C_LIB        = -lm
    C_INC        = -I../common 
    CFLAGS       = -O3 -fopenmp -mcmodel=medium
    CLINKFLAGS   = -O3 -fopenmp -mcmodel=medium
    RAND         = randdp


----------------------------------------------------------------------
    NPB-CPP is developed by: 
        Dalvan Griebler
        Gabriell Araujo (Sequential Porting)
        Júnior Löff (Parallel Implementation)

    In case of questions or problems, please send an e-mail to us:
        dalvan.griebler; gabriell.araujo; junior.loff@edu.pucrs.br
----------------------------------------------------------------------


* [MAQAO] Info: Dumping samples (host platy-MS-7C02, process 15384)
* [MAQAO] Info: Dumping source info for callchain nodes (host platy-MS-7C02, process 15384)
* [MAQAO] Info: Building/writing metadata (host platy-MS-7C02)
* [MAQAO] Info: Finished collect step (host platy-MS-7C02, process 15384)


Your experiment path is /home/platy/Desktop/NPB-CG-CPP/NPB-OMP/ov_cgC_S1_6T/tools/lprof_run_0

To display your profiling results:
#################################################################################################################################
#    LEVEL    |     REPORT     |                                            COMMAND                                             #
#################################################################################################################################
#  Functions  |  Cluster-wide  |  maqao lprof -df xp=/home/platy/Desktop/NPB-CG-CPP/NPB-OMP/ov_cgC_S1_6T/tools/lprof_run_0      #
#  Functions  |  Per-node      |  maqao lprof -df -dn xp=/home/platy/Desktop/NPB-CG-CPP/NPB-OMP/ov_cgC_S1_6T/tools/lprof_run_0  #
#  Functions  |  Per-process   |  maqao lprof -df -dp xp=/home/platy/Desktop/NPB-CG-CPP/NPB-OMP/ov_cgC_S1_6T/tools/lprof_run_0  #
#  Functions  |  Per-thread    |  maqao lprof -df -dt xp=/home/platy/Desktop/NPB-CG-CPP/NPB-OMP/ov_cgC_S1_6T/tools/lprof_run_0  #
#  Loops      |  Cluster-wide  |  maqao lprof -dl xp=/home/platy/Desktop/NPB-CG-CPP/NPB-OMP/ov_cgC_S1_6T/tools/lprof_run_0      #
#  Loops      |  Per-node      |  maqao lprof -dl -dn xp=/home/platy/Desktop/NPB-CG-CPP/NPB-OMP/ov_cgC_S1_6T/tools/lprof_run_0  #
#  Loops      |  Per-process   |  maqao lprof -dl -dp xp=/home/platy/Desktop/NPB-CG-CPP/NPB-OMP/ov_cgC_S1_6T/tools/lprof_run_0  #
#  Loops      |  Per-thread    |  maqao lprof -dl -dt xp=/home/platy/Desktop/NPB-CG-CPP/NPB-OMP/ov_cgC_S1_6T/tools/lprof_run_0  #
#################################################################################################################################

