

 NAS Parallel Benchmarks 4.1 Parallel C++ version with OpenMP - CG Benchmark

 Size:      150000
 Iterations:    75
 Initialization time =           8.973 seconds

   iteration           ||r||                 zeta
        1       1.56902168302491e-13 1.0999944232374e+02
        2       4.50445803197897e-16 2.7392043714652e+01
        3       4.48479648738353e-16 2.8033976184027e+01
        4       4.48608743824638e-16 2.8419150755129e+01
        5       4.48574115080470e-16 2.8647167003889e+01
        6       4.48774631235443e-16 2.8781296941841e+01
        7       4.49121730110825e-16 2.8860045853735e+01
        8       4.50556085472246e-16 2.8906314557269e+01
        9       4.48930013185699e-16 2.8933564921462e+01
       10       4.50405087955406e-16 2.8949669544900e+01
       11       4.49431902772361e-16 2.8959226335375e+01
       12       4.51517589335161e-16 2.8964923348489e+01
       13       4.49559799438044e-16 2.8968335924893e+01
       14       4.51037440566662e-16 2.8970390396000e+01
       15       4.48598422137759e-16 2.8971633622837e+01
       16       4.50022932815781e-16 2.8972389860085e+01
       17       4.48390794839740e-16 2.8972852269223e+01
       18       4.47835057944734e-16 2.8973136479778e+01
       19       4.46754978356121e-16 2.8973312056929e+01
       20       4.45745028685131e-16 2.8973421066375e+01
       21       4.47446908371209e-16 2.8973489076055e+01
       22       4.48719965507487e-16 2.8973531706488e+01
       23       4.47254631224145e-16 2.8973558549725e+01
       24       4.47116098841025e-16 2.8973575525665e+01
       25       4.48045816450894e-16 2.8973586305938e+01
       26       4.45138937725755e-16 2.8973593178737e+01
       27       4.45692684872943e-16 2.8973597576737e+01
       28       4.45332664514631e-16 2.8973600400999e+01
       29       4.46109821572748e-16 2.8973602220677e+01
       30       4.46172405576016e-16 2.8973603396763e+01
       31       4.46806234982577e-16 2.8973604159115e+01
       32       4.43956259542920e-16 2.8973604654641e+01
       33       4.42265097927686e-16 2.8973604977562e+01
       34       4.41923868611660e-16 2.8973605188510e+01
       35       4.45295193999532e-16 2.8973605326625e+01
       36       4.42602442244090e-16 2.8973605417245e+01
       37       4.41759820804528e-16 2.8973605476823e+01
       38       4.42932575671285e-16 2.8973605516064e+01
       39       4.42308979264289e-16 2.8973605541957e+01
       40       4.41217823312973e-16 2.8973605559070e+01
       41       4.41263189879436e-16 2.8973605570398e+01
       42       4.42638333205980e-16 2.8973605577908e+01
       43       4.43293215252140e-16 2.8973605582893e+01
       44       4.42454255604229e-16 2.8973605586207e+01
       45       4.41534175724365e-16 2.8973605588413e+01
       46       4.40284900071046e-16 2.8973605589883e+01
       47       4.39931248293060e-16 2.8973605590863e+01
       48       4.39679161795496e-16 2.8973605591518e+01
       49       4.39432131140480e-16 2.8973605591956e+01
       50       4.37343848705285e-16 2.8973605592248e+01
       51       4.37618821999088e-16 2.8973605592445e+01
       52       4.39007861264406e-16 2.8973605592576e+01
       53       4.39975747293907e-16 2.8973605592664e+01
       54       4.38526775701030e-16 2.8973605592724e+01
       55       4.38697466914443e-16 2.8973605592763e+01
       56       4.36331668512689e-16 2.8973605592790e+01
       57       4.38229129933329e-16 2.8973605592808e+01
       58       4.36606615443392e-16 2.8973605592820e+01
       59       4.36542634818863e-16 2.8973605592828e+01
       60       4.34787598702225e-16 2.8973605592834e+01
       61       4.36443775787225e-16 2.8973605592838e+01
       62       4.33311314541615e-16 2.8973605592840e+01
       63       4.32640229719357e-16 2.8973605592842e+01
       64       4.31386944202998e-16 2.8973605592843e+01
       65       4.30627769521636e-16 2.8973605592844e+01
       66       4.35859451943607e-16 2.8973605592845e+01
       67       4.32133547473867e-16 2.8973605592845e+01
       68       4.32362648353749e-16 2.8973605592845e+01
       69       4.32683828982327e-16 2.8973605592845e+01
       70       4.33282558573766e-16 2.8973605592845e+01
       71       4.33781626258348e-16 2.8973605592845e+01
       72       4.32426885554582e-16 2.8973605592845e+01
       73       4.32891325444008e-16 2.8973605592845e+01
       74       4.32825831495004e-16 2.8973605592845e+01
       75       4.32448050060963e-16 2.8973605592845e+01
 Benchmark completed
 VERIFICATION SUCCESSFUL
 Zeta is     2.8973605592845e+01
 Error is    1.4836895385952e-14


 CG Benchmark Completed
 class_npb       =                        C
 Size            =                   150000
 Total threads   =                        6
 Iterations      =                       75
 Time in seconds =                    31.62
 Mop/s total     =                  4533.41
 Operation type  =           floating point
 Verification    =               SUCCESSFUL
 Version         =                      4.1
 Compile date    =              24 Feb 2026
 Compiler ver    =                   13.3.0
 OpenMP version  =                   201511

 Compile options:
    CC           = g++ -std=c++14
    CLINK        = $(CC)
    C_LIB        = -lm
    C_INC        = -I../common 
    CFLAGS       = -O3 -fopenmp -mcmodel=medium -g -grecord-gc...
    CLINKFLAGS   = -O3 -fopenmp -mcmodel=medium -g -fno-omit-f...
    RAND         = randdp


----------------------------------------------------------------------
    NPB-CPP is developed by: 
        Dalvan Griebler
        Gabriell Araujo (Sequential Porting)
        Júnior Löff (Parallel Implementation)

    In case of questions or problems, please send an e-mail to us:
        dalvan.griebler; gabriell.araujo; junior.loff@edu.pucrs.br
----------------------------------------------------------------------


* [MAQAO] Info: Dumping samples (host platy-MS-7C02, process 22411)
* [MAQAO] Info: Dumping source info for callchain nodes (host platy-MS-7C02, process 22411)
* [MAQAO] Info: Building/writing metadata (host platy-MS-7C02)
* [MAQAO] Info: Finished collect step (host platy-MS-7C02, process 22411)


Your experiment path is /home/platy/Desktop/NPB-CG-CPP/NPB-OMP/ov_cgC_WS/tools/lprof_run_3

To display your profiling results:
##############################################################################################################################
#    LEVEL    |     REPORT     |                                           COMMAND                                           #
##############################################################################################################################
#  Functions  |  Cluster-wide  |  maqao lprof -df xp=/home/platy/Desktop/NPB-CG-CPP/NPB-OMP/ov_cgC_WS/tools/lprof_run_3      #
#  Functions  |  Per-node      |  maqao lprof -df -dn xp=/home/platy/Desktop/NPB-CG-CPP/NPB-OMP/ov_cgC_WS/tools/lprof_run_3  #
#  Functions  |  Per-process   |  maqao lprof -df -dp xp=/home/platy/Desktop/NPB-CG-CPP/NPB-OMP/ov_cgC_WS/tools/lprof_run_3  #
#  Functions  |  Per-thread    |  maqao lprof -df -dt xp=/home/platy/Desktop/NPB-CG-CPP/NPB-OMP/ov_cgC_WS/tools/lprof_run_3  #
#  Loops      |  Cluster-wide  |  maqao lprof -dl xp=/home/platy/Desktop/NPB-CG-CPP/NPB-OMP/ov_cgC_WS/tools/lprof_run_3      #
#  Loops      |  Per-node      |  maqao lprof -dl -dn xp=/home/platy/Desktop/NPB-CG-CPP/NPB-OMP/ov_cgC_WS/tools/lprof_run_3  #
#  Loops      |  Per-process   |  maqao lprof -dl -dp xp=/home/platy/Desktop/NPB-CG-CPP/NPB-OMP/ov_cgC_WS/tools/lprof_run_3  #
#  Loops      |  Per-thread    |  maqao lprof -dl -dt xp=/home/platy/Desktop/NPB-CG-CPP/NPB-OMP/ov_cgC_WS/tools/lprof_run_3  #
##############################################################################################################################

