

 NAS Parallel Benchmarks 4.1 Parallel C++ version with OpenMP - CG Benchmark

 Size:      150000
 Iterations:    75
 Initialization time =           9.445 seconds

   iteration           ||r||                 zeta
        1       1.57052849131855e-13 1.0999944232374e+02
        2       4.50157399569129e-16 2.7392043714652e+01
        3       4.49397811555191e-16 2.8033976184027e+01
        4       4.49512155849684e-16 2.8419150755129e+01
        5       4.48336646838959e-16 2.8647167003890e+01
        6       4.48717931990755e-16 2.8781296941842e+01
        7       4.48394993451484e-16 2.8860045853735e+01
        8       4.50026479511999e-16 2.8906314557269e+01
        9       4.50586938932107e-16 2.8933564921462e+01
       10       4.49524122788396e-16 2.8949669544900e+01
       11       4.48607325579158e-16 2.8959226335375e+01
       12       4.50696726981595e-16 2.8964923348489e+01
       13       4.49138925560356e-16 2.8968335924893e+01
       14       4.52163279405093e-16 2.8970390396000e+01
       15       4.48735918142897e-16 2.8971633622837e+01
       16       4.50001796538748e-16 2.8972389860085e+01
       17       4.48801030973156e-16 2.8972852269223e+01
       18       4.46675039959300e-16 2.8973136479778e+01
       19       4.46296757912492e-16 2.8973312056929e+01
       20       4.46193230107548e-16 2.8973421066375e+01
       21       4.47915039450910e-16 2.8973489076055e+01
       22       4.47947891245661e-16 2.8973531706488e+01
       23       4.45415990133245e-16 2.8973558549726e+01
       24       4.48308598174478e-16 2.8973575525665e+01
       25       4.46370665191656e-16 2.8973586305938e+01
       26       4.44831053487093e-16 2.8973593178737e+01
       27       4.44282079721689e-16 2.8973597576737e+01
       28       4.44973364978956e-16 2.8973600400999e+01
       29       4.46446396758559e-16 2.8973602220677e+01
       30       4.45275196995819e-16 2.8973603396763e+01
       31       4.46627983499306e-16 2.8973604159115e+01
       32       4.42484867051526e-16 2.8973604654641e+01
       33       4.42576222225235e-16 2.8973604977562e+01
       34       4.42566065295825e-16 2.8973605188510e+01
       35       4.45298908690549e-16 2.8973605326625e+01
       36       4.43628652465678e-16 2.8973605417245e+01
       37       4.44012350675466e-16 2.8973605476822e+01
       38       4.40370576378043e-16 2.8973605516064e+01
       39       4.41265441727212e-16 2.8973605541957e+01
       40       4.43071578719081e-16 2.8973605559070e+01
       41       4.41298657852540e-16 2.8973605570398e+01
       42       4.43586987708837e-16 2.8973605577907e+01
       43       4.41133124296547e-16 2.8973605582893e+01
       44       4.41120674902336e-16 2.8973605586207e+01
       45       4.41130412107287e-16 2.8973605588413e+01
       46       4.40917126188116e-16 2.8973605589882e+01
       47       4.40121819666452e-16 2.8973605590863e+01
       48       4.40240801963456e-16 2.8973605591518e+01
       49       4.37552160146141e-16 2.8973605591955e+01
       50       4.38392477850426e-16 2.8973605592248e+01
       51       4.36330995002523e-16 2.8973605592445e+01
       52       4.38999507860638e-16 2.8973605592576e+01
       53       4.40574907886093e-16 2.8973605592664e+01
       54       4.40000344847517e-16 2.8973605592723e+01
       55       4.37227965501018e-16 2.8973605592763e+01
       56       4.34669459572237e-16 2.8973605592790e+01
       57       4.37590737768744e-16 2.8973605592808e+01
       58       4.36502661837670e-16 2.8973605592821e+01
       59       4.38042186441914e-16 2.8973605592828e+01
       60       4.35144846677312e-16 2.8973605592834e+01
       61       4.34838170935270e-16 2.8973605592838e+01
       62       4.35322617302997e-16 2.8973605592840e+01
       63       4.33112989352177e-16 2.8973605592842e+01
       64       4.31960584807417e-16 2.8973605592843e+01
       65       4.30843729407812e-16 2.8973605592844e+01
       66       4.35557734974941e-16 2.8973605592844e+01
       67       4.31625352138955e-16 2.8973605592845e+01
       68       4.32847698707633e-16 2.8973605592845e+01
       69       4.34043715713805e-16 2.8973605592845e+01
       70       4.32816245251849e-16 2.8973605592845e+01
       71       4.34665168100257e-16 2.8973605592845e+01
       72       4.30898984418348e-16 2.8973605592845e+01
       73       4.31908131115858e-16 2.8973605592846e+01
       74       4.33012523579006e-16 2.8973605592846e+01
       75       4.32214396477185e-16 2.8973605592846e+01
 Benchmark completed
 VERIFICATION SUCCESSFUL
 Zeta is     2.8973605592846e+01
 Error is    2.1213081832807e-14


 CG Benchmark Completed
 class_npb       =                        C
 Size            =                   150000
 Total threads   =                        2
 Iterations      =                       75
 Time in seconds =                    65.60
 Mop/s total     =                  2185.02
 Operation type  =           floating point
 Verification    =               SUCCESSFUL
 Version         =                      4.1
 Compile date    =              24 Feb 2026
 Compiler ver    =                   13.3.0
 OpenMP version  =                   201511

 Compile options:
    CC           = g++ -std=c++14
    CLINK        = $(CC)
    C_LIB        = -lm
    C_INC        = -I../common 
    CFLAGS       = -O3 -fopenmp -mcmodel=medium -g -grecord-gc...
    CLINKFLAGS   = -O3 -fopenmp -mcmodel=medium -g -fno-omit-f...
    RAND         = randdp


----------------------------------------------------------------------
    NPB-CPP is developed by: 
        Dalvan Griebler
        Gabriell Araujo (Sequential Porting)
        Júnior Löff (Parallel Implementation)

    In case of questions or problems, please send an e-mail to us:
        dalvan.griebler; gabriell.araujo; junior.loff@edu.pucrs.br
----------------------------------------------------------------------


* [MAQAO] Info: Dumping samples (host platy-MS-7C02, process 22141)
* [MAQAO] Info: Dumping source info for callchain nodes (host platy-MS-7C02, process 22141)
* [MAQAO] Info: Building/writing metadata (host platy-MS-7C02)
* [MAQAO] Info: Finished collect step (host platy-MS-7C02, process 22141)


Your experiment path is /home/platy/Desktop/NPB-CG-CPP/NPB-OMP/ov_cgC_WS/tools/lprof_run_1

To display your profiling results:
##############################################################################################################################
#    LEVEL    |     REPORT     |                                           COMMAND                                           #
##############################################################################################################################
#  Functions  |  Cluster-wide  |  maqao lprof -df xp=/home/platy/Desktop/NPB-CG-CPP/NPB-OMP/ov_cgC_WS/tools/lprof_run_1      #
#  Functions  |  Per-node      |  maqao lprof -df -dn xp=/home/platy/Desktop/NPB-CG-CPP/NPB-OMP/ov_cgC_WS/tools/lprof_run_1  #
#  Functions  |  Per-process   |  maqao lprof -df -dp xp=/home/platy/Desktop/NPB-CG-CPP/NPB-OMP/ov_cgC_WS/tools/lprof_run_1  #
#  Functions  |  Per-thread    |  maqao lprof -df -dt xp=/home/platy/Desktop/NPB-CG-CPP/NPB-OMP/ov_cgC_WS/tools/lprof_run_1  #
#  Loops      |  Cluster-wide  |  maqao lprof -dl xp=/home/platy/Desktop/NPB-CG-CPP/NPB-OMP/ov_cgC_WS/tools/lprof_run_1      #
#  Loops      |  Per-node      |  maqao lprof -dl -dn xp=/home/platy/Desktop/NPB-CG-CPP/NPB-OMP/ov_cgC_WS/tools/lprof_run_1  #
#  Loops      |  Per-process   |  maqao lprof -dl -dp xp=/home/platy/Desktop/NPB-CG-CPP/NPB-OMP/ov_cgC_WS/tools/lprof_run_1  #
#  Loops      |  Per-thread    |  maqao lprof -dl -dt xp=/home/platy/Desktop/NPB-CG-CPP/NPB-OMP/ov_cgC_WS/tools/lprof_run_1  #
##############################################################################################################################

