

 NAS Parallel Benchmarks 4.1 Parallel C++ version with OpenMP - CG Benchmark

 Size:      150000
 Iterations:    75
 Initialization time =           4.333 seconds

   iteration           ||r||                 zeta
        1       3.53418256449058e-13 1.0999944232374e+02
        2       8.02435482428045e-16 2.7392043714652e+01
        3       8.52271708208842e-16 2.8033976184027e+01
        4       8.75119987623804e-16 2.8419150755129e+01
        5       8.89522761940891e-16 2.8647167003890e+01
        6       8.95077055652222e-16 2.8781296941841e+01
        7       8.98485464095737e-16 2.8860045853735e+01
        8       9.07408674320897e-16 2.8906314557269e+01
        9       9.03051781891289e-16 2.8933564921461e+01
       10       9.12003791038271e-16 2.8949669544900e+01
       11       9.11052522764853e-16 2.8959226335375e+01
       12       9.06314487573240e-16 2.8964923348489e+01
       13       9.06509393890543e-16 2.8968335924893e+01
       14       9.10868978140087e-16 2.8970390396000e+01
       15       9.08250083602567e-16 2.8971633622837e+01
       16       9.13638380440560e-16 2.8972389860085e+01
       17       9.12263756918221e-16 2.8972852269223e+01
       18       9.08803075813772e-16 2.8973136479778e+01
       19       9.05824821457544e-16 2.8973312056928e+01
       20       9.13999987225366e-16 2.8973421066375e+01
       21       9.13262448345523e-16 2.8973489076055e+01
       22       9.10107102470294e-16 2.8973531706488e+01
       23       9.07180150813169e-16 2.8973558549725e+01
       24       9.11263405820792e-16 2.8973575525665e+01
       25       9.09764736219065e-16 2.8973586305938e+01
       26       9.04025446582220e-16 2.8973593178737e+01
       27       9.12103010662697e-16 2.8973597576737e+01
       28       9.06379698634663e-16 2.8973600400999e+01
       29       9.08850305438524e-16 2.8973602220677e+01
       30       9.09904638195638e-16 2.8973603396763e+01
       31       9.09380347025065e-16 2.8973604159115e+01
       32       9.04168174541056e-16 2.8973604654641e+01
       33       9.13287220579790e-16 2.8973604977562e+01
       34       9.12742479382392e-16 2.8973605188510e+01
       35       9.09048828627208e-16 2.8973605326625e+01
       36       9.04064025333914e-16 2.8973605417245e+01
       37       9.04767589508715e-16 2.8973605476822e+01
       38       9.06848423951101e-16 2.8973605516064e+01
       39       9.04392213780907e-16 2.8973605541957e+01
       40       9.08040925164274e-16 2.8973605559070e+01
       41       9.09391321002581e-16 2.8973605570398e+01
       42       9.09196495130996e-16 2.8973605577908e+01
       43       9.07397967438317e-16 2.8973605582893e+01
       44       9.06934040290965e-16 2.8973605586207e+01
       45       9.09590724035657e-16 2.8973605588413e+01
       46       9.04689619404766e-16 2.8973605589882e+01
       47       9.04350795520117e-16 2.8973605590863e+01
       48       9.08648200281117e-16 2.8973605591518e+01
       49       9.03551947491200e-16 2.8973605591955e+01
       50       9.10769778152232e-16 2.8973605592248e+01
       51       9.00742257037738e-16 2.8973605592444e+01
       52       9.03556558199893e-16 2.8973605592576e+01
       53       9.02551692801743e-16 2.8973605592664e+01
       54       9.06934938257896e-16 2.8973605592724e+01
       55       9.02698163625721e-16 2.8973605592764e+01
       56       9.09238724500340e-16 2.8973605592790e+01
       57       9.02240876402066e-16 2.8973605592808e+01
       58       9.03717953547942e-16 2.8973605592820e+01
       59       9.03625538764402e-16 2.8973605592828e+01
       60       9.06324528362283e-16 2.8973605592834e+01
       61       9.06451962505629e-16 2.8973605592838e+01
       62       9.06494149937132e-16 2.8973605592840e+01
       63       9.03057293722173e-16 2.8973605592842e+01
       64       9.02065373742431e-16 2.8973605592843e+01
       65       9.07619423351801e-16 2.8973605592844e+01
       66       9.05795009414737e-16 2.8973605592844e+01
       67       9.04463563821346e-16 2.8973605592845e+01
       68       9.06013984538312e-16 2.8973605592845e+01
       69       9.05951472363740e-16 2.8973605592845e+01
       70       9.04087254113672e-16 2.8973605592845e+01
       71       9.06593868415312e-16 2.8973605592845e+01
       72       9.06458887435042e-16 2.8973605592845e+01
       73       9.03449279643628e-16 2.8973605592846e+01
       74       9.04737656958714e-16 2.8973605592845e+01
       75       9.04723277224417e-16 2.8973605592846e+01
 Benchmark completed
 VERIFICATION SUCCESSFUL
 Zeta is     2.8973605592846e+01
 Error is    1.9741654191225e-14


 CG Benchmark Completed
 class_npb       =                        C
 Size            =                   150000
 Total threads   =                        3
 Iterations      =                       75
 Time in seconds =                    43.97
 Mop/s total     =                  3260.32
 Operation type  =           floating point
 Verification    =               SUCCESSFUL
 Version         =                      4.1
 Compile date    =              26 Feb 2026
 Compiler ver    =                   13.3.0
 OpenMP version  =                   201511

 Compile options:
    CC           = g++ -std=c++14
    CLINK        = $(CC)
    C_LIB        = -lm
    C_INC        = -I../common 
    CFLAGS       = -O3 -fopenmp -mcmodel=medium -g -grecord-gc...
    CLINKFLAGS   = -O3 -fopenmp -mcmodel=medium -g -fno-omit-f...
    RAND         = randdp


----------------------------------------------------------------------
    NPB-CPP is developed by: 
        Dalvan Griebler
        Gabriell Araujo (Sequential Porting)
        Júnior Löff (Parallel Implementation)

    In case of questions or problems, please send an e-mail to us:
        dalvan.griebler; gabriell.araujo; junior.loff@edu.pucrs.br
----------------------------------------------------------------------


* [MAQAO] Info: Dumping samples (host platy-MS-7C02, process 6099)
* [MAQAO] Info: Dumping source info for callchain nodes (host platy-MS-7C02, process 6099)
* [MAQAO] Info: Building/writing metadata (host platy-MS-7C02)
* [MAQAO] Info: Finished collect step (host platy-MS-7C02, process 6099)


Your experiment path is /home/platy/Desktop/NPB-CG-CPP/NPB-OMP/ov_cgC_WS/tools/lprof_run_2

To display your profiling results:
##############################################################################################################################
#    LEVEL    |     REPORT     |                                           COMMAND                                           #
##############################################################################################################################
#  Functions  |  Cluster-wide  |  maqao lprof -df xp=/home/platy/Desktop/NPB-CG-CPP/NPB-OMP/ov_cgC_WS/tools/lprof_run_2      #
#  Functions  |  Per-node      |  maqao lprof -df -dn xp=/home/platy/Desktop/NPB-CG-CPP/NPB-OMP/ov_cgC_WS/tools/lprof_run_2  #
#  Functions  |  Per-process   |  maqao lprof -df -dp xp=/home/platy/Desktop/NPB-CG-CPP/NPB-OMP/ov_cgC_WS/tools/lprof_run_2  #
#  Functions  |  Per-thread    |  maqao lprof -df -dt xp=/home/platy/Desktop/NPB-CG-CPP/NPB-OMP/ov_cgC_WS/tools/lprof_run_2  #
#  Loops      |  Cluster-wide  |  maqao lprof -dl xp=/home/platy/Desktop/NPB-CG-CPP/NPB-OMP/ov_cgC_WS/tools/lprof_run_2      #
#  Loops      |  Per-node      |  maqao lprof -dl -dn xp=/home/platy/Desktop/NPB-CG-CPP/NPB-OMP/ov_cgC_WS/tools/lprof_run_2  #
#  Loops      |  Per-process   |  maqao lprof -dl -dp xp=/home/platy/Desktop/NPB-CG-CPP/NPB-OMP/ov_cgC_WS/tools/lprof_run_2  #
#  Loops      |  Per-thread    |  maqao lprof -dl -dt xp=/home/platy/Desktop/NPB-CG-CPP/NPB-OMP/ov_cgC_WS/tools/lprof_run_2  #
##############################################################################################################################

