[LPROF] OMP_WAIT_POLICY=active: disabling OMP rank reading


 NAS Parallel Benchmarks 4.1 Parallel C++ version with OpenMP - CG Benchmark

 Size:      150000
 Iterations:    75
 Initialization time =           4.086 seconds

   iteration           ||r||                 zeta
        1       1.50906592414199e-13 1.0999944232374e+02
        2       4.47515160531491e-16 2.7392043714652e+01
        3       4.44449264649828e-16 2.8033976184027e+01
        4       4.44942358379350e-16 2.8419150755129e+01
        5       4.43356199332378e-16 2.8647167003889e+01
        6       4.41580730990607e-16 2.8781296941841e+01
        7       4.44244097224731e-16 2.8860045853735e+01
        8       4.43658277896682e-16 2.8906314557269e+01
        9       4.45474766285275e-16 2.8933564921462e+01
       10       4.45247264859110e-16 2.8949669544900e+01
       11       4.44590459806282e-16 2.8959226335375e+01
       12       4.44251211748362e-16 2.8964923348489e+01
       13       4.43230726121916e-16 2.8968335924893e+01
       14       4.43100121381514e-16 2.8970390396000e+01
       15       4.43810899615486e-16 2.8971633622837e+01
       16       4.43469485512264e-16 2.8972389860085e+01
       17       4.42900922754866e-16 2.8972852269223e+01
       18       4.42314926505676e-16 2.8973136479777e+01
       19       4.42598764679439e-16 2.8973312056929e+01
       20       4.39386366509174e-16 2.8973421066375e+01
       21       4.38131002741783e-16 2.8973489076055e+01
       22       4.41010240472186e-16 2.8973531706488e+01
       23       4.39978809748414e-16 2.8973558549725e+01
       24       4.40804902411793e-16 2.8973575525665e+01
       25       4.39729953378741e-16 2.8973586305938e+01
       26       4.40321231884251e-16 2.8973593178737e+01
       27       4.41575552509976e-16 2.8973597576737e+01
       28       4.38521331631228e-16 2.8973600400999e+01
       29       4.40073233595662e-16 2.8973602220677e+01
       30       4.38954858845438e-16 2.8973603396763e+01
       31       4.38559863368972e-16 2.8973604159115e+01
       32       4.41605696654249e-16 2.8973604654641e+01
       33       4.36498307598683e-16 2.8973604977562e+01
       34       4.36562929166650e-16 2.8973605188510e+01
       35       4.38326320839298e-16 2.8973605326625e+01
       36       4.35471768897082e-16 2.8973605417245e+01
       37       4.34848493162563e-16 2.8973605476823e+01
       38       4.36470985314548e-16 2.8973605516064e+01
       39       4.34254002735969e-16 2.8973605541957e+01
       40       4.34019109813851e-16 2.8973605559070e+01
       41       4.34457067068067e-16 2.8973605570398e+01
       42       4.36222467147621e-16 2.8973605577908e+01
       43       4.36468518524232e-16 2.8973605582893e+01
       44       4.33111698475783e-16 2.8973605586207e+01
       45       4.34435468577413e-16 2.8973605588413e+01
       46       4.32968626528900e-16 2.8973605589882e+01
       47       4.34021532972515e-16 2.8973605590863e+01
       48       4.33167625009357e-16 2.8973605591518e+01
       49       4.31598721438884e-16 2.8973605591955e+01
       50       4.30661190265729e-16 2.8973605592248e+01
       51       4.30239215266922e-16 2.8973605592445e+01
       52       4.33119715078239e-16 2.8973605592576e+01
       53       4.30415881535995e-16 2.8973605592664e+01
       54       4.32122520278566e-16 2.8973605592724e+01
       55       4.30102375784564e-16 2.8973605592763e+01
       56       4.30443725564201e-16 2.8973605592790e+01
       57       4.32515186891545e-16 2.8973605592808e+01
       58       4.28714615335884e-16 2.8973605592820e+01
       59       4.30310407630364e-16 2.8973605592828e+01
       60       4.30257441988948e-16 2.8973605592834e+01
       61       4.30263782910800e-16 2.8973605592838e+01
       62       4.27915713829766e-16 2.8973605592840e+01
       63       4.29032350253197e-16 2.8973605592842e+01
       64       4.26907944057421e-16 2.8973605592843e+01
       65       4.25197780084853e-16 2.8973605592844e+01
       66       4.26963008941055e-16 2.8973605592844e+01
       67       4.25952392683746e-16 2.8973605592845e+01
       68       4.27018541581294e-16 2.8973605592845e+01
       69       4.25124697248775e-16 2.8973605592845e+01
       70       4.25885460756262e-16 2.8973605592845e+01
       71       4.27140067913967e-16 2.8973605592845e+01
       72       4.26487008287332e-16 2.8973605592845e+01
       73       4.27161333552957e-16 2.8973605592845e+01
       74       4.24862927267983e-16 2.8973605592845e+01
       75       4.25058710072251e-16 2.8973605592845e+01
 Benchmark completed
 VERIFICATION SUCCESSFUL
 Zeta is     2.8973605592845e+01
 Error is    1.1894040102788e-14


 CG Benchmark Completed
 class_npb       =                        C
 Size            =                   150000
 Total threads   =                        6
 Iterations      =                       75
 Time in seconds =                    31.24
 Mop/s total     =                  4588.83
 Operation type  =           floating point
 Verification    =               SUCCESSFUL
 Version         =                      4.1
 Compile date    =              26 Feb 2026
 Compiler ver    =                   13.3.0
 OpenMP version  =                   201511

 Compile options:
    CC           = g++ -std=c++14
    CLINK        = $(CC)
    C_LIB        = -lm
    C_INC        = -I../common 
    CFLAGS       = -O3 -fopenmp -fopenmp-simd -mcmodel=medium ...
    CLINKFLAGS   = -O3 -fopenmp -fopenmp-simd -mcmodel=medium ...
    RAND         = randdp


----------------------------------------------------------------------
    NPB-CPP is developed by: 
        Dalvan Griebler
        Gabriell Araujo (Sequential Porting)
        Júnior Löff (Parallel Implementation)

    In case of questions or problems, please send an e-mail to us:
        dalvan.griebler; gabriell.araujo; junior.loff@edu.pucrs.br
----------------------------------------------------------------------


* [MAQAO] Info: Dumping samples (host platy-MS-7C02, process 26354)
* [MAQAO] Info: Dumping source info for callchain nodes (host platy-MS-7C02, process 26354)
* [MAQAO] Info: Building/writing metadata (host platy-MS-7C02)
* [MAQAO] Info: Finished collect step (host platy-MS-7C02, process 26354)


Your experiment path is /home/platy/Desktop/NPB-CG-CPP/NPB-OMP/ov_cgC_R1_6T/tools/lprof_run_0

To display your profiling results:
#################################################################################################################################
#    LEVEL    |     REPORT     |                                            COMMAND                                             #
#################################################################################################################################
#  Functions  |  Cluster-wide  |  maqao lprof -df xp=/home/platy/Desktop/NPB-CG-CPP/NPB-OMP/ov_cgC_R1_6T/tools/lprof_run_0      #
#  Functions  |  Per-node      |  maqao lprof -df -dn xp=/home/platy/Desktop/NPB-CG-CPP/NPB-OMP/ov_cgC_R1_6T/tools/lprof_run_0  #
#  Functions  |  Per-process   |  maqao lprof -df -dp xp=/home/platy/Desktop/NPB-CG-CPP/NPB-OMP/ov_cgC_R1_6T/tools/lprof_run_0  #
#  Functions  |  Per-thread    |  maqao lprof -df -dt xp=/home/platy/Desktop/NPB-CG-CPP/NPB-OMP/ov_cgC_R1_6T/tools/lprof_run_0  #
#  Loops      |  Cluster-wide  |  maqao lprof -dl xp=/home/platy/Desktop/NPB-CG-CPP/NPB-OMP/ov_cgC_R1_6T/tools/lprof_run_0      #
#  Loops      |  Per-node      |  maqao lprof -dl -dn xp=/home/platy/Desktop/NPB-CG-CPP/NPB-OMP/ov_cgC_R1_6T/tools/lprof_run_0  #
#  Loops      |  Per-process   |  maqao lprof -dl -dp xp=/home/platy/Desktop/NPB-CG-CPP/NPB-OMP/ov_cgC_R1_6T/tools/lprof_run_0  #
#  Loops      |  Per-thread    |  maqao lprof -dl -dt xp=/home/platy/Desktop/NPB-CG-CPP/NPB-OMP/ov_cgC_R1_6T/tools/lprof_run_0  #
#################################################################################################################################

