

 NAS Parallel Benchmarks 4.1 Parallel C++ version with OpenMP - CG Benchmark

 Size:      150000
 Iterations:    75
 Initialization time =           8.768 seconds

   iteration           ||r||                 zeta
        1       1.57059794708494e-13 1.0999944232374e+02
        2       4.50623222715286e-16 2.7392043714652e+01
        3       4.48604970561171e-16 2.8033976184027e+01
        4       4.49850519877627e-16 2.8419150755129e+01
        5       4.49131544945768e-16 2.8647167003890e+01
        6       4.48284913745397e-16 2.8781296941841e+01
        7       4.48939030332910e-16 2.8860045853735e+01
        8       4.49547307212770e-16 2.8906314557269e+01
        9       4.50375455279421e-16 2.8933564921461e+01
       10       4.50654932355915e-16 2.8949669544900e+01
       11       4.48433158463016e-16 2.8959226335375e+01
       12       4.50159775842488e-16 2.8964923348489e+01
       13       4.49559937530432e-16 2.8968335924893e+01
       14       4.50115003993372e-16 2.8970390396000e+01
       15       4.49012688406412e-16 2.8971633622837e+01
       16       4.48946667764025e-16 2.8972389860085e+01
       17       4.48944083783768e-16 2.8972852269223e+01
       18       4.47328824508228e-16 2.8973136479778e+01
       19       4.47398465858696e-16 2.8973312056929e+01
       20       4.47664654691316e-16 2.8973421066375e+01
       21       4.49718478015699e-16 2.8973489076055e+01
       22       4.49569241100901e-16 2.8973531706488e+01
       23       4.46830287993322e-16 2.8973558549725e+01
       24       4.45764625539417e-16 2.8973575525665e+01
       25       4.46061026323832e-16 2.8973586305938e+01
       26       4.45905271555704e-16 2.8973593178737e+01
       27       4.45882974534281e-16 2.8973597576737e+01
       28       4.44826341440913e-16 2.8973600400999e+01
       29       4.46314592250184e-16 2.8973602220677e+01
       30       4.45828435431735e-16 2.8973603396763e+01
       31       4.46669742078543e-16 2.8973604159115e+01
       32       4.44197978225213e-16 2.8973604654641e+01
       33       4.42442914418654e-16 2.8973604977562e+01
       34       4.41958598682030e-16 2.8973605188510e+01
       35       4.44837961259872e-16 2.8973605326625e+01
       36       4.42563435761037e-16 2.8973605417245e+01
       37       4.43496729492953e-16 2.8973605476822e+01
       38       4.41102940362545e-16 2.8973605516064e+01
       39       4.41976450985750e-16 2.8973605541957e+01
       40       4.40977157563532e-16 2.8973605559070e+01
       41       4.41978715822126e-16 2.8973605570398e+01
       42       4.41786054354135e-16 2.8973605577908e+01
       43       4.43506662183450e-16 2.8973605582893e+01
       44       4.41120022860836e-16 2.8973605586207e+01
       45       4.40288501849941e-16 2.8973605588413e+01
       46       4.40892918885369e-16 2.8973605589883e+01
       47       4.40280804336239e-16 2.8973605590863e+01
       48       4.39389409662753e-16 2.8973605591518e+01
       49       4.40005036777809e-16 2.8973605591955e+01
       50       4.37645631120847e-16 2.8973605592248e+01
       51       4.38715426801481e-16 2.8973605592445e+01
       52       4.39607599006876e-16 2.8973605592576e+01
       53       4.40826004668990e-16 2.8973605592664e+01
       54       4.38996531456689e-16 2.8973605592724e+01
       55       4.38560171609224e-16 2.8973605592764e+01
       56       4.35263392688345e-16 2.8973605592790e+01
       57       4.38911835646439e-16 2.8973605592808e+01
       58       4.36759184003120e-16 2.8973605592820e+01
       59       4.36666244223919e-16 2.8973605592829e+01
       60       4.35423404676083e-16 2.8973605592834e+01
       61       4.36345848186002e-16 2.8973605592838e+01
       62       4.34893510550026e-16 2.8973605592840e+01
       63       4.33750390427277e-16 2.8973605592842e+01
       64       4.31339356833937e-16 2.8973605592843e+01
       65       4.31687939305231e-16 2.8973605592844e+01
       66       4.34998697392852e-16 2.8973605592844e+01
       67       4.31676591826412e-16 2.8973605592845e+01
       68       4.32098722271733e-16 2.8973605592845e+01
       69       4.33615968708788e-16 2.8973605592845e+01
       70       4.33459943799282e-16 2.8973605592845e+01
       71       4.35234124247167e-16 2.8973605592845e+01
       72       4.31137910123982e-16 2.8973605592845e+01
       73       4.32684576937270e-16 2.8973605592846e+01
       74       4.32538988312113e-16 2.8973605592845e+01
       75       4.31587798036063e-16 2.8973605592846e+01
 Benchmark completed
 VERIFICATION SUCCESSFUL
 Zeta is     2.8973605592846e+01
 Error is    2.1213081832807e-14


 CG Benchmark Completed
 class_npb       =                        C
 Size            =                   150000
 Total threads   =                        3
 Iterations      =                       75
 Time in seconds =                    47.01
 Mop/s total     =                  3049.16
 Operation type  =           floating point
 Verification    =               SUCCESSFUL
 Version         =                      4.1
 Compile date    =              24 Feb 2026
 Compiler ver    =                   13.3.0
 OpenMP version  =                   201511

 Compile options:
    CC           = g++ -std=c++14
    CLINK        = $(CC)
    C_LIB        = -lm
    C_INC        = -I../common 
    CFLAGS       = -O3 -fopenmp -mcmodel=medium -g -grecord-gc...
    CLINKFLAGS   = -O3 -fopenmp -mcmodel=medium -g -fno-omit-f...
    RAND         = randdp


----------------------------------------------------------------------
    NPB-CPP is developed by: 
        Dalvan Griebler
        Gabriell Araujo (Sequential Porting)
        Júnior Löff (Parallel Implementation)

    In case of questions or problems, please send an e-mail to us:
        dalvan.griebler; gabriell.araujo; junior.loff@edu.pucrs.br
----------------------------------------------------------------------


* [MAQAO] Info: Dumping samples (host platy-MS-7C02, process 22246)
* [MAQAO] Info: Dumping source info for callchain nodes (host platy-MS-7C02, process 22246)
* [MAQAO] Info: Building/writing metadata (host platy-MS-7C02)
* [MAQAO] Info: Finished collect step (host platy-MS-7C02, process 22246)


Your experiment path is /home/platy/Desktop/NPB-CG-CPP/NPB-OMP/ov_cgC_WS/tools/lprof_run_2

To display your profiling results:
##############################################################################################################################
#    LEVEL    |     REPORT     |                                           COMMAND                                           #
##############################################################################################################################
#  Functions  |  Cluster-wide  |  maqao lprof -df xp=/home/platy/Desktop/NPB-CG-CPP/NPB-OMP/ov_cgC_WS/tools/lprof_run_2      #
#  Functions  |  Per-node      |  maqao lprof -df -dn xp=/home/platy/Desktop/NPB-CG-CPP/NPB-OMP/ov_cgC_WS/tools/lprof_run_2  #
#  Functions  |  Per-process   |  maqao lprof -df -dp xp=/home/platy/Desktop/NPB-CG-CPP/NPB-OMP/ov_cgC_WS/tools/lprof_run_2  #
#  Functions  |  Per-thread    |  maqao lprof -df -dt xp=/home/platy/Desktop/NPB-CG-CPP/NPB-OMP/ov_cgC_WS/tools/lprof_run_2  #
#  Loops      |  Cluster-wide  |  maqao lprof -dl xp=/home/platy/Desktop/NPB-CG-CPP/NPB-OMP/ov_cgC_WS/tools/lprof_run_2      #
#  Loops      |  Per-node      |  maqao lprof -dl -dn xp=/home/platy/Desktop/NPB-CG-CPP/NPB-OMP/ov_cgC_WS/tools/lprof_run_2  #
#  Loops      |  Per-process   |  maqao lprof -dl -dp xp=/home/platy/Desktop/NPB-CG-CPP/NPB-OMP/ov_cgC_WS/tools/lprof_run_2  #
#  Loops      |  Per-thread    |  maqao lprof -dl -dt xp=/home/platy/Desktop/NPB-CG-CPP/NPB-OMP/ov_cgC_WS/tools/lprof_run_2  #
##############################################################################################################################

