

 NAS Parallel Benchmarks 4.1 Parallel C++ version with OpenMP - CG Benchmark

 Size:      150000
 Iterations:    75
 Initialization time =           9.970 seconds

   iteration           ||r||                 zeta
        1       3.53048652499714e-13 1.0999944232374e+02
        2       8.02314413277754e-16 2.7392043714652e+01
        3       8.55134000532592e-16 2.8033976184027e+01
        4       8.76702154302477e-16 2.8419150755129e+01
        5       8.90453785545211e-16 2.8647167003889e+01
        6       8.97257479252079e-16 2.8781296941842e+01
        7       8.99299012858046e-16 2.8860045853734e+01
        8       9.06077630009244e-16 2.8906314557269e+01
        9       9.09896192038748e-16 2.8933564921462e+01
       10       9.11420654636595e-16 2.8949669544900e+01
       11       9.12247514643894e-16 2.8959226335375e+01
       12       9.08447001221989e-16 2.8964923348489e+01
       13       9.09209238528493e-16 2.8968335924893e+01
       14       9.13415569073946e-16 2.8970390396001e+01
       15       9.06501889057429e-16 2.8971633622837e+01
       16       9.14559875224851e-16 2.8972389860085e+01
       17       9.09331405843774e-16 2.8972852269223e+01
       18       9.10352365658247e-16 2.8973136479777e+01
       19       9.06757461329121e-16 2.8973312056929e+01
       20       9.14664970716690e-16 2.8973421066375e+01
       21       9.14567965823474e-16 2.8973489076055e+01
       22       9.13252954048137e-16 2.8973531706487e+01
       23       9.07925411364962e-16 2.8973558549726e+01
       24       9.13251693041630e-16 2.8973575525664e+01
       25       9.08802589960241e-16 2.8973586305938e+01
       26       9.04158746853338e-16 2.8973593178737e+01
       27       9.13816608507814e-16 2.8973597576738e+01
       28       9.11185151404504e-16 2.8973600400999e+01
       29       9.06748842444580e-16 2.8973602220677e+01
       30       9.08422338003954e-16 2.8973603396763e+01
       31       9.13008815260729e-16 2.8973604159116e+01
       32       9.03825181518453e-16 2.8973604654641e+01
       33       9.12579308877880e-16 2.8973604977561e+01
       34       9.12974049415463e-16 2.8973605188510e+01
       35       9.11856343884690e-16 2.8973605326624e+01
       36       9.06150880764809e-16 2.8973605417245e+01
       37       9.05159093694339e-16 2.8973605476823e+01
       38       9.06929131632384e-16 2.8973605516064e+01
       39       9.07410407376331e-16 2.8973605541957e+01
       40       9.05970156120304e-16 2.8973605559071e+01
       41       9.09774756291427e-16 2.8973605570398e+01
       42       9.08318786587983e-16 2.8973605577908e+01
       43       9.11314383657802e-16 2.8973605582894e+01
       44       9.07773662651585e-16 2.8973605586207e+01
       45       9.10176255740676e-16 2.8973605588413e+01
       46       9.04710268029115e-16 2.8973605589882e+01
       47       9.05941139143021e-16 2.8973605590863e+01
       48       9.09382746470486e-16 2.8973605591518e+01
       49       9.06865341362149e-16 2.8973605591956e+01
       50       9.09653507861295e-16 2.8973605592249e+01
       51       9.05644603662384e-16 2.8973605592445e+01
       52       9.02848423474662e-16 2.8973605592576e+01
       53       9.03917138210054e-16 2.8973605592664e+01
       54       9.08864526107424e-16 2.8973605592723e+01
       55       9.04265820996453e-16 2.8973605592764e+01
       56       9.07519656865858e-16 2.8973605592790e+01
       57       9.06585038490698e-16 2.8973605592808e+01
       58       9.05531345951705e-16 2.8973605592820e+01
       59       9.05619189976331e-16 2.8973605592828e+01
       60       9.09067127475944e-16 2.8973605592835e+01
       61       9.06256735778464e-16 2.8973605592838e+01
       62       9.08909656180331e-16 2.8973605592840e+01
       63       9.07159339742191e-16 2.8973605592842e+01
       64       8.99985914845519e-16 2.8973605592844e+01
       65       9.08311410752080e-16 2.8973605592844e+01
       66       9.13622510396443e-16 2.8973605592845e+01
       67       9.05959275724365e-16 2.8973605592845e+01
       68       9.07191546609838e-16 2.8973605592844e+01
       69       9.09380115159128e-16 2.8973605592845e+01
       70       9.04430912951032e-16 2.8973605592846e+01
       71       9.06768653400663e-16 2.8973605592845e+01
       72       9.08436355910005e-16 2.8973605592846e+01
       73       9.06289208594778e-16 2.8973605592846e+01
       74       9.04723495666861e-16 2.8973605592845e+01
       75       9.02781982405483e-16 2.8973605592845e+01
 Benchmark completed
 VERIFICATION SUCCESSFUL
 Zeta is     2.8973605592845e+01
 Error is    1.4836895385952e-14


 CG Benchmark Completed
 class_npb       =                        C
 Size            =                   150000
 Total threads   =                        3
 Iterations      =                       75
 Time in seconds =                    43.28
 Mop/s total     =                  3311.97
 Operation type  =           floating point
 Verification    =               SUCCESSFUL
 Version         =                      4.1
 Compile date    =              24 Feb 2026
 Compiler ver    =                   13.3.0
 OpenMP version  =                   201511

 Compile options:
    CC           = g++ -std=c++14
    CLINK        = $(CC)
    C_LIB        = -lm
    C_INC        = -I../common 
    CFLAGS       = -O3 -fopenmp -mcmodel=medium
    CLINKFLAGS   = -O3 -fopenmp -mcmodel=medium
    RAND         = randdp


----------------------------------------------------------------------
    NPB-CPP is developed by: 
        Dalvan Griebler
        Gabriell Araujo (Sequential Porting)
        Júnior Löff (Parallel Implementation)

    In case of questions or problems, please send an e-mail to us:
        dalvan.griebler; gabriell.araujo; junior.loff@edu.pucrs.br
----------------------------------------------------------------------


* [MAQAO] Info: Dumping samples (host platy-MS-7C02, process 16217)
* [MAQAO] Info: Dumping source info for callchain nodes (host platy-MS-7C02, process 16217)
* [MAQAO] Info: Building/writing metadata (host platy-MS-7C02)
* [MAQAO] Info: Finished collect step (host platy-MS-7C02, process 16217)


Your experiment path is /home/platy/Desktop/NPB-CG-CPP/NPB-OMP/ov_cgC_WS/tools/lprof_run_2

To display your profiling results:
##############################################################################################################################
#    LEVEL    |     REPORT     |                                           COMMAND                                           #
##############################################################################################################################
#  Functions  |  Cluster-wide  |  maqao lprof -df xp=/home/platy/Desktop/NPB-CG-CPP/NPB-OMP/ov_cgC_WS/tools/lprof_run_2      #
#  Functions  |  Per-node      |  maqao lprof -df -dn xp=/home/platy/Desktop/NPB-CG-CPP/NPB-OMP/ov_cgC_WS/tools/lprof_run_2  #
#  Functions  |  Per-process   |  maqao lprof -df -dp xp=/home/platy/Desktop/NPB-CG-CPP/NPB-OMP/ov_cgC_WS/tools/lprof_run_2  #
#  Functions  |  Per-thread    |  maqao lprof -df -dt xp=/home/platy/Desktop/NPB-CG-CPP/NPB-OMP/ov_cgC_WS/tools/lprof_run_2  #
#  Loops      |  Cluster-wide  |  maqao lprof -dl xp=/home/platy/Desktop/NPB-CG-CPP/NPB-OMP/ov_cgC_WS/tools/lprof_run_2      #
#  Loops      |  Per-node      |  maqao lprof -dl -dn xp=/home/platy/Desktop/NPB-CG-CPP/NPB-OMP/ov_cgC_WS/tools/lprof_run_2  #
#  Loops      |  Per-process   |  maqao lprof -dl -dp xp=/home/platy/Desktop/NPB-CG-CPP/NPB-OMP/ov_cgC_WS/tools/lprof_run_2  #
#  Loops      |  Per-thread    |  maqao lprof -dl -dt xp=/home/platy/Desktop/NPB-CG-CPP/NPB-OMP/ov_cgC_WS/tools/lprof_run_2  #
##############################################################################################################################

