[LPROF] OMP_WAIT_POLICY=active: disabling OMP rank reading


 NAS Parallel Benchmarks 4.1 Parallel C++ version with OpenMP - CG Benchmark

 Size:      150000
 Iterations:    75
 Initialization time =           4.111 seconds

   iteration           ||r||                 zeta
        1       1.50925336659786e-13 1.0999944232374e+02
        2       4.47143483753890e-16 2.7392043714652e+01
        3       4.44505966265399e-16 2.8033976184027e+01
        4       4.45007133114899e-16 2.8419150755129e+01
        5       4.44405252439457e-16 2.8647167003889e+01
        6       4.42549719263295e-16 2.8781296941841e+01
        7       4.43828710519995e-16 2.8860045853735e+01
        8       4.43617787628216e-16 2.8906314557269e+01
        9       4.43721028027350e-16 2.8933564921462e+01
       10       4.44926863351093e-16 2.8949669544900e+01
       11       4.44966402345276e-16 2.8959226335375e+01
       12       4.43136145287424e-16 2.8964923348489e+01
       13       4.43239097577521e-16 2.8968335924893e+01
       14       4.44383499302621e-16 2.8970390396000e+01
       15       4.43016851054836e-16 2.8971633622837e+01
       16       4.43266243012874e-16 2.8972389860085e+01
       17       4.43389465123498e-16 2.8972852269223e+01
       18       4.41974390597916e-16 2.8973136479778e+01
       19       4.41735564049200e-16 2.8973312056929e+01
       20       4.39820345662735e-16 2.8973421066375e+01
       21       4.38481941156881e-16 2.8973489076055e+01
       22       4.40748273070422e-16 2.8973531706488e+01
       23       4.40203145031089e-16 2.8973558549725e+01
       24       4.39119160661863e-16 2.8973575525665e+01
       25       4.39259065220685e-16 2.8973586305938e+01
       26       4.41738828019956e-16 2.8973593178737e+01
       27       4.41611983599771e-16 2.8973597576737e+01
       28       4.39447620965928e-16 2.8973600400999e+01
       29       4.40435438820529e-16 2.8973602220677e+01
       30       4.38407255325819e-16 2.8973603396763e+01
       31       4.37869552701421e-16 2.8973604159115e+01
       32       4.40585960318229e-16 2.8973604654641e+01
       33       4.36239786229492e-16 2.8973604977562e+01
       34       4.36490459086813e-16 2.8973605188510e+01
       35       4.37677053930870e-16 2.8973605326625e+01
       36       4.34791584813016e-16 2.8973605417245e+01
       37       4.34700205149469e-16 2.8973605476823e+01
       38       4.36813379580725e-16 2.8973605516064e+01
       39       4.35284375393945e-16 2.8973605541957e+01
       40       4.34891876953030e-16 2.8973605559070e+01
       41       4.33878352114044e-16 2.8973605570398e+01
       42       4.35869241788829e-16 2.8973605577908e+01
       43       4.35827615727837e-16 2.8973605582893e+01
       44       4.33515738976546e-16 2.8973605586207e+01
       45       4.34233881335068e-16 2.8973605588413e+01
       46       4.33528610964211e-16 2.8973605589882e+01
       47       4.34385325567136e-16 2.8973605590863e+01
       48       4.32902758182236e-16 2.8973605591518e+01
       49       4.30932966341438e-16 2.8973605591955e+01
       50       4.31395204885250e-16 2.8973605592248e+01
       51       4.29300710563038e-16 2.8973605592445e+01
       52       4.32291581526823e-16 2.8973605592576e+01
       53       4.29891341398362e-16 2.8973605592664e+01
       54       4.31588587894005e-16 2.8973605592723e+01
       55       4.30098739095088e-16 2.8973605592763e+01
       56       4.30644170576888e-16 2.8973605592790e+01
       57       4.30594573962426e-16 2.8973605592808e+01
       58       4.28353037058826e-16 2.8973605592820e+01
       59       4.30848495475405e-16 2.8973605592828e+01
       60       4.30585367164848e-16 2.8973605592834e+01
       61       4.30665287071293e-16 2.8973605592838e+01
       62       4.27350281040326e-16 2.8973605592840e+01
       63       4.29196087238999e-16 2.8973605592842e+01
       64       4.26907572333707e-16 2.8973605592843e+01
       65       4.25495069209027e-16 2.8973605592844e+01
       66       4.26476456981221e-16 2.8973605592844e+01
       67       4.25379899424783e-16 2.8973605592845e+01
       68       4.26944496169037e-16 2.8973605592845e+01
       69       4.25793433636975e-16 2.8973605592845e+01
       70       4.25341197125973e-16 2.8973605592845e+01
       71       4.25510320495515e-16 2.8973605592845e+01
       72       4.25823158598977e-16 2.8973605592845e+01
       73       4.26220315213586e-16 2.8973605592845e+01
       74       4.24434790396805e-16 2.8973605592845e+01
       75       4.23826051122531e-16 2.8973605592845e+01
 Benchmark completed
 VERIFICATION SUCCESSFUL
 Zeta is     2.8973605592845e+01
 Error is    1.1894040102788e-14


 CG Benchmark Completed
 class_npb       =                        C
 Size            =                   150000
 Total threads   =                        6
 Iterations      =                       75
 Time in seconds =                    31.05
 Mop/s total     =                  4617.38
 Operation type  =           floating point
 Verification    =               SUCCESSFUL
 Version         =                      4.1
 Compile date    =              26 Feb 2026
 Compiler ver    =                   13.3.0
 OpenMP version  =                   201511

 Compile options:
    CC           = g++ -std=c++14
    CLINK        = $(CC)
    C_LIB        = -lm
    C_INC        = -I../common 
    CFLAGS       = -O3 -fopenmp -mcmodel=medium -g -grecord-gc...
    CLINKFLAGS   = -O3 -fopenmp -mcmodel=medium -g -fno-omit-f...
    RAND         = randdp


----------------------------------------------------------------------
    NPB-CPP is developed by: 
        Dalvan Griebler
        Gabriell Araujo (Sequential Porting)
        Júnior Löff (Parallel Implementation)

    In case of questions or problems, please send an e-mail to us:
        dalvan.griebler; gabriell.araujo; junior.loff@edu.pucrs.br
----------------------------------------------------------------------


* [MAQAO] Info: Dumping samples (host platy-MS-7C02, process 21899)
* [MAQAO] Info: Dumping source info for callchain nodes (host platy-MS-7C02, process 21899)
* [MAQAO] Info: Building/writing metadata (host platy-MS-7C02)
* [MAQAO] Info: Finished collect step (host platy-MS-7C02, process 21899)


Your experiment path is /home/platy/Desktop/NPB-CG-CPP/NPB-OMP/ov_cgC_R1_6T/tools/lprof_run_0

To display your profiling results:
#################################################################################################################################
#    LEVEL    |     REPORT     |                                            COMMAND                                             #
#################################################################################################################################
#  Functions  |  Cluster-wide  |  maqao lprof -df xp=/home/platy/Desktop/NPB-CG-CPP/NPB-OMP/ov_cgC_R1_6T/tools/lprof_run_0      #
#  Functions  |  Per-node      |  maqao lprof -df -dn xp=/home/platy/Desktop/NPB-CG-CPP/NPB-OMP/ov_cgC_R1_6T/tools/lprof_run_0  #
#  Functions  |  Per-process   |  maqao lprof -df -dp xp=/home/platy/Desktop/NPB-CG-CPP/NPB-OMP/ov_cgC_R1_6T/tools/lprof_run_0  #
#  Functions  |  Per-thread    |  maqao lprof -df -dt xp=/home/platy/Desktop/NPB-CG-CPP/NPB-OMP/ov_cgC_R1_6T/tools/lprof_run_0  #
#  Loops      |  Cluster-wide  |  maqao lprof -dl xp=/home/platy/Desktop/NPB-CG-CPP/NPB-OMP/ov_cgC_R1_6T/tools/lprof_run_0      #
#  Loops      |  Per-node      |  maqao lprof -dl -dn xp=/home/platy/Desktop/NPB-CG-CPP/NPB-OMP/ov_cgC_R1_6T/tools/lprof_run_0  #
#  Loops      |  Per-process   |  maqao lprof -dl -dp xp=/home/platy/Desktop/NPB-CG-CPP/NPB-OMP/ov_cgC_R1_6T/tools/lprof_run_0  #
#  Loops      |  Per-thread    |  maqao lprof -dl -dt xp=/home/platy/Desktop/NPB-CG-CPP/NPB-OMP/ov_cgC_R1_6T/tools/lprof_run_0  #
#################################################################################################################################

