[LPROF] OMP_WAIT_POLICY=active: disabling OMP rank reading


 NAS Parallel Benchmarks 4.1 Parallel C++ version with OpenMP - CG Benchmark

 Size:      150000
 Iterations:    75
 Initialization time =           4.120 seconds

   iteration           ||r||                 zeta
        1       1.50926439189972e-13 1.0999944232374e+02
        2       4.47094899090069e-16 2.7392043714652e+01
        3       4.44521251190797e-16 2.8033976184027e+01
        4       4.44856224019069e-16 2.8419150755129e+01
        5       4.43026075618243e-16 2.8647167003889e+01
        6       4.42986353488273e-16 2.8781296941841e+01
        7       4.44131480076360e-16 2.8860045853735e+01
        8       4.43992971847236e-16 2.8906314557269e+01
        9       4.44633647344870e-16 2.8933564921462e+01
       10       4.44804063010073e-16 2.8949669544900e+01
       11       4.45800894752938e-16 2.8959226335375e+01
       12       4.43774958627543e-16 2.8964923348489e+01
       13       4.43776581046654e-16 2.8968335924893e+01
       14       4.43926675512282e-16 2.8970390396000e+01
       15       4.42922110927502e-16 2.8971633622837e+01
       16       4.43351047389685e-16 2.8972389860085e+01
       17       4.42768184778900e-16 2.8972852269223e+01
       18       4.41885899552945e-16 2.8973136479777e+01
       19       4.43190773677101e-16 2.8973312056929e+01
       20       4.39097750499309e-16 2.8973421066375e+01
       21       4.38016303979051e-16 2.8973489076055e+01
       22       4.40638466422572e-16 2.8973531706488e+01
       23       4.38822726183545e-16 2.8973558549725e+01
       24       4.39200822235394e-16 2.8973575525664e+01
       25       4.39580555219738e-16 2.8973586305938e+01
       26       4.40734523418711e-16 2.8973593178737e+01
       27       4.41647308779771e-16 2.8973597576737e+01
       28       4.39173054972450e-16 2.8973600400999e+01
       29       4.40262914981469e-16 2.8973602220677e+01
       30       4.38577958715076e-16 2.8973603396763e+01
       31       4.40378445825969e-16 2.8973604159115e+01
       32       4.40247024125985e-16 2.8973604654641e+01
       33       4.36612741319942e-16 2.8973604977562e+01
       34       4.35691419338142e-16 2.8973605188510e+01
       35       4.37200761914480e-16 2.8973605326625e+01
       36       4.35834967940016e-16 2.8973605417245e+01
       37       4.35526809552983e-16 2.8973605476823e+01
       38       4.36622323293989e-16 2.8973605516064e+01
       39       4.35135136773402e-16 2.8973605541957e+01
       40       4.33663423152720e-16 2.8973605559070e+01
       41       4.34079198125671e-16 2.8973605570398e+01
       42       4.35577461256368e-16 2.8973605577908e+01
       43       4.36237080668253e-16 2.8973605582893e+01
       44       4.33002908383017e-16 2.8973605586207e+01
       45       4.33341190105703e-16 2.8973605588413e+01
       46       4.33111868104964e-16 2.8973605589882e+01
       47       4.34122721411834e-16 2.8973605590863e+01
       48       4.32572568806182e-16 2.8973605591518e+01
       49       4.31468307711628e-16 2.8973605591955e+01
       50       4.31953461745868e-16 2.8973605592248e+01
       51       4.30568456242266e-16 2.8973605592445e+01
       52       4.32402026236514e-16 2.8973605592576e+01
       53       4.30093541940857e-16 2.8973605592664e+01
       54       4.32718811683903e-16 2.8973605592724e+01
       55       4.29512584219928e-16 2.8973605592763e+01
       56       4.30508616000497e-16 2.8973605592790e+01
       57       4.31332498594657e-16 2.8973605592808e+01
       58       4.28994285728759e-16 2.8973605592820e+01
       59       4.31678799225863e-16 2.8973605592828e+01
       60       4.30951121954325e-16 2.8973605592834e+01
       61       4.30942654999276e-16 2.8973605592838e+01
       62       4.27727131203510e-16 2.8973605592840e+01
       63       4.29152784180522e-16 2.8973605592842e+01
       64       4.27263177744247e-16 2.8973605592843e+01
       65       4.25378425321622e-16 2.8973605592844e+01
       66       4.27614855392727e-16 2.8973605592844e+01
       67       4.26081724650986e-16 2.8973605592845e+01
       68       4.26560178935192e-16 2.8973605592845e+01
       69       4.25473270471430e-16 2.8973605592845e+01
       70       4.25909311825153e-16 2.8973605592845e+01
       71       4.27233435177496e-16 2.8973605592845e+01
       72       4.27321821959838e-16 2.8973605592845e+01
       73       4.26700895458344e-16 2.8973605592845e+01
       74       4.24879217992676e-16 2.8973605592845e+01
       75       4.23706756934128e-16 2.8973605592845e+01
 Benchmark completed
 VERIFICATION SUCCESSFUL
 Zeta is     2.8973605592845e+01
 Error is    1.1894040102788e-14


 CG Benchmark Completed
 class_npb       =                        C
 Size            =                   150000
 Total threads   =                        6
 Iterations      =                       75
 Time in seconds =                    30.58
 Mop/s total     =                  4687.54
 Operation type  =           floating point
 Verification    =               SUCCESSFUL
 Version         =                      4.1
 Compile date    =              26 Feb 2026
 Compiler ver    =                   13.3.0
 OpenMP version  =                   201511

 Compile options:
    CC           = g++ -std=c++14
    CLINK        = $(CC)
    C_LIB        = -lm
    C_INC        = -I../common 
    CFLAGS       = -O3 -fopenmp -mcmodel=medium -g -grecord-gc...
    CLINKFLAGS   = -O3 -fopenmp -mcmodel=medium -g -fno-omit-f...
    RAND         = randdp


----------------------------------------------------------------------
    NPB-CPP is developed by: 
        Dalvan Griebler
        Gabriell Araujo (Sequential Porting)
        Júnior Löff (Parallel Implementation)

    In case of questions or problems, please send an e-mail to us:
        dalvan.griebler; gabriell.araujo; junior.loff@edu.pucrs.br
----------------------------------------------------------------------


* [MAQAO] Info: Dumping samples (host platy-MS-7C02, process 22029)
* [MAQAO] Info: Dumping source info for callchain nodes (host platy-MS-7C02, process 22029)
* [MAQAO] Info: Building/writing metadata (host platy-MS-7C02)
* [MAQAO] Info: Finished collect step (host platy-MS-7C02, process 22029)


Your experiment path is /home/platy/Desktop/NPB-CG-CPP/NPB-OMP/ov_cgC_S1_6T/tools/lprof_run_0

To display your profiling results:
#################################################################################################################################
#    LEVEL    |     REPORT     |                                            COMMAND                                             #
#################################################################################################################################
#  Functions  |  Cluster-wide  |  maqao lprof -df xp=/home/platy/Desktop/NPB-CG-CPP/NPB-OMP/ov_cgC_S1_6T/tools/lprof_run_0      #
#  Functions  |  Per-node      |  maqao lprof -df -dn xp=/home/platy/Desktop/NPB-CG-CPP/NPB-OMP/ov_cgC_S1_6T/tools/lprof_run_0  #
#  Functions  |  Per-process   |  maqao lprof -df -dp xp=/home/platy/Desktop/NPB-CG-CPP/NPB-OMP/ov_cgC_S1_6T/tools/lprof_run_0  #
#  Functions  |  Per-thread    |  maqao lprof -df -dt xp=/home/platy/Desktop/NPB-CG-CPP/NPB-OMP/ov_cgC_S1_6T/tools/lprof_run_0  #
#  Loops      |  Cluster-wide  |  maqao lprof -dl xp=/home/platy/Desktop/NPB-CG-CPP/NPB-OMP/ov_cgC_S1_6T/tools/lprof_run_0      #
#  Loops      |  Per-node      |  maqao lprof -dl -dn xp=/home/platy/Desktop/NPB-CG-CPP/NPB-OMP/ov_cgC_S1_6T/tools/lprof_run_0  #
#  Loops      |  Per-process   |  maqao lprof -dl -dp xp=/home/platy/Desktop/NPB-CG-CPP/NPB-OMP/ov_cgC_S1_6T/tools/lprof_run_0  #
#  Loops      |  Per-thread    |  maqao lprof -dl -dt xp=/home/platy/Desktop/NPB-CG-CPP/NPB-OMP/ov_cgC_S1_6T/tools/lprof_run_0  #
#################################################################################################################################

