

 NAS Parallel Benchmarks 4.1 Parallel C++ version with OpenMP - CG Benchmark

 Size:      150000
 Iterations:    75
 Initialization time =           8.971 seconds

   iteration           ||r||                 zeta
        1       1.56907470891271e-13 1.0999944232374e+02
        2       4.50774287327826e-16 2.7392043714652e+01
        3       4.48586680264864e-16 2.8033976184027e+01
        4       4.48649252001212e-16 2.8419150755129e+01
        5       4.48593532662372e-16 2.8647167003889e+01
        6       4.48514992408412e-16 2.8781296941841e+01
        7       4.49235006431702e-16 2.8860045853735e+01
        8       4.50639229433846e-16 2.8906314557269e+01
        9       4.48978215998181e-16 2.8933564921462e+01
       10       4.50516048808971e-16 2.8949669544900e+01
       11       4.49853488977338e-16 2.8959226335375e+01
       12       4.50400334722283e-16 2.8964923348489e+01
       13       4.49532236492343e-16 2.8968335924893e+01
       14       4.50268011914924e-16 2.8970390396000e+01
       15       4.48727627132884e-16 2.8971633622837e+01
       16       4.49694898882898e-16 2.8972389860085e+01
       17       4.48054502952266e-16 2.8972852269223e+01
       18       4.46858833077807e-16 2.8973136479778e+01
       19       4.47160336311832e-16 2.8973312056929e+01
       20       4.45509571622500e-16 2.8973421066375e+01
       21       4.48395872492439e-16 2.8973489076055e+01
       22       4.48272458924335e-16 2.8973531706488e+01
       23       4.47278247016662e-16 2.8973558549725e+01
       24       4.45788265055646e-16 2.8973575525665e+01
       25       4.46257820808465e-16 2.8973586305938e+01
       26       4.45510649299443e-16 2.8973593178737e+01
       27       4.44375046075016e-16 2.8973597576737e+01
       28       4.45189747535067e-16 2.8973600400999e+01
       29       4.45236490672725e-16 2.8973602220677e+01
       30       4.46771122842238e-16 2.8973603396763e+01
       31       4.48168158852684e-16 2.8973604159115e+01
       32       4.44279419002069e-16 2.8973604654641e+01
       33       4.42179166467319e-16 2.8973604977562e+01
       34       4.42245811984583e-16 2.8973605188510e+01
       35       4.44392621102154e-16 2.8973605326625e+01
       36       4.42854098996135e-16 2.8973605417245e+01
       37       4.41756848862293e-16 2.8973605476823e+01
       38       4.41784628341444e-16 2.8973605516064e+01
       39       4.42258072722221e-16 2.8973605541957e+01
       40       4.41182109876251e-16 2.8973605559070e+01
       41       4.41579621261878e-16 2.8973605570398e+01
       42       4.42531601213997e-16 2.8973605577908e+01
       43       4.42438017526999e-16 2.8973605582893e+01
       44       4.43067391013929e-16 2.8973605586207e+01
       45       4.41314979471265e-16 2.8973605588413e+01
       46       4.40869044375770e-16 2.8973605589883e+01
       47       4.40590770240770e-16 2.8973605590863e+01
       48       4.39873491822314e-16 2.8973605591518e+01
       49       4.39110884665674e-16 2.8973605591956e+01
       50       4.37596763404993e-16 2.8973605592248e+01
       51       4.37179398964182e-16 2.8973605592445e+01
       52       4.37574121928149e-16 2.8973605592576e+01
       53       4.40134556043808e-16 2.8973605592664e+01
       54       4.39465321163870e-16 2.8973605592724e+01
       55       4.38579973078604e-16 2.8973605592764e+01
       56       4.35247912621306e-16 2.8973605592790e+01
       57       4.37231690760035e-16 2.8973605592808e+01
       58       4.38002924805425e-16 2.8973605592820e+01
       59       4.37392430576005e-16 2.8973605592828e+01
       60       4.35480702837993e-16 2.8973605592834e+01
       61       4.36100446108699e-16 2.8973605592838e+01
       62       4.32699673295146e-16 2.8973605592840e+01
       63       4.34933286827635e-16 2.8973605592842e+01
       64       4.31884721907487e-16 2.8973605592843e+01
       65       4.30815738141035e-16 2.8973605592844e+01
       66       4.36285803462773e-16 2.8973605592845e+01
       67       4.32391848650609e-16 2.8973605592845e+01
       68       4.32817515791368e-16 2.8973605592845e+01
       69       4.32624838347623e-16 2.8973605592845e+01
       70       4.32790759834777e-16 2.8973605592845e+01
       71       4.34829879354183e-16 2.8973605592845e+01
       72       4.31862196055118e-16 2.8973605592845e+01
       73       4.32511074484861e-16 2.8973605592845e+01
       74       4.32499552403609e-16 2.8973605592845e+01
       75       4.33069450259504e-16 2.8973605592845e+01
 Benchmark completed
 VERIFICATION SUCCESSFUL
 Zeta is     2.8973605592845e+01
 Error is    1.4346419505424e-14


 CG Benchmark Completed
 class_npb       =                        C
 Size            =                   150000
 Total threads   =                        6
 Iterations      =                       75
 Time in seconds =                    31.94
 Mop/s total     =                  4487.51
 Operation type  =           floating point
 Verification    =               SUCCESSFUL
 Version         =                      4.1
 Compile date    =              24 Feb 2026
 Compiler ver    =                   13.3.0
 OpenMP version  =                   201511

 Compile options:
    CC           = g++ -std=c++14
    CLINK        = $(CC)
    C_LIB        = -lm
    C_INC        = -I../common 
    CFLAGS       = -O3 -fopenmp -mcmodel=medium -g -grecord-gc...
    CLINKFLAGS   = -O3 -fopenmp -mcmodel=medium -g -fno-omit-f...
    RAND         = randdp


----------------------------------------------------------------------
    NPB-CPP is developed by: 
        Dalvan Griebler
        Gabriell Araujo (Sequential Porting)
        Júnior Löff (Parallel Implementation)

    In case of questions or problems, please send an e-mail to us:
        dalvan.griebler; gabriell.araujo; junior.loff@edu.pucrs.br
----------------------------------------------------------------------


* [MAQAO] Info: Dumping samples (host platy-MS-7C02, process 21745)
* [MAQAO] Info: Dumping source info for callchain nodes (host platy-MS-7C02, process 21745)
* [MAQAO] Info: Building/writing metadata (host platy-MS-7C02)
* [MAQAO] Info: Finished collect step (host platy-MS-7C02, process 21745)


Your experiment path is /home/platy/Desktop/NPB-CG-CPP/NPB-OMP/ov_cgC_R1_6T/tools/lprof_run_0

To display your profiling results:
#################################################################################################################################
#    LEVEL    |     REPORT     |                                            COMMAND                                             #
#################################################################################################################################
#  Functions  |  Cluster-wide  |  maqao lprof -df xp=/home/platy/Desktop/NPB-CG-CPP/NPB-OMP/ov_cgC_R1_6T/tools/lprof_run_0      #
#  Functions  |  Per-node      |  maqao lprof -df -dn xp=/home/platy/Desktop/NPB-CG-CPP/NPB-OMP/ov_cgC_R1_6T/tools/lprof_run_0  #
#  Functions  |  Per-process   |  maqao lprof -df -dp xp=/home/platy/Desktop/NPB-CG-CPP/NPB-OMP/ov_cgC_R1_6T/tools/lprof_run_0  #
#  Functions  |  Per-thread    |  maqao lprof -df -dt xp=/home/platy/Desktop/NPB-CG-CPP/NPB-OMP/ov_cgC_R1_6T/tools/lprof_run_0  #
#  Loops      |  Cluster-wide  |  maqao lprof -dl xp=/home/platy/Desktop/NPB-CG-CPP/NPB-OMP/ov_cgC_R1_6T/tools/lprof_run_0      #
#  Loops      |  Per-node      |  maqao lprof -dl -dn xp=/home/platy/Desktop/NPB-CG-CPP/NPB-OMP/ov_cgC_R1_6T/tools/lprof_run_0  #
#  Loops      |  Per-process   |  maqao lprof -dl -dp xp=/home/platy/Desktop/NPB-CG-CPP/NPB-OMP/ov_cgC_R1_6T/tools/lprof_run_0  #
#  Loops      |  Per-thread    |  maqao lprof -dl -dt xp=/home/platy/Desktop/NPB-CG-CPP/NPB-OMP/ov_cgC_R1_6T/tools/lprof_run_0  #
#################################################################################################################################

