[LPROF] OMP_WAIT_POLICY=active: disabling OMP rank reading


 NAS Parallel Benchmarks 4.1 Parallel C++ version with OpenMP - CG Benchmark

 Size:      150000
 Iterations:    75
 Initialization time =           4.306 seconds

   iteration           ||r||                 zeta
        1       1.50779895403920e-13 1.0999944232374e+02
        2       4.47562228771664e-16 2.7392043714652e+01
        3       4.42609359900259e-16 2.8033976184027e+01
        4       4.45105756468349e-16 2.8419150755129e+01
        5       4.43102100264653e-16 2.8647167003890e+01
        6       4.42820673531778e-16 2.8781296941841e+01
        7       4.43110974041666e-16 2.8860045853735e+01
        8       4.44064264690907e-16 2.8906314557269e+01
        9       4.44908444965316e-16 2.8933564921461e+01
       10       4.43920578572228e-16 2.8949669544900e+01
       11       4.45272939026887e-16 2.8959226335375e+01
       12       4.44178880410207e-16 2.8964923348489e+01
       13       4.43222001439930e-16 2.8968335924893e+01
       14       4.43718684329758e-16 2.8970390396000e+01
       15       4.44796119076110e-16 2.8971633622837e+01
       16       4.43557552136807e-16 2.8972389860085e+01
       17       4.44949783714744e-16 2.8972852269223e+01
       18       4.42795605473851e-16 2.8973136479778e+01
       19       4.42490594424685e-16 2.8973312056929e+01
       20       4.39599952242477e-16 2.8973421066375e+01
       21       4.38892894494338e-16 2.8973489076055e+01
       22       4.40827547944925e-16 2.8973531706488e+01
       23       4.38659097999434e-16 2.8973558549725e+01
       24       4.39283937885108e-16 2.8973575525665e+01
       25       4.39605002748488e-16 2.8973586305938e+01
       26       4.40850267308025e-16 2.8973593178737e+01
       27       4.40463967162905e-16 2.8973597576737e+01
       28       4.38414874295627e-16 2.8973600400999e+01
       29       4.40863720885406e-16 2.8973602220677e+01
       30       4.39386339756082e-16 2.8973603396763e+01
       31       4.37008862086714e-16 2.8973604159115e+01
       32       4.39361681072960e-16 2.8973604654641e+01
       33       4.36771671927847e-16 2.8973604977562e+01
       34       4.35420867833659e-16 2.8973605188510e+01
       35       4.38092029963962e-16 2.8973605326625e+01
       36       4.35715596097256e-16 2.8973605417245e+01
       37       4.35903278668238e-16 2.8973605476822e+01
       38       4.37118430883414e-16 2.8973605516064e+01
       39       4.35111772853778e-16 2.8973605541957e+01
       40       4.34472414669559e-16 2.8973605559070e+01
       41       4.34086705194845e-16 2.8973605570398e+01
       42       4.35730565522945e-16 2.8973605577908e+01
       43       4.35776536216852e-16 2.8973605582893e+01
       44       4.32697295369324e-16 2.8973605586207e+01
       45       4.34325478364995e-16 2.8973605588413e+01
       46       4.33190374688878e-16 2.8973605589882e+01
       47       4.34157710858063e-16 2.8973605590863e+01
       48       4.33215428736842e-16 2.8973605591518e+01
       49       4.30895427767856e-16 2.8973605591955e+01
       50       4.32532786055623e-16 2.8973605592248e+01
       51       4.29491866923569e-16 2.8973605592444e+01
       52       4.31082545987624e-16 2.8973605592576e+01
       53       4.29439636906374e-16 2.8973605592664e+01
       54       4.32599027468502e-16 2.8973605592724e+01
       55       4.29864547728033e-16 2.8973605592764e+01
       56       4.29899261682308e-16 2.8973605592790e+01
       57       4.32290651043966e-16 2.8973605592808e+01
       58       4.29582951249609e-16 2.8973605592820e+01
       59       4.31965333449862e-16 2.8973605592828e+01
       60       4.30921080687923e-16 2.8973605592834e+01
       61       4.30112142936466e-16 2.8973605592838e+01
       62       4.27637479559780e-16 2.8973605592840e+01
       63       4.28987818148614e-16 2.8973605592842e+01
       64       4.27796351046765e-16 2.8973605592843e+01
       65       4.24994273661372e-16 2.8973605592844e+01
       66       4.27339964230174e-16 2.8973605592844e+01
       67       4.26456120217240e-16 2.8973605592845e+01
       68       4.26706810583690e-16 2.8973605592845e+01
       69       4.25683593047359e-16 2.8973605592845e+01
       70       4.25441004148683e-16 2.8973605592845e+01
       71       4.26768710882195e-16 2.8973605592845e+01
       72       4.25398398251131e-16 2.8973605592845e+01
       73       4.26396379132694e-16 2.8973605592846e+01
       74       4.24110313711094e-16 2.8973605592845e+01
       75       4.24455318341338e-16 2.8973605592846e+01
 Benchmark completed
 VERIFICATION SUCCESSFUL
 Zeta is     2.8973605592846e+01
 Error is    2.0722605952279e-14


 CG Benchmark Completed
 class_npb       =                        C
 Size            =                   150000
 Total threads   =                        3
 Iterations      =                       75
 Time in seconds =                    43.82
 Mop/s total     =                  3271.62
 Operation type  =           floating point
 Verification    =               SUCCESSFUL
 Version         =                      4.1
 Compile date    =              27 Feb 2026
 Compiler ver    =                   13.3.0
 OpenMP version  =                   201511

 Compile options:
    CC           = g++ -std=c++14
    CLINK        = $(CC)
    C_LIB        = -lm
    C_INC        = -I../common 
    CFLAGS       = -O3 -fopenmp -fopenmp-simd -mcmodel=medium ...
    CLINKFLAGS   = -O3 -fopenmp -fopenmp-simd -mcmodel=medium ...
    RAND         = randdp


----------------------------------------------------------------------
    NPB-CPP is developed by: 
        Dalvan Griebler
        Gabriell Araujo (Sequential Porting)
        Júnior Löff (Parallel Implementation)

    In case of questions or problems, please send an e-mail to us:
        dalvan.griebler; gabriell.araujo; junior.loff@edu.pucrs.br
----------------------------------------------------------------------


* [MAQAO] Info: Dumping samples (host platy-MS-7C02, process 56763)
* [MAQAO] Info: Dumping source info for callchain nodes (host platy-MS-7C02, process 56763)
* [MAQAO] Info: Building/writing metadata (host platy-MS-7C02)
* [MAQAO] Info: Finished collect step (host platy-MS-7C02, process 56763)


Your experiment path is /home/platy/Desktop/NPB-CG-CPP/NPB-OMP/ov_cgC_WS/tools/lprof_run_2

To display your profiling results:
##############################################################################################################################
#    LEVEL    |     REPORT     |                                           COMMAND                                           #
##############################################################################################################################
#  Functions  |  Cluster-wide  |  maqao lprof -df xp=/home/platy/Desktop/NPB-CG-CPP/NPB-OMP/ov_cgC_WS/tools/lprof_run_2      #
#  Functions  |  Per-node      |  maqao lprof -df -dn xp=/home/platy/Desktop/NPB-CG-CPP/NPB-OMP/ov_cgC_WS/tools/lprof_run_2  #
#  Functions  |  Per-process   |  maqao lprof -df -dp xp=/home/platy/Desktop/NPB-CG-CPP/NPB-OMP/ov_cgC_WS/tools/lprof_run_2  #
#  Functions  |  Per-thread    |  maqao lprof -df -dt xp=/home/platy/Desktop/NPB-CG-CPP/NPB-OMP/ov_cgC_WS/tools/lprof_run_2  #
#  Loops      |  Cluster-wide  |  maqao lprof -dl xp=/home/platy/Desktop/NPB-CG-CPP/NPB-OMP/ov_cgC_WS/tools/lprof_run_2      #
#  Loops      |  Per-node      |  maqao lprof -dl -dn xp=/home/platy/Desktop/NPB-CG-CPP/NPB-OMP/ov_cgC_WS/tools/lprof_run_2  #
#  Loops      |  Per-process   |  maqao lprof -dl -dp xp=/home/platy/Desktop/NPB-CG-CPP/NPB-OMP/ov_cgC_WS/tools/lprof_run_2  #
#  Loops      |  Per-thread    |  maqao lprof -dl -dt xp=/home/platy/Desktop/NPB-CG-CPP/NPB-OMP/ov_cgC_WS/tools/lprof_run_2  #
##############################################################################################################################

